Log file open, 04/11/19 14:09:50
LogWindows: Failed to load 'aqProf.dll' (GetLastError=126)
LogWindows: File 'aqProf.dll' does not exist
LogWindows: Failed to load 'VSPerf140.dll' (GetLastError=126)
LogWindows: File 'VSPerf140.dll' does not exist
LogWindows: Failed to load 'VtuneApi.dll' (GetLastError=126)
LogWindows: File 'VtuneApi.dll' does not exist
LogWindows: Failed to load 'VtuneApi32e.dll' (GetLastError=126)
LogWindows: File 'VtuneApi32e.dll' does not exist
LogInit: Display: Running engine for game: TheGame
LogPlatformFile: Not using cached read wrapper
LogTaskGraph: Started task graph with 5 named threads and 23 total threads with 3 sets of task threads.
LogStats: Stats thread started at 0.258938
LogD3D11RHI: Loaded GFSDK_Aftermath_Lib.x64.dll
LogICUInternationalization: Display: ICU TimeZone Detection - Raw Offset: +0:00, Platform Override: ''
LogPluginManager: Mounting plugin Paper2D
LogPluginManager: Mounting plugin AISupport
LogPluginManager: Mounting plugin LightPropagationVolume
LogPluginManager: Mounting plugin CLionSourceCodeAccess
LogPluginManager: Mounting plugin CodeLiteSourceCodeAccess
LogPluginManager: Mounting plugin GitSourceControl
LogPluginManager: Mounting plugin KDevelopSourceCodeAccess
LogPluginManager: Mounting plugin NullSourceCodeAccess
LogPluginManager: Mounting plugin PerforceSourceControl
LogPluginManager: Mounting plugin SubversionSourceControl
LogPluginManager: Mounting plugin UObjectPlugin
LogPluginManager: Mounting plugin VisualStudioCodeSourceCodeAccess
LogPluginManager: Mounting plugin VisualStudioSourceCodeAccess
LogPluginManager: Mounting plugin XCodeSourceCodeAccess
LogPluginManager: Mounting plugin AssetManagerEditor
LogPluginManager: Mounting plugin CryptoKeys
LogPluginManager: Mounting plugin DataValidation
LogPluginManager: Mounting plugin FacialAnimation
LogPluginManager: Mounting plugin GameplayTagsEditor
LogPluginManager: Mounting plugin MacGraphicsSwitching
LogPluginManager: Mounting plugin MeshEditor
LogPluginManager: Mounting plugin MobileLauncherProfileWizard
LogPluginManager: Mounting plugin PluginBrowser
LogPluginManager: Mounting plugin SpeedTreeImporter
LogPluginManager: Mounting plugin DatasmithContent
LogPluginManager: Mounting plugin AlembicImporter
LogPluginManager: Mounting plugin AppleImageUtils
LogPluginManager: Mounting plugin AppleVision
LogPluginManager: Mounting plugin BackChannel
LogPluginManager: Mounting plugin CharacterAI
LogPluginManager: Mounting plugin GeometryCache
LogPluginManager: Mounting plugin HTML5Networking
LogPluginManager: Mounting plugin ProxyLODPlugin
LogPluginManager: Mounting plugin MagicLeap
LogPluginManager: Mounting plugin MagicLeapEmulator
LogPluginManager: Mounting plugin MagicLeapMedia
LogPluginManager: Mounting plugin AndroidMedia
LogPluginManager: Mounting plugin AvfMedia
LogPluginManager: Mounting plugin ImgMedia
LogPluginManager: Mounting plugin LinearTimecode
LogPluginManager: Mounting plugin MediaCompositing
LogPluginManager: Mounting plugin MediaPlayerEditor
LogPluginManager: Mounting plugin WmfMedia
LogPluginManager: Mounting plugin TcpMessaging
LogPluginManager: Mounting plugin UdpMessaging
LogPluginManager: Mounting plugin ActorSequence
LogPluginManager: Mounting plugin LevelSequenceEditor
LogPluginManager: Mounting plugin MatineeToLevelSequence
LogPluginManager: Mounting plugin NetcodeUnitTest
LogPluginManager: Mounting plugin NUTUnrealEngine4
LogPluginManager: Mounting plugin OnlineSubsystemGooglePlay
LogPluginManager: Mounting plugin OnlineSubsystemIOS
LogPluginManager: Mounting plugin OnlineSubsystem
LogPluginManager: Mounting plugin OnlineSubsystemNull
LogPluginManager: Mounting plugin OnlineSubsystemUtils
LogPluginManager: Mounting plugin LauncherChunkInstaller
LogPluginManager: Mounting plugin AndroidDeviceProfileSelector
LogPluginManager: Mounting plugin AndroidMoviePlayer
LogPluginManager: Mounting plugin AndroidPermission
LogPluginManager: Mounting plugin AppleMoviePlayer
LogPluginManager: Mounting plugin ArchVisCharacter
LogPluginManager: Mounting plugin AudioCapture
LogPluginManager: Mounting plugin CableComponent
LogPluginManager: Mounting plugin CustomMeshComponent
LogPluginManager: Mounting plugin EditableMesh
LogPluginManager: Mounting plugin ExampleDeviceProfileSelector
LogPluginManager: Mounting plugin GoogleCloudMessaging
LogPluginManager: Mounting plugin ImmediatePhysics
LogPluginManager: Mounting plugin IOSDeviceProfileSelector
LogPluginManager: Mounting plugin LinuxDeviceProfileSelector
LogPluginManager: Mounting plugin LocationServicesBPLibrary
LogPluginManager: Mounting plugin MobilePatchingUtils
LogPluginManager: Mounting plugin OculusVR
LogPluginManager: Plugin shader directory ../../../Engine/Plugins/Runtime/Oculus/OculusVR/Shaders found
LogPluginManager: Mapping shader source directory ../../../Engine/Plugins/Runtime/Oculus/OculusVR/Shaders to virtual directory /Plugin/OculusVR
LogPluginManager: Mounting plugin PhysXVehicles
LogPluginManager: Mounting plugin ProceduralMeshComponent
LogPluginManager: Mounting plugin RuntimePhysXCooking
LogPluginManager: Mounting plugin SteamVR
LogPluginManager: Mounting plugin WindowsMoviePlayer
LogStreaming: Display: Took  0.179s to configure plugins.
LogInit: Using libcurl 7.55.1-DEV
LogInit:  - built for x86_64-pc-win32
LogInit:  - supports SSL with OpenSSL/1.0.2h
LogInit:  - supports HTTP deflate (compression) using libz 1.2.8
LogInit:  - other features:
LogInit:      CURL_VERSION_SSL
LogInit:      CURL_VERSION_LIBZ
LogInit:      CURL_VERSION_IPV6
LogInit:      CURL_VERSION_ASYNCHDNS
LogInit:      CURL_VERSION_LARGEFILE
LogInit:      CURL_VERSION_IDN
LogInit:  CurlRequestOptions (configurable via config and command line):
LogInit:  - bVerifyPeer = false  - Libcurl will NOT verify peer certificate
LogInit:  - bUseHttpProxy = false  - Libcurl will NOT use HTTP proxy
LogInit:  - bDontReuseConnections = false  - Libcurl will reuse connections
LogInit:  - CertBundlePath = nullptr  - Libcurl will use whatever was configured at build time.
LogInit:  - MaxHostConnections = 16  - Libcurl will limit the number of connections to a host
LogInit:  - LocalHostAddr = Default
LogInit:  - BufferSize = 65536
LogInit: WinSock: version 1.1 (2.2), MaxSocks=32767, MaxUdp=65467
LogInit: Build: ++UE4+Release-4.20-CL-4369336
LogInit: Engine Version: 4.20.3-4369336+++UE4+Release-4.20
LogInit: Compatible Engine Version: 4.20.0-4212847+++UE4+Release-4.20
LogInit: Net CL: 4212847
LogInit: OS: Windows 7 (Service Pack 1), CPU: Intel(R) Core(TM) i7-4770 CPU @ 3.40GHz, GPU: Intel(R) HD Graphics 4600
LogInit: Compiled (64-bit): Sep 17 2018 12:26:19
LogInit: Compiled with Visual C++: 19.13.26129.00
LogInit: Build Configuration: Development
LogInit: Branch Name: ++UE4+Release-4.20
LogInit: Command Line:  /Game/TopDownCPP/Maps/TheGameMap -game -PIEVIACONSOLE -ResX=1280 -ResY=720  -Multiprocess -messaging -SessionName="Play in Standalone Game" -windowed 
LogInit: Base Directory: C:/Program Files/Epic Games/UE_4.20/Engine/Binaries/Win64/
LogInit: Installed Engine Build: 1
LogDevObjectVersion: Number of dev versions registered: 20
LogDevObjectVersion:   Dev-Blueprints (B0D832E4-1F89-4F0D-ACCF-7EB736FD4AA2): 10
LogDevObjectVersion:   Dev-Build (E1C64328-A22C-4D53-A36C-8E866417BD8C): 0
LogDevObjectVersion:   Dev-Core (375EC13C-06E4-48FB-B500-84F0262A717E): 2
LogDevObjectVersion:   Dev-Editor (E4B068ED-F494-42E9-A231-DA0B2E46BB41): 24
LogDevObjectVersion:   Dev-Framework (CFFC743F-43B0-4480-9391-14DF171D2073): 34
LogDevObjectVersion:   Dev-Mobile (B02B49B5-BB20-44E9-A304-32B752E40360): 2
LogDevObjectVersion:   Dev-Networking (A4E4105C-59A1-49B5-A7C5-40C4547EDFEE): 0
LogDevObjectVersion:   Dev-Online (39C831C9-5AE6-47DC-9A44-9C173E1C8E7C): 0
LogDevObjectVersion:   Dev-Physics (78F01B33-EBEA-4F98-B9B4-84EACCB95AA2): 0
LogDevObjectVersion:   Dev-Platform (6631380F-2D4D-43E0-8009-CF276956A95A): 0
LogDevObjectVersion:   Dev-Rendering (12F88B9F-8875-4AFC-A67C-D90C383ABD29): 26
LogDevObjectVersion:   Dev-Sequencer (7B5AE74C-D270-4C10-A958-57980B212A5A): 9
LogDevObjectVersion:   Dev-VR (D7296918-1DD6-4BDD-9DE2-64A83CC13884): 2
LogDevObjectVersion:   Dev-LoadTimes (C2A15278-BFE7-4AFE-6C17-90FF531DF755): 1
LogDevObjectVersion:   Private-Geometry (6EACA3D4-40EC-4CC1-B786-8BED09428FC5): 3
LogDevObjectVersion:   Dev-AnimPhys (29E575DD-E0A3-4627-9D10-D276232CDCEA): 17
LogDevObjectVersion:   Dev-ReflectionCapture (6B266CEC-1EC7-4B8F-A30B-E4D90942FC07): 1
LogDevObjectVersion:   Dev-Automation (0DF73D61-A23F-47EA-B727-89E90C41499A): 1
LogDevObjectVersion:   FortniteMain (601D1886-AC64-4F84-AA16-D3DE0DEAC7D6): 12
LogDevObjectVersion:   Dev-Enterprise (9DFFBCD6-494F-0158-E221-12823C92A888): 1
LogStreaming: Display: Took  0.001s to delete old logs.
LogInit: Presizing for max 8388607 objects, including 0 objects not considered by GC, pre-allocating 0 bytes for permanent pool.
LogInit: Object subsystem initialized
[2019.04.11-13.09.50:980][  0]LogInit: Selected Device Profile: [Windows]
[2019.04.11-13.09.50:980][  0]LogInit: Applying CVar settings loaded from the selected device profile: [Windows]
[2019.04.11-13.09.50:985][  0]LogHAL: Display: Platform has ~ 16 GB [16963743744 / 17179869184 / 16], which maps to Larger [LargestMinGB=32, LargerMinGB=12, DefaultMinGB=8, SmallerMinGB=6, SmallestMinGB=0)
[2019.04.11-13.09.50:986][  0]LogInit: Setting Device Profile CVar: [[r.Vulkan.UseRealUBs:1]]
[2019.04.11-13.09.50:986][  0]LogInit: Going up to parent DeviceProfile []
[2019.04.11-13.09.50:986][  0]LogInit: Computer: MI034-AA
[2019.04.11-13.09.50:986][  0]LogInit: User: 1603188
[2019.04.11-13.09.50:986][  0]LogInit: CPU Page size=4096, Cores=4
[2019.04.11-13.09.50:986][  0]LogInit: High frequency timer resolution =3.312714 MHz
[2019.04.11-13.09.50:986][  0]LogMemory: Memory total: Physical=15.8GB (16GB approx)
[2019.04.11-13.09.50:986][  0]LogMemory: Platform Memory Stats for Windows
[2019.04.11-13.09.50:986][  0]LogMemory: Process Physical Memory: 103.45 MB used, 103.45 MB peak
[2019.04.11-13.09.50:986][  0]LogMemory: Process Virtual Memory: 93.84 MB used, 93.84 MB peak
[2019.04.11-13.09.50:986][  0]LogMemory: Physical Memory: 7137.61 MB used,  9040.28 MB free, 16177.89 MB total
[2019.04.11-13.09.50:986][  0]LogMemory: Virtual Memory: 503.15 MB used,  9040.28 MB free, 8388608.00 MB total
[2019.04.11-13.09.51:024][  0]LogInit: Using OS detected language (en-GB).
[2019.04.11-13.09.51:024][  0]LogInit: Using OS detected locale (en-GB).
[2019.04.11-13.09.51:024][  0]LogTextLocalizationManager: No specific localization for 'en-GB' exists, so the 'en' localization will be used.
[2019.04.11-13.09.51:476][  0]LogStreaming: Display: Took  0.453s to InitEngineTextLocalization.
[2019.04.11-13.09.51:504][  0]LogSlate: New Slate User Created.  User Index 0, Is Virtual User: 0
[2019.04.11-13.09.51:505][  0]LogSlate: Slate User Registered.  User Index 0, Is Virtual User: 0
[2019.04.11-13.09.51:560][  0]LogHMD: Failed to initialize OpenVR with code 110
[2019.04.11-13.09.51:560][  0]LogD3D11RHI: D3D11 adapters:
[2019.04.11-13.09.51:567][  0]LogD3D11RHI:    0. 'Intel(R) HD Graphics 4600' (Feature Level 11_0)
[2019.04.11-13.09.51:567][  0]LogD3D11RHI:       128/0/1632 MB DedicatedVideo/DedicatedSystem/SharedSystem, Outputs:1, VendorId:0x8086
[2019.04.11-13.09.51:567][  0]LogD3D11RHI: Chosen D3D11 Adapter: 0
[2019.04.11-13.09.51:572][  0]LogD3D11RHI: Creating new Direct3DDevice
[2019.04.11-13.09.51:573][  0]LogD3D11RHI:     GPU DeviceId: 0x412 (for the marketing name, search the web for "GPU Device Id")
[2019.04.11-13.09.51:573][  0]LogWindows: EnumDisplayDevices:
[2019.04.11-13.09.51:573][  0]LogWindows:    0. 'Intel(R) HD Graphics 4600' (P:1 D:1)
[2019.04.11-13.09.51:573][  0]LogWindows:    1. 'Intel(R) HD Graphics 4600' (P:0 D:0)
[2019.04.11-13.09.51:573][  0]LogWindows:    2. 'Intel(R) HD Graphics 4600' (P:0 D:0)
[2019.04.11-13.09.51:573][  0]LogWindows:    3. 'RDPDD Chained DD' (P:0 D:0)
[2019.04.11-13.09.51:573][  0]LogWindows:    4. 'RDP Encoder Mirror Driver' (P:0 D:0)
[2019.04.11-13.09.51:573][  0]LogWindows:    5. 'RDP Reflector Display Driver' (P:0 D:0)
[2019.04.11-13.09.51:573][  0]LogWindows:    6. 'PCI GDIHOOK5' (P:0 D:0)
[2019.04.11-13.09.51:574][  0]LogWindows: DebugString: GetVideoDriverDetailsInvalid PrimaryIsNotTheChoosenAdapter GetVideoDriverDetailsInvalid PrimaryIsNotTheChoosenAdapter GetVideoDriverDetailsInvalid PrimaryIsNotTheChoosenAdapter GetVideoDriverDetailsInvalid PrimaryIsNotTheChoosenAdapter FoundDriverCount:3 
[2019.04.11-13.09.51:574][  0]LogD3D11RHI:     Adapter Name: Intel(R) HD Graphics 4600
[2019.04.11-13.09.51:574][  0]LogD3D11RHI:   Driver Version: 9.18.10.3220 (internal:9.18.10.3220, unified:9.18.10.3220)
[2019.04.11-13.09.51:574][  0]LogD3D11RHI:      Driver Date: 6-24-2013
[2019.04.11-13.09.51:574][  0]LogRHI: Texture pool is 660 MB (70% of 944 MB)
[2019.04.11-13.09.51:580][  0]LogD3D11RHI: Async texture creation enabled
[2019.04.11-13.09.51:588][  0]LogD3D11RHI: GPU Timing Frequency: 12.500000 (Debug: 2 0)
[2019.04.11-13.09.51:589][  0]LogShaderCompilers: Guid format shader working directory is 11 characters bigger than the processId version (E:/28.03.19/the-game-player-mechanics/Intermediate/Shaders/WorkingDirectory/6348/).
[2019.04.11-13.09.51:589][  0]LogShaderCompilers: Cleaned the shader compiler working directory 'C:/Users/1603188/AppData/Local/Temp/UnrealShaderWorkingDir/EA6B9D5D426CBC3B671BA29EFC1CD3C3/'.
[2019.04.11-13.09.51:829][  0]LogTemp: Display: Loaded TP WindowsClientTargetPlatform
[2019.04.11-13.09.51:841][  0]LogTemp: Display: Loaded TP WindowsNoEditorTargetPlatform
[2019.04.11-13.09.51:853][  0]LogTemp: Display: Loaded TP WindowsServerTargetPlatform
[2019.04.11-13.09.51:859][  0]LogTemp: Display: Loaded TP WindowsTargetPlatform
[2019.04.11-13.09.51:859][  0]LogTargetPlatformManager: Display: Building Assets For Windows
[2019.04.11-13.09.51:902][  0]LogXGEController: Cannot use XGE Controller as Incredibuild is not installed on this machine.
[2019.04.11-13.09.51:902][  0]LogShaderCompilers: Cannot use XGE Shader Compiler as Incredibuild is not installed on this machine.
[2019.04.11-13.09.51:902][  0]LogShaderCompilers: Display: Using Local Shader Compiler.
[2019.04.11-13.09.52:578][  0]LogDerivedDataCache: Display: Max Cache Size: 512 MB
[2019.04.11-13.09.52:662][  0]LogDerivedDataCache: Loaded boot cache 0.08s 87MB C:/Users/1603188/AppData/Local/UnrealEngine/4.20/DerivedDataCache/Boot.ddc.
[2019.04.11-13.09.52:662][  0]LogDerivedDataCache: Display: Loaded Boot cache: C:/Users/1603188/AppData/Local/UnrealEngine/4.20/DerivedDataCache/Boot.ddc
[2019.04.11-13.09.52:662][  0]LogDerivedDataCache: FDerivedDataBackendGraph:  Pak pak cache file E:/28.03.19/the-game-player-mechanics/DerivedDataCache/DDC.ddp not found, will not use a pak cache.
[2019.04.11-13.09.52:662][  0]LogDerivedDataCache: Unable to find inner node Pak for hierarchical cache Hierarchy.
[2019.04.11-13.09.52:662][  0]LogDerivedDataCache: FDerivedDataBackendGraph:  CompressedPak pak cache file E:/28.03.19/the-game-player-mechanics/DerivedDataCache/Compressed.ddp not found, will not use a pak cache.
[2019.04.11-13.09.52:662][  0]LogDerivedDataCache: Unable to find inner node CompressedPak for hierarchical cache Hierarchy.
[2019.04.11-13.09.52:674][  0]LogDerivedDataCache: Display: Pak cache opened for reading ../../../Engine/DerivedDataCache/Compressed.ddp.
[2019.04.11-13.09.52:685][  0]LogDerivedDataCache: Using Local data cache path C:/Users/1603188/AppData/Local/UnrealEngine/Common/DerivedDataCache: Writable
[2019.04.11-13.09.52:685][  0]LogDerivedDataCache: Shared data cache path not found in *engine.ini, will not use an Shared cache.
[2019.04.11-13.09.52:685][  0]LogDerivedDataCache: Unable to find inner node Shared for hierarchical cache Hierarchy.
[2019.04.11-13.09.52:705][  0]LogMaterial: Verifying Global Shaders for PCD3D_SM5
[2019.04.11-13.09.52:707][  0]LogSlate: Using FreeType 2.6.0
[2019.04.11-13.09.52:707][  0]LogSlate: SlateFontServices - WITH_FREETYPE: 1, WITH_HARFBUZZ: 1
[2019.04.11-13.09.52:751][  0]LogInit: Using OS detected language (en-GB).
[2019.04.11-13.09.52:751][  0]LogInit: Using OS detected locale (en-GB).
[2019.04.11-13.09.52:751][  0]LogTextLocalizationManager: No localization for 'en-GB' exists, so 'en' will be used for the language.
[2019.04.11-13.09.52:751][  0]LogTextLocalizationManager: No localization for 'en-GB' exists, so 'en' will be used for the locale.
[2019.04.11-13.09.53:047][  0]LogStreaming: Display: Took  0.296s to InitGameTextLocalization.
[2019.04.11-13.09.53:054][  0]LogAssetRegistry: FAssetRegistry took 0.0047 seconds to start up
[2019.04.11-13.09.53:234][  0]LogPackageLocalizationCache: Processed 11 localized package path(s) for 1 prioritized culture(s) in 0.011357 seconds
[2019.04.11-13.09.53:326][  0]LogInit: Selected Device Profile: [Windows]
[2019.04.11-13.09.53:447][  0]LogSimplygon: Simplygon DLL not present - disabling.
[2019.04.11-13.09.53:449][  0]LogMeshReduction: Using SimplygonSwarm for distributed automatic mesh merging
[2019.04.11-13.09.53:449][  0]LogMeshReduction: Using ProxyLODMeshReduction for automatic mesh merging
[2019.04.11-13.09.53:449][  0]LogMeshReduction: Using QuadricMeshReduction for automatic static mesh reduction
[2019.04.11-13.09.53:449][  0]LogMeshReduction: No automatic skeletal mesh reduction module available
[2019.04.11-13.09.53:472][  0]LogNetVersion: TheGame 1.0.0, NetCL: 4212847, EngineNetVer: 5, GameNetVer: 0 (Checksum: 2075402516)
[2019.04.11-13.09.54:157][  0]LogMoviePlayer: Initializing movie player
[2019.04.11-13.09.54:400][  0]LogTcpMessaging: Initializing TcpMessaging bridge
[2019.04.11-13.09.54:412][  0]LogUdpMessaging: Initializing bridge on interface 0.0.0.0:0 to multicast group 230.0.0.1:6666.
[2019.04.11-13.09.54:560][  0]SourceControl: Source control is disabled
[2019.04.11-13.09.54:560][  0]SourceControl: Source control is disabled
[2019.04.11-13.09.54:561][  0]SourceControl: Source control is disabled
[2019.04.11-13.09.54:674][  0]LogAndroidPermission: UAndroidPermissionCallbackProxy::GetInstance
[2019.04.11-13.09.54:736][  0]LogOcInput: OculusInput pre-init called
[2019.04.11-13.09.54:744][  0]LogUObjectArray: 43081 objects as part of root set at end of initial load.
[2019.04.11-13.09.54:744][  0]LogUObjectAllocator: 7752232 out of 0 bytes used by permanent object pool.
[2019.04.11-13.09.54:744][  0]LogUObjectArray: CloseDisregardForGC: 0/0 objects in disregard for GC pool
[2019.04.11-13.09.54:795][  0]LogEngine: Initializing Engine...
[2019.04.11-13.09.54:795][  0]LogHMD: Failed to initialize OpenVR with code 110
[2019.04.11-13.09.54:807][  0]LogStats: UGameplayTagsManager::ConstructGameplayTagTree: ImportINI prefixes -  0.000 s
[2019.04.11-13.09.54:807][  0]LogStats: UGameplayTagsManager::ConstructGameplayTagTree: Construct from data asset -  0.000 s
[2019.04.11-13.09.54:807][  0]LogStats: UGameplayTagsManager::ConstructGameplayTagTree: ImportINI -  0.000 s
[2019.04.11-13.09.54:807][  0]LogStats: UGameplayTagsManager::ConstructGameplayTagTree: GameplayTagTreeChangedEvent.Broadcast -  0.000 s
[2019.04.11-13.09.55:021][  0]LogInit: Initializing FReadOnlyCVARCache
[2019.04.11-13.09.55:032][  0]LogInit: XAudio2 using 'Speakers (Realtek High Definition Audio)' : 2 channels at 48 kHz using 32 bits per sample (channel mask 0x3)
[2019.04.11-13.09.55:114][  0]LogInit: FAudioDevice initialized.
[2019.04.11-13.09.55:213][  0]LogNetVersion: Set ProjectVersion to 1.0.0.0. Version Checksum will be recalculated on next use.
[2019.04.11-13.09.55:225][  0]LogInit: Texture streaming: Enabled
[2019.04.11-13.09.55:356][  0]LogSlate: Updating window title bar state: overlay mode, drag disabled, window buttons hidden, title bar hidden
[2019.04.11-13.09.55:356][  0]LogInit: Display: Game Engine Initialized.
[2019.04.11-13.09.55:356][  0]LogGameplayTags: Display: UGameplayTagsManager::DoneAddingNativeTags. DelegateIsBound: 0
[2019.04.11-13.09.55:356][  0]LogStats: UGameplayTagsManager::ConstructGameplayTagTree: ImportINI prefixes -  0.000 s
[2019.04.11-13.09.55:356][  0]LogStats: UGameplayTagsManager::ConstructGameplayTagTree: Construct from data asset -  0.000 s
[2019.04.11-13.09.55:356][  0]LogStats: UGameplayTagsManager::ConstructGameplayTagTree: ImportINI -  0.000 s
[2019.04.11-13.09.55:356][  0]LogStats: UGameplayTagsManager::ConstructGameplayTagTree: GameplayTagTreeChangedEvent.Broadcast -  0.000 s
[2019.04.11-13.09.55:375][  0]LogInit: Display: Starting Game.
[2019.04.11-13.09.55:383][  0]LogNet: Browse: /Game/TopDownCPP/Maps/TheGameMap?Name=Player
[2019.04.11-13.09.55:391][  0]LogLoad: LoadMap: /Game/TopDownCPP/Maps/TheGameMap?Name=Player
[2019.04.11-13.09.55:802][  0]LogAIModule: Creating AISystem for world TheGameMap
[2019.04.11-13.09.55:802][  0]LogLoad: Game class is 'WaveGameMode_C'
[2019.04.11-13.09.55:810][  0]LogWorld: Bringing World /Game/TopDownCPP/Maps/TheGameMap.TheGameMap up for play (max tick rate 0) at 2019.04.11-14.09.55
[2019.04.11-13.09.55:810][  0]LogWorld: Bringing up level for play took: 0.006009
[2019.04.11-13.09.55:819][  0]LogLoad: Took 0.428145 seconds to LoadMap(/Game/TopDownCPP/Maps/TheGameMap)
[2019.04.11-13.09.55:963][  0]LogRenderer: Reallocating scene render targets to support 256x256 Format 10 NumSamples 1 (Frame:1).
[2019.04.11-13.09.55:964][  0]LogLoad: (Engine Initialization) Total time: 6.46 seconds
[2019.04.11-13.09.55:964][  0]LogLoad: (Engine Initialization) Total Blueprint compile time: 0.00 seconds
[2019.04.11-13.09.56:416][  0]LogRenderer: Reallocating scene render targets to support 1280x720 Format 10 NumSamples 1 (Frame:1).
[2019.04.11-13.09.57:062][  0]LogContentStreaming: Texture pool size now 1000 MB
[2019.04.11-13.11.23:714][745]LogSlate: FSceneViewport::OnFocusLost() reason 0
[2019.04.11-13.11.24:065][747]LogNet: Browse: /Game/TopDownCPP/Maps/TheGameMap
[2019.04.11-13.11.24:065][747]LogLoad: LoadMap: /Game/TopDownCPP/Maps/TheGameMap
[2019.04.11-13.11.24:991][747]LogAIModule: Creating AISystem for world TheGameMap
[2019.04.11-13.11.24:992][747]LogLoad: Game class is 'WaveGameMode_C'
[2019.04.11-13.11.24:999][747]LogWorld: Bringing World /Game/TopDownCPP/Maps/TheGameMap.TheGameMap up for play (max tick rate 0) at 2019.04.11-14.11.24
[2019.04.11-13.11.24:999][747]LogWorld: Bringing up level for play took: 0.006111
[2019.04.11-13.11.25:003][747]LogLoad: Took 0.937850 seconds to LoadMap(/Game/TopDownCPP/Maps/TheGameMap)
[2019.04.11-13.11.42:098][ 98]LogSlate: FSceneViewport::OnFocusLost() reason 0
[2019.04.11-13.11.42:184][100]LogNet: Browse: /Game/TopDownCPP/Maps/TheGameMap
[2019.04.11-13.11.42:225][100]LogLoad: LoadMap: /Game/TopDownCPP/Maps/TheGameMap
[2019.04.11-13.11.42:588][100]LogAIModule: Creating AISystem for world TheGameMap
[2019.04.11-13.11.42:588][100]LogLoad: Game class is 'WaveGameMode_C'
[2019.04.11-13.11.42:594][100]LogWorld: Bringing World /Game/TopDownCPP/Maps/TheGameMap.TheGameMap up for play (max tick rate 0) at 2019.04.11-14.11.42
[2019.04.11-13.11.42:594][100]LogWorld: Bringing up level for play took: 0.004926
[2019.04.11-13.11.42:597][100]LogLoad: Took 0.372462 seconds to LoadMap(/Game/TopDownCPP/Maps/TheGameMap)
[2019.04.11-13.15.33:373][857]LogSlate: FSceneViewport::OnFocusLost() reason 0
[2019.04.11-13.15.33:484][859]LogNet: Browse: /Game/TopDownCPP/Maps/TheGameMap
[2019.04.11-13.15.33:545][859]LogLoad: LoadMap: /Game/TopDownCPP/Maps/TheGameMap
[2019.04.11-13.15.33:984][859]LogAIModule: Creating AISystem for world TheGameMap
[2019.04.11-13.15.33:985][859]LogLoad: Game class is 'WaveGameMode_C'
[2019.04.11-13.15.33:989][859]LogWorld: Bringing World /Game/TopDownCPP/Maps/TheGameMap.TheGameMap up for play (max tick rate 0) at 2019.04.11-14.15.33
[2019.04.11-13.15.33:990][859]LogWorld: Bringing up level for play took: 0.003749
[2019.04.11-13.15.33:992][859]LogLoad: Took 0.447893 seconds to LoadMap(/Game/TopDownCPP/Maps/TheGameMap)
[2019.04.11-13.16.28:308][907]LogSlate: Window 'TheGame (64-bit Development PCD3D_SM5) ' being destroyed
[2019.04.11-13.16.28:312][907]LogSlate: Updating window title bar state: overlay mode, drag disabled, window buttons hidden, title bar hidden
[2019.04.11-13.16.28:312][907]LogEngine: All Windows Closed
[2019.04.11-13.16.28:312][907]LogWindows: FPlatformMisc::RequestExit(0)
[2019.04.11-13.16.28:797][908]LogExit: Preparing to exit.
[2019.04.11-13.16.28:797][908]LogMoviePlayer: Shutting down movie player
