Log file open, 04/11/19 01:26:50
LogWindows: Failed to load 'aqProf.dll' (GetLastError=126)
LogWindows: File 'aqProf.dll' does not exist
LogWindows: Failed to load 'VtuneApi.dll' (GetLastError=126)
LogWindows: File 'VtuneApi.dll' does not exist
LogWindows: Failed to load 'VtuneApi32e.dll' (GetLastError=126)
LogWindows: File 'VtuneApi32e.dll' does not exist
LogInit: Display: Running engine for game: TheGame
LogPlatformFile: Not using cached read wrapper
LogTaskGraph: Started task graph with 5 named threads and 23 total threads with 3 sets of task threads.
LogStats: Stats thread started at 0.441340
LogD3D12RHI: Loading WinPixEventRuntime.dll for PIX profiling (from ../../../Engine/Binaries/ThirdParty/Windows/DirectX/x64).
LogD3D11RHI: Loaded GFSDK_Aftermath_Lib.x64.dll
LogICUInternationalization: Display: ICU TimeZone Detection - Raw Offset: +0:00, Platform Override: ''
LogPluginManager: Mounting plugin Paper2D
LogPluginManager: Mounting plugin AISupport
LogPluginManager: Mounting plugin LightPropagationVolume
LogPluginManager: Mounting plugin CLionSourceCodeAccess
LogPluginManager: Mounting plugin CodeLiteSourceCodeAccess
LogPluginManager: Mounting plugin GitSourceControl
LogPluginManager: Mounting plugin KDevelopSourceCodeAccess
LogPluginManager: Mounting plugin NullSourceCodeAccess
LogPluginManager: Mounting plugin PerforceSourceControl
LogPluginManager: Mounting plugin SubversionSourceControl
LogPluginManager: Mounting plugin UObjectPlugin
LogPluginManager: Mounting plugin VisualStudioCodeSourceCodeAccess
LogPluginManager: Mounting plugin VisualStudioSourceCodeAccess
LogPluginManager: Mounting plugin XCodeSourceCodeAccess
LogPluginManager: Mounting plugin AssetManagerEditor
LogPluginManager: Mounting plugin CryptoKeys
LogPluginManager: Mounting plugin DataValidation
LogPluginManager: Mounting plugin FacialAnimation
LogPluginManager: Mounting plugin GameplayTagsEditor
LogPluginManager: Mounting plugin MacGraphicsSwitching
LogPluginManager: Mounting plugin MeshEditor
LogPluginManager: Mounting plugin MobileLauncherProfileWizard
LogPluginManager: Mounting plugin PluginBrowser
LogPluginManager: Mounting plugin SpeedTreeImporter
LogPluginManager: Mounting plugin DatasmithContent
LogPluginManager: Mounting plugin AlembicImporter
LogPluginManager: Mounting plugin AppleImageUtils
LogPluginManager: Mounting plugin AppleVision
LogPluginManager: Mounting plugin BackChannel
LogPluginManager: Mounting plugin CharacterAI
LogPluginManager: Mounting plugin GeometryCache
LogPluginManager: Mounting plugin HTML5Networking
LogPluginManager: Mounting plugin ProxyLODPlugin
LogPluginManager: Mounting plugin MagicLeap
LogPluginManager: Mounting plugin MagicLeapEmulator
LogPluginManager: Mounting plugin MagicLeapMedia
LogPluginManager: Mounting plugin AndroidMedia
LogPluginManager: Mounting plugin AvfMedia
LogPluginManager: Mounting plugin ImgMedia
LogPluginManager: Mounting plugin LinearTimecode
LogPluginManager: Mounting plugin MediaCompositing
LogPluginManager: Mounting plugin MediaPlayerEditor
LogPluginManager: Mounting plugin WmfMedia
LogPluginManager: Mounting plugin TcpMessaging
LogPluginManager: Mounting plugin UdpMessaging
LogPluginManager: Mounting plugin ActorSequence
LogPluginManager: Mounting plugin LevelSequenceEditor
LogPluginManager: Mounting plugin MatineeToLevelSequence
LogPluginManager: Mounting plugin NetcodeUnitTest
LogPluginManager: Mounting plugin NUTUnrealEngine4
LogPluginManager: Mounting plugin OnlineSubsystemGooglePlay
LogPluginManager: Mounting plugin OnlineSubsystemIOS
LogPluginManager: Mounting plugin OnlineSubsystem
LogPluginManager: Mounting plugin OnlineSubsystemNull
LogPluginManager: Mounting plugin OnlineSubsystemUtils
LogPluginManager: Mounting plugin LauncherChunkInstaller
LogPluginManager: Mounting plugin AndroidDeviceProfileSelector
LogPluginManager: Mounting plugin AndroidMoviePlayer
LogPluginManager: Mounting plugin AndroidPermission
LogPluginManager: Mounting plugin AppleMoviePlayer
LogPluginManager: Mounting plugin ArchVisCharacter
LogPluginManager: Mounting plugin AudioCapture
LogPluginManager: Mounting plugin CableComponent
LogPluginManager: Mounting plugin CustomMeshComponent
LogPluginManager: Mounting plugin EditableMesh
LogPluginManager: Mounting plugin ExampleDeviceProfileSelector
LogPluginManager: Mounting plugin GoogleCloudMessaging
LogPluginManager: Mounting plugin ImmediatePhysics
LogPluginManager: Mounting plugin IOSDeviceProfileSelector
LogPluginManager: Mounting plugin LinuxDeviceProfileSelector
LogPluginManager: Mounting plugin LocationServicesBPLibrary
LogPluginManager: Mounting plugin MobilePatchingUtils
LogPluginManager: Mounting plugin OculusVR
LogPluginManager: Plugin shader directory ../../../Engine/Plugins/Runtime/Oculus/OculusVR/Shaders found
LogPluginManager: Mapping shader source directory ../../../Engine/Plugins/Runtime/Oculus/OculusVR/Shaders to virtual directory /Plugin/OculusVR
LogPluginManager: Mounting plugin PhysXVehicles
LogPluginManager: Mounting plugin ProceduralMeshComponent
LogPluginManager: Mounting plugin RuntimePhysXCooking
LogPluginManager: Mounting plugin SteamVR
LogPluginManager: Mounting plugin WindowsMoviePlayer
LogStreaming: Display: Took  0.961s to configure plugins.
LogInit: Using libcurl 7.55.1-DEV
LogInit:  - built for x86_64-pc-win32
LogInit:  - supports SSL with OpenSSL/1.0.2h
LogInit:  - supports HTTP deflate (compression) using libz 1.2.8
LogInit:  - other features:
LogInit:      CURL_VERSION_SSL
LogInit:      CURL_VERSION_LIBZ
LogInit:      CURL_VERSION_IPV6
LogInit:      CURL_VERSION_ASYNCHDNS
LogInit:      CURL_VERSION_LARGEFILE
LogInit:      CURL_VERSION_IDN
LogInit:  CurlRequestOptions (configurable via config and command line):
LogInit:  - bVerifyPeer = false  - Libcurl will NOT verify peer certificate
LogInit:  - bUseHttpProxy = false  - Libcurl will NOT use HTTP proxy
LogInit:  - bDontReuseConnections = false  - Libcurl will reuse connections
LogInit:  - CertBundlePath = nullptr  - Libcurl will use whatever was configured at build time.
LogInit:  - MaxHostConnections = 16  - Libcurl will limit the number of connections to a host
LogInit:  - LocalHostAddr = Default
LogInit:  - BufferSize = 65536
LogInit: WinSock: version 1.1 (2.2), MaxSocks=32767, MaxUdp=65467
LogInit: Build: ++UE4+Release-4.20-CL-4369336
LogInit: Engine Version: 4.20.3-4369336+++UE4+Release-4.20
LogInit: Compatible Engine Version: 4.20.0-4212847+++UE4+Release-4.20
LogInit: Net CL: 4212847
LogInit: OS: Windows 10 (), CPU: Intel(R) Core(TM) i7-6700HQ CPU @ 2.60GHz, GPU: Intel(R) HD Graphics 530
LogInit: Compiled (64-bit): Sep 17 2018 12:26:19
LogInit: Compiled with Visual C++: 19.13.26129.00
LogInit: Build Configuration: Development
LogInit: Branch Name: ++UE4+Release-4.20
LogInit: Command Line: -dx12
LogInit: Base Directory: D:/Epic Games/Unreal Engine/UE_4.20/Engine/Binaries/Win64/
LogInit: Installed Engine Build: 1
LogDevObjectVersion: Number of dev versions registered: 20
LogDevObjectVersion:   Dev-Blueprints (B0D832E4-1F89-4F0D-ACCF-7EB736FD4AA2): 10
LogDevObjectVersion:   Dev-Build (E1C64328-A22C-4D53-A36C-8E866417BD8C): 0
LogDevObjectVersion:   Dev-Core (375EC13C-06E4-48FB-B500-84F0262A717E): 2
LogDevObjectVersion:   Dev-Editor (E4B068ED-F494-42E9-A231-DA0B2E46BB41): 24
LogDevObjectVersion:   Dev-Framework (CFFC743F-43B0-4480-9391-14DF171D2073): 34
LogDevObjectVersion:   Dev-Mobile (B02B49B5-BB20-44E9-A304-32B752E40360): 2
LogDevObjectVersion:   Dev-Networking (A4E4105C-59A1-49B5-A7C5-40C4547EDFEE): 0
LogDevObjectVersion:   Dev-Online (39C831C9-5AE6-47DC-9A44-9C173E1C8E7C): 0
LogDevObjectVersion:   Dev-Physics (78F01B33-EBEA-4F98-B9B4-84EACCB95AA2): 0
LogDevObjectVersion:   Dev-Platform (6631380F-2D4D-43E0-8009-CF276956A95A): 0
LogDevObjectVersion:   Dev-Rendering (12F88B9F-8875-4AFC-A67C-D90C383ABD29): 26
LogDevObjectVersion:   Dev-Sequencer (7B5AE74C-D270-4C10-A958-57980B212A5A): 9
LogDevObjectVersion:   Dev-VR (D7296918-1DD6-4BDD-9DE2-64A83CC13884): 2
LogDevObjectVersion:   Dev-LoadTimes (C2A15278-BFE7-4AFE-6C17-90FF531DF755): 1
LogDevObjectVersion:   Private-Geometry (6EACA3D4-40EC-4CC1-B786-8BED09428FC5): 3
LogDevObjectVersion:   Dev-AnimPhys (29E575DD-E0A3-4627-9D10-D276232CDCEA): 17
LogDevObjectVersion:   Dev-ReflectionCapture (6B266CEC-1EC7-4B8F-A30B-E4D90942FC07): 1
LogDevObjectVersion:   Dev-Automation (0DF73D61-A23F-47EA-B727-89E90C41499A): 1
LogDevObjectVersion:   FortniteMain (601D1886-AC64-4F84-AA16-D3DE0DEAC7D6): 12
LogDevObjectVersion:   Dev-Enterprise (9DFFBCD6-494F-0158-E221-12823C92A888): 1
LogStreaming: Display: Took  0.015s to delete old logs.
LogInit: Presizing for max 8388607 objects, including 0 objects not considered by GC, pre-allocating 0 bytes for permanent pool.
LogInit: Object subsystem initialized
[2019.04.11-00.26.51:162][  0]LogInit: Selected Device Profile: [Windows]
[2019.04.11-00.26.51:162][  0]LogInit: Applying CVar settings loaded from the selected device profile: [Windows]
[2019.04.11-00.26.51:250][  0]LogHAL: Display: Platform has ~ 16 GB [17059885056 / 17179869184 / 16], which maps to Larger [LargestMinGB=32, LargerMinGB=12, DefaultMinGB=8, SmallerMinGB=6, SmallestMinGB=0)
[2019.04.11-00.26.51:250][  0]LogInit: Setting Device Profile CVar: [[r.Vulkan.UseRealUBs:1]]
[2019.04.11-00.26.51:250][  0]LogInit: Going up to parent DeviceProfile []
[2019.04.11-00.26.51:251][  0]LogInit: Computer: MSI
[2019.04.11-00.26.51:251][  0]LogInit: User: tomje
[2019.04.11-00.26.51:251][  0]LogInit: CPU Page size=4096, Cores=4
[2019.04.11-00.26.51:251][  0]LogInit: High frequency timer resolution =2.531252 MHz
[2019.04.11-00.26.51:252][  0]LogMemory: Memory total: Physical=15.9GB (16GB approx)
[2019.04.11-00.26.51:252][  0]LogMemory: Platform Memory Stats for Windows
[2019.04.11-00.26.51:252][  0]LogMemory: Process Physical Memory: 105.07 MB used, 105.07 MB peak
[2019.04.11-00.26.51:252][  0]LogMemory: Process Virtual Memory: 224.78 MB used, 224.78 MB peak
[2019.04.11-00.26.51:252][  0]LogMemory: Physical Memory: 9872.43 MB used,  6397.15 MB free, 16269.57 MB total
[2019.04.11-00.26.51:252][  0]LogMemory: Virtual Memory: 4784.07 MB used,  6397.15 MB free, 134217728.00 MB total
[2019.04.11-00.26.52:211][  0]LogInit: Using OS detected language (en-US).
[2019.04.11-00.26.52:211][  0]LogInit: Using OS detected locale (en-GB).
[2019.04.11-00.26.52:215][  0]LogTextLocalizationManager: No specific localization for 'en-US' exists, so the 'en' localization will be used.
[2019.04.11-00.26.53:058][  0]LogStreaming: Display: Took  0.847s to InitEngineTextLocalization.
[2019.04.11-00.26.53:059][  0]LogInit: Setting process to per monitor DPI aware
[2019.04.11-00.26.53:165][  0]LogSlate: New Slate User Created.  User Index 0, Is Virtual User: 0
[2019.04.11-00.26.53:165][  0]LogSlate: Slate User Registered.  User Index 0, Is Virtual User: 0
[2019.04.11-00.26.54:092][  0]LogHMD: Failed to initialize OpenVR with code 100
[2019.04.11-00.26.54:336][  0]LogD3D12RHI: Found D3D12 adapter 0: NVIDIA GeForce GTX 970M (Max supported Feature Level 12_1)
[2019.04.11-00.26.54:336][  0]LogD3D12RHI: Adapter has 3032MB of dedicated video memory, 0MB of dedicated system memory, and 8134MB of shared system memory, 1 output[s]
[2019.04.11-00.26.54:354][  0]LogD3D12RHI: Found D3D12 adapter 1: Intel(R) HD Graphics 530 (Max supported Feature Level 12_1)
[2019.04.11-00.26.54:354][  0]LogD3D12RHI: Adapter has 128MB of dedicated video memory, 0MB of dedicated system memory, and 8134MB of shared system memory, 0 output[s]
[2019.04.11-00.26.54:363][  0]LogD3D12RHI: Found D3D12 adapter 2: Microsoft Basic Render Driver (Max supported Feature Level 12_1)
[2019.04.11-00.26.54:363][  0]LogD3D12RHI: Adapter has 0MB of dedicated video memory, 0MB of dedicated system memory, and 8134MB of shared system memory, 0 output[s]
[2019.04.11-00.26.54:363][  0]LogD3D12RHI: Chosen D3D12 Adapter Id = 0
[2019.04.11-00.26.54:442][  0]LogD3D12RHI: Emitting draw events for PIX profiling.
[2019.04.11-00.26.54:602][  0]LogD3D12RHI: The system supports ID3D12Device1.
[2019.04.11-00.26.54:602][  0]LogD3D12RHI: The system supports ID3D12Device2.
[2019.04.11-00.26.54:685][  0]LogD3D12RHI: Warning: NumQueriesInBatch is not used in FD3D12QueryHeap::StartQueryBatch(), this helpful warning exists to remind you about that. Remove it when this is fixed.
[2019.04.11-00.26.55:349][  0]LogD3D12RHI: Creating Pipeline Library from existing disk cache (864 KiB).
[2019.04.11-00.26.55:357][  0]LogD3D12RHI: Reading 154 Graphics PSO(s) from the disk cache.
[2019.04.11-00.26.55:358][  0]LogD3D12RHI: Display: Root signature created where the root parameters take up 17 DWORDS. Using more than 12 DWORDs can negatively impact performance depending on the hardware and root parameter usage.
[2019.04.11-00.26.55:358][  0]LogD3D12RHI: Display: Root signature created where the root parameters take up 19 DWORDS. Using more than 12 DWORDs can negatively impact performance depending on the hardware and root parameter usage.
[2019.04.11-00.26.55:359][  0]LogD3D12RHI: Display: Root signature created where the root parameters take up 15 DWORDS. Using more than 12 DWORDs can negatively impact performance depending on the hardware and root parameter usage.
[2019.04.11-00.26.55:359][  0]LogD3D12RHI: Display: Root signature created where the root parameters take up 13 DWORDS. Using more than 12 DWORDs can negatively impact performance depending on the hardware and root parameter usage.
[2019.04.11-00.26.55:360][  0]LogD3D12RHI: Display: Root signature created where the root parameters take up 19 DWORDS. Using more than 12 DWORDs can negatively impact performance depending on the hardware and root parameter usage.
[2019.04.11-00.26.55:360][  0]LogD3D12RHI: Display: Root signature created where the root parameters take up 23 DWORDS. Using more than 12 DWORDs can negatively impact performance depending on the hardware and root parameter usage.
[2019.04.11-00.26.55:360][  0]LogD3D12RHI: Display: Root signature created where the root parameters take up 21 DWORDS. Using more than 12 DWORDs can negatively impact performance depending on the hardware and root parameter usage.
[2019.04.11-00.26.55:360][  0]LogD3D12RHI: Display: Root signature created where the root parameters take up 13 DWORDS. Using more than 12 DWORDs can negatively impact performance depending on the hardware and root parameter usage.
[2019.04.11-00.26.55:361][  0]LogD3D12RHI: Display: Root signature created where the root parameters take up 15 DWORDS. Using more than 12 DWORDs can negatively impact performance depending on the hardware and root parameter usage.
[2019.04.11-00.26.55:361][  0]LogD3D12RHI: Display: Root signature created where the root parameters take up 13 DWORDS. Using more than 12 DWORDs can negatively impact performance depending on the hardware and root parameter usage.
[2019.04.11-00.26.55:362][  0]LogD3D12RHI: Display: Root signature created where the root parameters take up 17 DWORDS. Using more than 12 DWORDs can negatively impact performance depending on the hardware and root parameter usage.
[2019.04.11-00.26.55:362][  0]LogD3D12RHI: Display: Root signature created where the root parameters take up 15 DWORDS. Using more than 12 DWORDs can negatively impact performance depending on the hardware and root parameter usage.
[2019.04.11-00.26.55:363][  0]LogD3D12RHI: Reading 3 Compute PSO(s) from the disk cache.
[2019.04.11-00.26.55:363][  0]LogD3D12RHI:     GPU DeviceId: 0x13d8 (for the marketing name, search the web for "GPU Device Id")
[2019.04.11-00.26.55:363][  0]LogWindows: EnumDisplayDevices:
[2019.04.11-00.26.55:363][  0]LogWindows:    0. 'Intel(R) HD Graphics 530' (P:1 D:1)
[2019.04.11-00.26.55:364][  0]LogWindows:    1. 'Intel(R) HD Graphics 530' (P:0 D:0)
[2019.04.11-00.26.55:366][  0]LogWindows:    2. 'Intel(R) HD Graphics 530' (P:0 D:0)
[2019.04.11-00.26.55:367][  0]LogWindows: DebugString: PrimaryIsNotTheChoosenAdapter PrimaryIsNotTheChoosenAdapter PrimaryIsNotTheChoosenAdapter FoundDriverCount:0 
[2019.04.11-00.26.55:367][  0]LogD3D12RHI:     Adapter Name: NVIDIA GeForce GTX 970M
[2019.04.11-00.26.55:367][  0]LogD3D12RHI:   Driver Version: Unknown (internal:Unknown, unified:Unknown)
[2019.04.11-00.26.55:367][  0]LogD3D12RHI:      Driver Date: Unknown
[2019.04.11-00.26.55:367][  0]LogRHI: Texture pool is 1623 MB (70% of 2319 MB)
[2019.04.11-00.26.55:367][  0]LogD3D12RHI: Async texture creation enabled
[2019.04.11-00.26.55:408][  0]LogShaderCompilers: Guid format shader working directory is 8 characters bigger than the processId version (G:/28.03.19/the-game-player-mechanics/Intermediate/Shaders/WorkingDirectory/24040/).
[2019.04.11-00.26.55:409][  0]LogShaderCompilers: Cleaned the shader compiler working directory 'C:/Users/tomje/AppData/Local/Temp/UnrealShaderWorkingDir/5496937F4ACFD1643CD14E8A44A8F079/'.
[2019.04.11-00.26.56:353][  0]LogTemp: Display: Loaded TP AllDesktopTargetPlatform
[2019.04.11-00.26.56:387][  0]LogTemp: Display: Loaded TP MacClientTargetPlatform
[2019.04.11-00.26.56:421][  0]LogTemp: Display: Loaded TP MacNoEditorTargetPlatform
[2019.04.11-00.26.56:455][  0]LogTemp: Display: Loaded TP MacServerTargetPlatform
[2019.04.11-00.26.56:490][  0]LogTemp: Display: Loaded TP MacTargetPlatform
[2019.04.11-00.26.56:525][  0]LogTemp: Display: Loaded TP WindowsClientTargetPlatform
[2019.04.11-00.26.56:562][  0]LogTemp: Display: Loaded TP WindowsNoEditorTargetPlatform
[2019.04.11-00.26.56:601][  0]LogTemp: Display: Loaded TP WindowsServerTargetPlatform
[2019.04.11-00.26.56:619][  0]LogTemp: Display: Loaded TP WindowsTargetPlatform
[2019.04.11-00.26.56:816][  0]LogTemp: Display: Loaded TP AndroidTargetPlatform
[2019.04.11-00.26.56:816][  0]LogTemp: Display: Loaded TP AndroidTargetPlatform
[2019.04.11-00.26.56:816][  0]LogTemp: Display: Loaded TP AndroidTargetPlatform
[2019.04.11-00.26.56:816][  0]LogTemp: Display: Loaded TP AndroidTargetPlatform
[2019.04.11-00.26.56:816][  0]LogTemp: Display: Loaded TP AndroidTargetPlatform
[2019.04.11-00.26.56:816][  0]LogTemp: Display: Loaded TP AndroidTargetPlatform
[2019.04.11-00.26.56:816][  0]LogTemp: Display: Loaded TP AndroidTargetPlatform
[2019.04.11-00.26.56:816][  0]LogTemp: Display: Loaded TP AndroidTargetPlatform
[2019.04.11-00.26.56:816][  0]LogTemp: Display: Loaded TP AndroidTargetPlatform
[2019.04.11-00.26.56:816][  0]LogTemp: Display: Loaded TP AndroidTargetPlatform
[2019.04.11-00.26.56:816][  0]LogTemp: Display: Loaded TP AndroidTargetPlatform
[2019.04.11-00.26.56:816][  0]LogTemp: Display: Loaded TP AndroidTargetPlatform
[2019.04.11-00.26.56:816][  0]LogTemp: Display: Loaded TP AndroidTargetPlatform
[2019.04.11-00.26.56:816][  0]LogTemp: Display: Loaded TP AndroidTargetPlatform
[2019.04.11-00.26.56:816][  0]LogTemp: Display: Loaded TP AndroidTargetPlatform
[2019.04.11-00.26.56:816][  0]LogTemp: Display: Loaded TP AndroidTargetPlatform
[2019.04.11-00.26.56:816][  0]LogTemp: Display: Loaded TP AndroidTargetPlatform
[2019.04.11-00.26.56:817][  0]LogTemp: Display: Loaded TP AndroidTargetPlatform
[2019.04.11-00.26.56:822][  0]LogTemp: Display: Loaded TP HTML5TargetPlatform
[2019.04.11-00.26.56:927][  0]LogTemp: Display: Loaded TP IOSTargetPlatform
[2019.04.11-00.26.56:927][  0]LogTemp: Display: Loaded TP IOSTargetPlatform
[2019.04.11-00.26.56:985][  0]LogTemp: Display: Loaded TP TVOSTargetPlatform
[2019.04.11-00.26.56:985][  0]LogTemp: Display: Loaded TP TVOSTargetPlatform
[2019.04.11-00.26.57:020][  0]LogTemp: Display: Loaded TP LinuxClientTargetPlatform
[2019.04.11-00.26.57:052][  0]LogTemp: Display: Loaded TP LinuxNoEditorTargetPlatform
[2019.04.11-00.26.57:082][  0]LogTemp: Display: Loaded TP LinuxServerTargetPlatform
[2019.04.11-00.26.57:116][  0]LogTemp: Display: Loaded TP LinuxTargetPlatform
[2019.04.11-00.26.57:138][  0]LogTemp: Display: Loaded TP LuminTargetPlatform
[2019.04.11-00.26.57:138][  0]LogTargetPlatformManager: Display: Building Assets For Windows
[2019.04.11-00.26.57:359][  0]LogXGEController: Cannot use XGE Controller as Incredibuild is not installed on this machine.
[2019.04.11-00.26.57:359][  0]LogShaderCompilers: Cannot use XGE Shader Compiler as Incredibuild is not installed on this machine.
[2019.04.11-00.26.57:359][  0]LogShaderCompilers: Display: Using Local Shader Compiler.
[2019.04.11-00.26.59:587][  0]LogDerivedDataCache: Display: Max Cache Size: 512 MB
[2019.04.11-00.26.59:724][  0]LogDerivedDataCache: Loaded boot cache 0.14s 71MB C:/Users/tomje/AppData/Local/UnrealEngine/4.20/DerivedDataCache/Boot.ddc.
[2019.04.11-00.26.59:726][  0]LogDerivedDataCache: Display: Loaded Boot cache: C:/Users/tomje/AppData/Local/UnrealEngine/4.20/DerivedDataCache/Boot.ddc
[2019.04.11-00.26.59:726][  0]LogDerivedDataCache: FDerivedDataBackendGraph:  Pak pak cache file G:/28.03.19/the-game-player-mechanics/DerivedDataCache/DDC.ddp not found, will not use a pak cache.
[2019.04.11-00.26.59:727][  0]LogDerivedDataCache: Unable to find inner node Pak for hierarchical cache Hierarchy.
[2019.04.11-00.26.59:727][  0]LogDerivedDataCache: FDerivedDataBackendGraph:  CompressedPak pak cache file G:/28.03.19/the-game-player-mechanics/DerivedDataCache/Compressed.ddp not found, will not use a pak cache.
[2019.04.11-00.26.59:727][  0]LogDerivedDataCache: Unable to find inner node CompressedPak for hierarchical cache Hierarchy.
[2019.04.11-00.26.59:774][  0]LogDerivedDataCache: Display: Pak cache opened for reading ../../../Engine/DerivedDataCache/Compressed.ddp.
[2019.04.11-00.26.59:789][  0]LogDerivedDataCache: Using Local data cache path C:/Users/tomje/AppData/Local/UnrealEngine/Common/DerivedDataCache: Writable
[2019.04.11-00.26.59:789][  0]LogDerivedDataCache: Shared data cache path not found in *engine.ini, will not use an Shared cache.
[2019.04.11-00.26.59:789][  0]LogDerivedDataCache: Unable to find inner node Shared for hierarchical cache Hierarchy.
[2019.04.11-00.26.59:862][  0]LogMaterial: Verifying Global Shaders for PCD3D_SM5
[2019.04.11-00.26.59:866][  0]LogSlate: Using FreeType 2.6.0
[2019.04.11-00.26.59:868][  0]LogSlate: SlateFontServices - WITH_FREETYPE: 1, WITH_HARFBUZZ: 1
[2019.04.11-00.27.00:086][  0]LogAssetRegistry: FAssetRegistry took 0.0316 seconds to start up
[2019.04.11-00.27.01:010][  0]LogInit: Selected Device Profile: [Windows]
[2019.04.11-00.27.01:613][  0]LogSimplygon: Simplygon DLL not present - disabling.
[2019.04.11-00.27.01:633][  0]LogMeshReduction: Using SimplygonSwarm for distributed automatic mesh merging
[2019.04.11-00.27.01:633][  0]LogMeshReduction: Using ProxyLODMeshReduction for automatic mesh merging
[2019.04.11-00.27.01:633][  0]LogMeshReduction: Using QuadricMeshReduction for automatic static mesh reduction
[2019.04.11-00.27.01:633][  0]LogMeshReduction: No automatic skeletal mesh reduction module available
[2019.04.11-00.27.01:681][  0]LogNetVersion: TheGame 1.0.0, NetCL: 4212847, EngineNetVer: 5, GameNetVer: 0 (Checksum: 2075402516)
[2019.04.11-00.27.04:402][  0]LogPackageLocalizationCache: Processed 11 localized package path(s) for 2 prioritized culture(s) in 1.088173 seconds
[2019.04.11-00.27.04:419][  0]LogUObjectArray: 38425 objects as part of root set at end of initial load.
[2019.04.11-00.27.04:419][  0]LogUObjectAllocator: 6690872 out of 0 bytes used by permanent object pool.
[2019.04.11-00.27.04:419][  0]LogUObjectArray: CloseDisregardForGC: 0/0 objects in disregard for GC pool
[2019.04.11-00.27.07:954][  0]LogTcpMessaging: Initializing TcpMessaging bridge
[2019.04.11-00.27.07:972][  0]LogUdpMessaging: Initializing bridge on interface 0.0.0.0:0 to multicast group 230.0.0.1:6666.
[2019.04.11-00.27.10:572][  0]SourceControl: Source control is disabled
[2019.04.11-00.27.10:572][  0]SourceControl: Source control is disabled
[2019.04.11-00.27.10:579][  0]SourceControl: Source control is disabled
[2019.04.11-00.27.10:584][  0]SourceControl: Source control is disabled
[2019.04.11-00.27.10:968][  0]LogAndroidPermission: UAndroidPermissionCallbackProxy::GetInstance
[2019.04.11-00.27.11:453][  0]LogOcInput: OculusInput pre-init called
[2019.04.11-00.27.11:713][  0]LogEngine: Initializing Engine...
[2019.04.11-00.27.11:716][  0]LogHMD: Failed to initialize OpenVR with code 100
[2019.04.11-00.27.11:722][  0]LogStats: UGameplayTagsManager::ConstructGameplayTagTree: ImportINI prefixes -  0.000 s
[2019.04.11-00.27.11:722][  0]LogStats: UGameplayTagsManager::ConstructGameplayTagTree: Construct from data asset -  0.000 s
[2019.04.11-00.27.11:723][  0]LogStats: UGameplayTagsManager::ConstructGameplayTagTree: ImportINI -  0.000 s
[2019.04.11-00.27.11:723][  0]LogStats: UGameplayTagsManager::ConstructGameplayTagTree: GameplayTagTreeChangedEvent.Broadcast -  0.000 s
[2019.04.11-00.27.12:516][  0]LogInit: Initializing FReadOnlyCVARCache
[2019.04.11-00.27.12:580][  0]LogAIModule: Creating AISystem for world Untitled
[2019.04.11-00.27.12:688][  0]LogInit: XAudio2 using 'Speakers (Realtek High Definition Audio)' : 6 channels at 48 kHz using 32 bits per sample (channel mask 0x3f)
[2019.04.11-00.27.13:447][  0]LogInit: FAudioDevice initialized.
[2019.04.11-00.27.13:448][  0]LogNetVersion: Set ProjectVersion to 1.0.0.0. Version Checksum will be recalculated on next use.
[2019.04.11-00.27.13:732][  0]LogDerivedDataCache: Saved boot cache 0.28s 71MB C:/Users/tomje/AppData/Local/UnrealEngine/4.20/DerivedDataCache/Boot.ddc.
[2019.04.11-00.27.13:733][  0]LogInit: Texture streaming: Enabled
[2019.04.11-00.27.13:789][  0]LogEngineSessionManager: EngineSessionManager initialized
[2019.04.11-00.27.13:836][  0]LogInit: Transaction tracking system initialized
[2019.04.11-00.27.13:996][  0]BlueprintLog: New page: Editor Load
[2019.04.11-00.27.14:484][  0]LocalizationService: Localization service is disabled
[2019.04.11-00.27.15:356][  0]LogCook: Display: Max memory allowance for cook 16384mb min free memory 0mb
[2019.04.11-00.27.15:356][  0]LogCook: Display: Mobile HDR setting 1
[2019.04.11-00.27.15:356][  0]LogGameplayTags: Display: UGameplayTagsManager::DoneAddingNativeTags. DelegateIsBound: 0
[2019.04.11-00.27.15:356][  0]LogStats: UGameplayTagsManager::ConstructGameplayTagTree: ImportINI prefixes -  0.000 s
[2019.04.11-00.27.15:356][  0]LogStats: UGameplayTagsManager::ConstructGameplayTagTree: Construct from data asset -  0.000 s
[2019.04.11-00.27.15:356][  0]LogStats: UGameplayTagsManager::ConstructGameplayTagTree: ImportINI -  0.000 s
[2019.04.11-00.27.15:357][  0]LogStats: UGameplayTagsManager::ConstructGameplayTagTree: GameplayTagTreeChangedEvent.Broadcast -  0.000 s
[2019.04.11-00.27.15:908][  0]LogFileCache: Scanning file cache for directory 'G:/28.03.19/the-game-player-mechanics/Content/' took 0.03s
[2019.04.11-00.27.15:909][  0]SourceControl: Source control is disabled
[2019.04.11-00.27.15:909][  0]Cmd: MAP LOAD FILE="G:/28.03.19/the-game-player-mechanics/Content/TopDownCPP/Maps/TheGameMap.umap" TEMPLATE=0 SHOWPROGRESS=1 FEATURELEVEL=3
[2019.04.11-00.27.15:910][  0]LightingResults: New page: Lighting Build
[2019.04.11-00.27.15:922][  0]MapCheck: New page: Map Check
[2019.04.11-00.27.15:922][  0]LightingResults: New page: Lighting Build
[2019.04.11-00.27.19:831][  0]LogAIModule: Creating AISystem for world TheGameMap
[2019.04.11-00.27.19:863][  0]LogEditorServer: Finished looking for orphan Actors (0.000 secs)
[2019.04.11-00.27.19:951][  0]Cmd: MAP CHECKDEP NOCLEARLOG
[2019.04.11-00.27.20:440][  0]MapCheck: Map check complete: 0 Error(s), 0 Warning(s), took 489.421ms to complete.
[2019.04.11-00.27.20:440][  0]LogFileHelpers: Loading map 'TheGameMap' took 4.532
[2019.04.11-00.27.21:155][  0]LogSlate: Updating window title bar state: overlay mode, drag disabled, window buttons hidden, title bar hidden
[2019.04.11-00.27.21:191][  0]LogSlate: Updating window title bar state: overlay mode, drag disabled, window buttons hidden, title bar hidden
[2019.04.11-00.27.21:214][  0]LogSlate: Updating window title bar state: overlay mode, drag disabled, window buttons hidden, title bar hidden
[2019.04.11-00.27.21:235][  0]LogSlate: Updating window title bar state: overlay mode, drag disabled, window buttons hidden, title bar hidden
[2019.04.11-00.27.21:365][  0]LogCollectionManager: Loaded 0 collections in 0.005734 seconds
[2019.04.11-00.27.21:488][  0]LogFileCache: Scanning file cache for directory 'G:/28.03.19/the-game-player-mechanics/Saved/Collections/' took 0.01s
[2019.04.11-00.27.21:488][  0]LogFileCache: Scanning file cache for directory 'G:/28.03.19/the-game-player-mechanics/Content/Developers/tomje/Collections/' took 0.01s
[2019.04.11-00.27.21:488][  0]LogFileCache: Scanning file cache for directory 'G:/28.03.19/the-game-player-mechanics/Content/Collections/' took 0.01s
[2019.04.11-00.27.21:488][  0]LogCollectionManager: Rebuilt the GUID cache for 0 collections in 0.000001 seconds
[2019.04.11-00.27.21:512][  0]LogContentBrowser: Native class hierarchy populated in 0.0226 seconds. Added 2577 classes and 605 folders.
[2019.04.11-00.27.21:605][  0]LogContentBrowser: Native class hierarchy updated for 'WidgetCarousel' in 0.0006 seconds. Added 0 classes and 0 folders.
[2019.04.11-00.27.22:751][  0]LogContentBrowser: Native class hierarchy updated for 'AddContentDialog' in 0.0006 seconds. Added 0 classes and 0 folders.
[2019.04.11-00.27.22:855][  0]LogContentBrowser: Native class hierarchy updated for 'SceneOutliner' in 0.0007 seconds. Added 1 classes and 2 folders.
[2019.04.11-00.27.24:355][  0]LogSlate: Took 0.000699 seconds to synchronously load lazily loaded font '../../../Engine/Content/Slate/Fonts/Roboto-Regular.ttf' (155K)
[2019.04.11-00.27.24:362][  0]LogSlate: Took 0.000664 seconds to synchronously load lazily loaded font '../../../Engine/Content/Slate/Fonts/Roboto-Bold.ttf' (160K)
[2019.04.11-00.27.24:468][  0]LogSlate: Took 0.032207 seconds to synchronously load lazily loaded font '../../../Engine/Content/Editor/Slate/Fonts/FontAwesome.ttf' (139K)
[2019.04.11-00.27.25:065][  0]LogRenderer: Reallocating scene render targets to support 256x256 Format 10 NumSamples 1 (Frame:1).
[2019.04.11-00.27.25:195][  0]LogRenderer: Reallocating scene render targets to support 936x464 Format 10 NumSamples 1 (Frame:1).
[2019.04.11-00.27.25:451][  0]LogSlate: Took 0.017755 seconds to synchronously load lazily loaded font '../../../Engine/Content/Slate/Fonts/Roboto-Light.ttf' (167K)
[2019.04.11-00.27.25:909][  0]LogContentBrowser: Native class hierarchy updated for 'HierarchicalLODOutliner' in 0.0007 seconds. Added 0 classes and 0 folders.
[2019.04.11-00.27.25:909][  0]LogLoad: (Engine Initialization) Total time: 41.19 seconds
[2019.04.11-00.27.25:909][  0]LogLoad: (Engine Initialization) Total Blueprint compile time: 0.00 seconds
[2019.04.11-00.27.26:045][  0]LogContentStreaming: Texture pool size now 1000 MB
[2019.04.11-00.27.26:658][  4]LogAssetRegistry: Asset discovery search completed in 26.5949 seconds
[2019.04.11-00.27.26:663][  4]LogCollectionManager: Rebuilt the object cache for 0 collections in 0.000000 seconds (found 0 objects)
[2019.04.11-00.27.26:663][  4]LogCollectionManager: Fixed up redirectors for 0 collections in 0.000133 seconds (updated 0 objects)
[2019.04.11-00.27.27:307][  6]LogSlate: Took 0.001251 seconds to synchronously load lazily loaded font '../../../Engine/Content/Slate/Fonts/Roboto-Light.ttf' (167K)
[2019.04.11-00.31.02:602][646]LogSlate: FSceneViewport::OnFocusLost() reason 2
[2019.04.11-00.31.15:129][360]LogSlate: FSceneViewport::OnFocusLost() reason 0
[2019.04.11-00.31.15:338][372]LogTemp: Repeating last play command: Selected Viewport
[2019.04.11-00.31.15:403][372]LogBlueprintUserMessages: Early PlayInEditor Detection: Level '/Game/TopDownCPP/Maps/TheGameMap.TheGameMap:PersistentLevel' has LevelScriptBlueprint '/Game/TopDownCPP/Maps/TheGameMap.TheGameMap:PersistentLevel.TheGameMap' with GeneratedClass '/Game/TopDownCPP/Maps/TheGameMap.TheGameMap_C' with ClassGeneratedBy '/Game/TopDownCPP/Maps/TheGameMap.TheGameMap:PersistentLevel.TheGameMap'
[2019.04.11-00.31.15:403][372]LogPlayLevel: PlayLevel: No blueprints needed recompiling
[2019.04.11-00.31.15:514][372]PIE: New page: PIE session: TheGameMap (11 Apr 2019 02:31:15)
[2019.04.11-00.31.15:514][372]LogPlayLevel: Creating play world package: /Game/TopDownCPP/Maps/UEDPIE_0_TheGameMap
[2019.04.11-00.31.15:585][372]LogPlayLevel: PIE: StaticDuplicateObject took: (0.072082s)
[2019.04.11-00.31.15:587][372]LogAIModule: Creating AISystem for world TheGameMap
[2019.04.11-00.31.15:587][372]LogPlayLevel: PIE: World Init took: (0.002035s)
[2019.04.11-00.31.15:588][372]LogPlayLevel: PIE: Created PIE world by copying editor world from /Game/TopDownCPP/Maps/TheGameMap.TheGameMap to /Game/TopDownCPP/Maps/UEDPIE_0_TheGameMap.TheGameMap (0.074543s)
[2019.04.11-00.31.15:707][372]LogInit: XAudio2 using 'Speakers (Realtek High Definition Audio)' : 6 channels at 48 kHz using 32 bits per sample (channel mask 0x3f)
[2019.04.11-00.31.15:986][372]LogInit: FAudioDevice initialized.
[2019.04.11-00.31.16:066][372]LogLoad: Game class is 'WaveGameMode_C'
[2019.04.11-00.31.16:088][372]LogWorld: Bringing World /Game/TopDownCPP/Maps/UEDPIE_0_TheGameMap.TheGameMap up for play (max tick rate 60) at 2019.04.11-01.31.16
[2019.04.11-00.31.16:089][372]LogWorld: Bringing up level for play took: 0.002619
[2019.04.11-00.31.16:256][372]LogContentBrowser: Native class hierarchy updated for 'MovieSceneCapture' in 0.0009 seconds. Added 10 classes and 0 folders.
[2019.04.11-00.31.16:374][372]PIE: Play in editor start time for /Game/TopDownCPP/Maps/UEDPIE_0_TheGameMap 0.349
[2019.04.11-00.31.16:374][372]LogBlueprintUserMessages: Late PlayInEditor Detection: Level '/Game/TopDownCPP/Maps/TheGameMap.TheGameMap:PersistentLevel' has LevelScriptBlueprint '/Game/TopDownCPP/Maps/TheGameMap.TheGameMap:PersistentLevel.TheGameMap' with GeneratedClass '/Game/TopDownCPP/Maps/TheGameMap.TheGameMap_C' with ClassGeneratedBy '/Game/TopDownCPP/Maps/TheGameMap.TheGameMap:PersistentLevel.TheGameMap'
[2019.04.11-00.31.22:634][708]LogSlate: FSceneViewport::OnFocusLost() reason 2
[2019.04.11-00.31.46:691][935]LogCharacterMovement: WaveEnemy1_C_1 is stuck and failed to move! Velocity: X=21.20 Y=-255.33 Z=0.00 Location: X=-61.94 Y=478.30 Z=250.24 Normal: X=0.00 Y=0.00 Z=1.00 PenetrationDepth:0.133 Actor:Cube_5 Component:StaticMeshComponent0 BoneName:None (0 other events since notify)
[2019.04.11-00.32.24:828][551]LogBlueprintUserMessages: Early EndPlayMap Detection: Level '/Game/TopDownCPP/Maps/TheGameMap.TheGameMap:PersistentLevel' has LevelScriptBlueprint '/Game/TopDownCPP/Maps/TheGameMap.TheGameMap:PersistentLevel.TheGameMap' with GeneratedClass '/Game/TopDownCPP/Maps/TheGameMap.TheGameMap_C' with ClassGeneratedBy '/Game/TopDownCPP/Maps/TheGameMap.TheGameMap:PersistentLevel.TheGameMap'
[2019.04.11-00.32.24:866][551]LogSlate: Updating window title bar state: overlay mode, drag disabled, window buttons hidden, title bar hidden
[2019.04.11-00.32.24:925][551]LogPlayLevel: Display: Shutting down PIE online subsystems
[2019.04.11-00.32.24:925][551]LogBlueprintUserMessages: Late EndPlayMap Detection: Level '/Game/TopDownCPP/Maps/TheGameMap.TheGameMap:PersistentLevel' has LevelScriptBlueprint '/Game/TopDownCPP/Maps/TheGameMap.TheGameMap:PersistentLevel.TheGameMap' with GeneratedClass '/Game/TopDownCPP/Maps/TheGameMap.TheGameMap_C' with ClassGeneratedBy '/Game/TopDownCPP/Maps/TheGameMap.TheGameMap:PersistentLevel.TheGameMap'
[2019.04.11-00.32.24:995][551]LogSlate: Updating window title bar state: overlay mode, drag disabled, window buttons hidden, title bar hidden
[2019.04.11-00.32.25:067][552]LogPlayLevel: Display: Destroying online subsystem :Context_6
[2019.04.11-00.32.29:639][709]LogSlate: FSceneViewport::OnFocusLost() reason 0
[2019.04.11-00.32.30:046][714]LogAssetEditorManager: Opening Asset editor for WidgetBlueprint /Game/AchievementsDisplay.AchievementsDisplay
[2019.04.11-00.32.32:911][714]LogContentBrowser: Native class hierarchy updated for 'BlueprintGraph' in 0.0015 seconds. Added 116 classes and 0 folders.
[2019.04.11-00.32.36:229][714]LogSlate: Took 0.021472 seconds to synchronously load lazily loaded font '../../../Engine/Content/Slate/Fonts/Roboto-BoldCondensed.ttf' (158K)
[2019.04.11-00.48.00:939][574]LogSlate: FSceneViewport::OnFocusLost() reason 0
[2019.04.11-00.48.01:133][585]LogTemp: Repeating last play command: Selected Viewport
[2019.04.11-00.48.01:189][585]LogBlueprintUserMessages: Early PlayInEditor Detection: Level '/Game/TopDownCPP/Maps/TheGameMap.TheGameMap:PersistentLevel' has LevelScriptBlueprint '/Game/TopDownCPP/Maps/TheGameMap.TheGameMap:PersistentLevel.TheGameMap' with GeneratedClass '/Game/TopDownCPP/Maps/TheGameMap.TheGameMap_C' with ClassGeneratedBy '/Game/TopDownCPP/Maps/TheGameMap.TheGameMap:PersistentLevel.TheGameMap'
[2019.04.11-00.48.01:189][585]LogPlayLevel: PlayLevel: No blueprints needed recompiling
[2019.04.11-00.48.01:189][585]PIE: New page: PIE session: TheGameMap (11 Apr 2019 02:48:01)
[2019.04.11-00.48.01:189][585]LogPlayLevel: Creating play world package: /Game/TopDownCPP/Maps/UEDPIE_0_TheGameMap
[2019.04.11-00.48.01:217][585]LogPlayLevel: PIE: StaticDuplicateObject took: (0.026987s)
[2019.04.11-00.48.01:219][585]LogAIModule: Creating AISystem for world TheGameMap
[2019.04.11-00.48.01:219][585]LogPlayLevel: PIE: World Init took: (0.002618s)
[2019.04.11-00.48.01:219][585]LogPlayLevel: PIE: Created PIE world by copying editor world from /Game/TopDownCPP/Maps/TheGameMap.TheGameMap to /Game/TopDownCPP/Maps/UEDPIE_0_TheGameMap.TheGameMap (0.029913s)
[2019.04.11-00.48.01:345][585]LogInit: XAudio2 using 'Speakers (Realtek High Definition Audio)' : 6 channels at 48 kHz using 32 bits per sample (channel mask 0x3f)
[2019.04.11-00.48.01:601][585]LogInit: FAudioDevice initialized.
[2019.04.11-00.48.01:654][585]LogLoad: Game class is 'WaveGameMode_C'
[2019.04.11-00.48.01:657][585]LogWorld: Bringing World /Game/TopDownCPP/Maps/UEDPIE_0_TheGameMap.TheGameMap up for play (max tick rate 60) at 2019.04.11-01.48.01
[2019.04.11-00.48.01:657][585]LogWorld: Bringing up level for play took: 0.002148
[2019.04.11-00.48.01:676][585]PIE: Play in editor start time for /Game/TopDownCPP/Maps/UEDPIE_0_TheGameMap -0.349
[2019.04.11-00.48.01:676][585]LogBlueprintUserMessages: Late PlayInEditor Detection: Level '/Game/TopDownCPP/Maps/TheGameMap.TheGameMap:PersistentLevel' has LevelScriptBlueprint '/Game/TopDownCPP/Maps/TheGameMap.TheGameMap:PersistentLevel.TheGameMap' with GeneratedClass '/Game/TopDownCPP/Maps/TheGameMap.TheGameMap_C' with ClassGeneratedBy '/Game/TopDownCPP/Maps/TheGameMap.TheGameMap:PersistentLevel.TheGameMap'
[2019.04.11-00.48.07:028][892]LogBlueprintUserMessages: Early EndPlayMap Detection: Level '/Game/TopDownCPP/Maps/TheGameMap.TheGameMap:PersistentLevel' has LevelScriptBlueprint '/Game/TopDownCPP/Maps/TheGameMap.TheGameMap:PersistentLevel.TheGameMap' with GeneratedClass '/Game/TopDownCPP/Maps/TheGameMap.TheGameMap_C' with ClassGeneratedBy '/Game/TopDownCPP/Maps/TheGameMap.TheGameMap:PersistentLevel.TheGameMap'
[2019.04.11-00.48.07:029][892]LogSlate: Updating window title bar state: overlay mode, drag disabled, window buttons hidden, title bar hidden
[2019.04.11-00.48.07:071][892]LogPlayLevel: Display: Shutting down PIE online subsystems
[2019.04.11-00.48.07:071][892]LogBlueprintUserMessages: Late EndPlayMap Detection: Level '/Game/TopDownCPP/Maps/TheGameMap.TheGameMap:PersistentLevel' has LevelScriptBlueprint '/Game/TopDownCPP/Maps/TheGameMap.TheGameMap:PersistentLevel.TheGameMap' with GeneratedClass '/Game/TopDownCPP/Maps/TheGameMap.TheGameMap_C' with ClassGeneratedBy '/Game/TopDownCPP/Maps/TheGameMap.TheGameMap:PersistentLevel.TheGameMap'
[2019.04.11-00.48.07:138][892]LogSlate: Updating window title bar state: overlay mode, drag disabled, window buttons hidden, title bar hidden
[2019.04.11-00.48.07:189][893]LogPlayLevel: Display: Destroying online subsystem :Context_9
[2019.04.11-00.48.08:226][951]LogSlate: FSceneViewport::OnFocusLost() reason 0
[2019.04.11-00.49.49:288][435]LogSlate: Window 'AchievementsDisplay' being destroyed
[2019.04.11-00.49.49:501][435]LogSlate: Window 'TheGame - Unreal Editor' being destroyed
[2019.04.11-00.49.49:502][435]LogWindowsTextInputMethodSystem: Display: IME system now deactivated.
[2019.04.11-00.49.50:357][436]Cmd: QUIT_EDITOR
[2019.04.11-00.49.51:342][436]LogExit: Preparing to exit.
[2019.04.11-00.49.51:858][436]LogExit: Editor shut down
[2019.04.11-00.49.51:859][436]LogExit: Transaction tracking system shut down
[2019.04.11-00.49.52:847][436]LogExit: Object subsystem successfully closed.
[2019.04.11-00.49.52:898][436]LogShaderCompilers: Display: Shaders left to compile 0
[2019.04.11-00.49.52:924][436]LogD3D12RHI: Added 12 new Graphics PSO(s) to the disk cache.
[2019.04.11-00.49.52:924][436]LogD3D12RHI: Closing Graphics PSO disk cache. Cache contains 166 PSO(s).
[2019.04.11-00.49.52:927][436]LogD3D12RHI: Added 2 new Compute PSO(s) to the disk cache.
[2019.04.11-00.49.52:927][436]LogD3D12RHI: Closing Compute PSO disk cache. Cache contains 5 PSO(s).
[2019.04.11-00.49.52:928][436]LogD3D12RHI: Serializing Pipeline Library to disk (975 KiB).
[2019.04.11-00.49.52:937][436]LogD3D12RHI: ~FD3D12DynamicRHI
[2019.04.11-00.49.53:078][436]LogModuleManager: Shutting down and abandoning module SequencerWidgets (622)
[2019.04.11-00.49.53:078][436]LogModuleManager: Shutting down and abandoning module BlueprintGraph (620)
[2019.04.11-00.49.53:078][436]LogModuleManager: Shutting down and abandoning module MovieSceneCapture (618)
[2019.04.11-00.49.53:078][436]LogModuleManager: Shutting down and abandoning module Voice (616)
[2019.04.11-00.49.53:078][436]LogModuleManager: Shutting down and abandoning module HierarchicalLODOutliner (614)
[2019.04.11-00.49.53:078][436]LogModuleManager: Shutting down and abandoning module SceneOutliner (612)
[2019.04.11-00.49.53:078][436]LogModuleManager: Shutting down and abandoning module AddContentDialog (610)
[2019.04.11-00.49.53:081][436]LogModuleManager: Shutting down and abandoning module WidgetCarousel (609)
[2019.04.11-00.49.53:081][436]LogModuleManager: Shutting down and abandoning module EditorWidgets (606)
[2019.04.11-00.49.53:081][436]LogModuleManager: Shutting down and abandoning module CollectionManager (604)
[2019.04.11-00.49.53:081][436]LogModuleManager: Shutting down and abandoning module StatsViewer (602)
[2019.04.11-00.49.53:081][436]LogModuleManager: Shutting down and abandoning module FoliageEdit (600)
[2019.04.11-00.49.53:081][436]LogModuleManager: Shutting down and abandoning module LandscapeEditor (598)
[2019.04.11-00.49.53:081][436]LogModuleManager: Shutting down and abandoning module MeshPaintMode (596)
[2019.04.11-00.49.53:081][436]LogModuleManager: Shutting down and abandoning module SceneDepthPickerMode (594)
[2019.04.11-00.49.53:081][436]LogModuleManager: Shutting down and abandoning module ActorPickerMode (592)
[2019.04.11-00.49.53:081][436]LogModuleManager: Shutting down and abandoning module GeometryMode (590)
[2019.04.11-00.49.53:082][436]LogModuleManager: Shutting down and abandoning module TextureAlignMode (588)
[2019.04.11-00.49.53:082][436]LogModuleManager: Shutting down and abandoning module BspMode (586)
[2019.04.11-00.49.53:082][436]LogModuleManager: Shutting down and abandoning module PIEPreviewDeviceProfileSelector (584)
[2019.04.11-00.49.53:082][436]LogModuleManager: Shutting down and abandoning module SequenceRecorderSections (582)
[2019.04.11-00.49.53:082][436]LogModuleManager: Shutting down and abandoning module AutomationWorker (580)
[2019.04.11-00.49.53:082][436]LogModuleManager: Shutting down and abandoning module AudioCaptureEditor (578)
[2019.04.11-00.49.53:082][436]LogModuleManager: Shutting down and abandoning module SequenceRecorder (577)
[2019.04.11-00.49.53:082][436]LogModuleManager: Shutting down and abandoning module MatineeToLevelSequence (574)
[2019.04.11-00.49.53:082][436]LogModuleManager: Shutting down and abandoning module LevelSequenceEditor (572)
[2019.04.11-00.49.53:082][436]LogModuleManager: Shutting down and abandoning module PlacementMode (571)
[2019.04.11-00.49.53:082][436]LogModuleManager: Shutting down and abandoning module MaterialEditor (570)
[2019.04.11-00.49.53:082][436]LogModuleManager: Shutting down and abandoning module WmfMediaFactory (566)
[2019.04.11-00.49.53:082][436]LogModuleManager: Shutting down and abandoning module WmfMediaEditor (564)
[2019.04.11-00.49.53:082][436]LogModuleManager: Shutting down and abandoning module MediaPlayerEditor (562)
[2019.04.11-00.49.53:082][436]LogModuleManager: Shutting down and abandoning module OpenExrWrapper (560)
[2019.04.11-00.49.53:082][436]LogModuleManager: Shutting down and abandoning module ImgMediaFactory (558)
[2019.04.11-00.49.53:082][436]LogModuleManager: Shutting down and abandoning module ImgMediaEditor (556)
[2019.04.11-00.49.53:082][436]LogModuleManager: Shutting down and abandoning module AvfMediaFactory (554)
[2019.04.11-00.49.53:083][436]LogModuleManager: Shutting down and abandoning module AvfMediaEditor (552)
[2019.04.11-00.49.53:083][436]LogModuleManager: Shutting down and abandoning module AndroidMediaFactory (550)
[2019.04.11-00.49.53:083][436]LogModuleManager: Shutting down and abandoning module AndroidMediaEditor (548)
[2019.04.11-00.49.53:083][436]LogModuleManager: Shutting down and abandoning module MagicLeapCameraPreviewFactory (546)
[2019.04.11-00.49.53:083][436]LogModuleManager: Shutting down and abandoning module MagicLeapMediaFactory (544)
[2019.04.11-00.49.53:083][436]LogModuleManager: Shutting down and abandoning module MagicLeapMediaEditor (542)
[2019.04.11-00.49.53:083][436]LogModuleManager: Shutting down and abandoning module CharacterAI (540)
[2019.04.11-00.49.53:083][436]LogModuleManager: Shutting down and abandoning module SmartSnapping (538)
[2019.04.11-00.49.53:083][436]LogModuleManager: Shutting down and abandoning module SessionServices (536)
[2019.04.11-00.49.53:083][436]LogModuleManager: Shutting down and abandoning module ViewportSnapping (534)
[2019.04.11-00.49.53:083][436]LogModuleManager: Shutting down and abandoning module ViewportInteraction (532)
[2019.04.11-00.49.53:083][436]LogModuleManager: Shutting down and abandoning module ClothPainter (530)
[2019.04.11-00.49.53:083][436]LogModuleManager: Shutting down and abandoning module SkeletalMeshEditor (529)
[2019.04.11-00.49.53:083][436]LogModuleManager: Shutting down and abandoning module LogVisualizer (526)
[2019.04.11-00.49.53:083][436]LogModuleManager: Shutting down and abandoning module IntroTutorials (524)
[2019.04.11-00.49.53:083][436]LogModuleManager: Shutting down and abandoning module GameProjectGeneration (523)
[2019.04.11-00.49.53:083][436]LogModuleManager: Shutting down and abandoning module LuminPlatformEditor (520)
[2019.04.11-00.49.53:083][436]LogModuleManager: Shutting down and abandoning module IOSPlatformEditor (518)
[2019.04.11-00.49.53:083][436]LogModuleManager: Shutting down and abandoning module HTML5PlatformEditor (516)
[2019.04.11-00.49.53:083][436]LogModuleManager: Shutting down and abandoning module AndroidPlatformEditor (514)
[2019.04.11-00.49.53:084][436]LogModuleManager: Shutting down and abandoning module AndroidDeviceDetection (513)
[2019.04.11-00.49.53:377][436]LogModuleManager: Shutting down and abandoning module WindowsPlatformEditor (510)
[2019.04.11-00.49.53:377][436]LogModuleManager: Shutting down and abandoning module LuminRuntimeSettings (508)
[2019.04.11-00.49.53:377][436]LogModuleManager: Shutting down and abandoning module IOSRuntimeSettings (506)
[2019.04.11-00.49.53:377][436]LogModuleManager: Shutting down and abandoning module AndroidRuntimeSettings (504)
[2019.04.11-00.49.53:377][436]LogModuleManager: Shutting down and abandoning module InputBindingEditor (502)
[2019.04.11-00.49.53:377][436]LogModuleManager: Shutting down and abandoning module MergeActors (500)
[2019.04.11-00.49.53:377][436]LogModuleManager: Shutting down and abandoning module LocalizationDashboard (498)
[2019.04.11-00.49.53:377][436]LogModuleManager: Shutting down and abandoning module LocalizationService (497)
[2019.04.11-00.49.53:377][436]LogModuleManager: Shutting down and abandoning module HardwareTargeting (494)
[2019.04.11-00.49.53:378][436]LogModuleManager: Shutting down and abandoning module DeviceProfileEditor (492)
[2019.04.11-00.49.53:378][436]LogModuleManager: Shutting down and abandoning module UndoHistory (490)
[2019.04.11-00.49.53:378][436]LogModuleManager: Shutting down and abandoning module XmlParser (488)
[2019.04.11-00.49.53:378][436]LogModuleManager: Shutting down and abandoning module Blutility (486)
[2019.04.11-00.49.53:378][436]LogModuleManager: Shutting down and abandoning module ProjectSettingsViewer (484)
[2019.04.11-00.49.53:378][436]LogModuleManager: Shutting down and abandoning module ProjectTargetPlatformEditor (483)
[2019.04.11-00.49.53:378][436]LogModuleManager: Shutting down and abandoning module EditorSettingsViewer (480)
[2019.04.11-00.49.53:378][436]LogModuleManager: Shutting down and abandoning module SettingsEditor (478)
[2019.04.11-00.49.53:378][436]LogModuleManager: Shutting down and abandoning module ProjectLauncher (476)
[2019.04.11-00.49.53:378][436]LogModuleManager: Shutting down and abandoning module SessionFrontend (474)
[2019.04.11-00.49.53:378][436]LogModuleManager: Shutting down and abandoning module ProfilerClient (472)
[2019.04.11-00.49.53:378][436]LogModuleManager: Shutting down and abandoning module DeviceManager (470)
[2019.04.11-00.49.53:378][436]LogModuleManager: Shutting down and abandoning module TargetDeviceServices (469)
[2019.04.11-00.49.53:444][436]LogModuleManager: Shutting down and abandoning module AutomationController (466)
[2019.04.11-00.49.53:444][436]LogModuleManager: Shutting down and abandoning module AutomationWindow (464)
[2019.04.11-00.49.53:444][436]LogModuleManager: Shutting down and abandoning module Layers (462)
[2019.04.11-00.49.53:444][436]LogModuleManager: Shutting down and abandoning module ComponentVisualizers (460)
[2019.04.11-00.49.53:444][436]LogModuleManager: Shutting down and abandoning module DetailCustomizations (458)
[2019.04.11-00.49.53:444][436]LogModuleManager: Shutting down and abandoning module PackagesDialog (456)
[2019.04.11-00.49.53:444][436]LogModuleManager: Shutting down and abandoning module Persona (454)
[2019.04.11-00.49.53:444][436]LogModuleManager: Shutting down and abandoning module AdvancedPreviewScene (453)
[2019.04.11-00.49.53:445][436]LogModuleManager: Shutting down and abandoning module AnimGraph (451)
[2019.04.11-00.49.53:445][436]LogModuleManager: Shutting down and abandoning module Kismet (448)
[2019.04.11-00.49.53:454][436]LogModuleManager: Shutting down and abandoning module GraphEditor (446)
[2019.04.11-00.49.53:455][436]LogModuleManager: Shutting down and abandoning module ClassViewer (444)
[2019.04.11-00.49.53:455][436]LogModuleManager: Shutting down and abandoning module Toolbox (442)
[2019.04.11-00.49.53:455][436]LogModuleManager: Shutting down and abandoning module DesktopPlatform (441)
[2019.04.11-00.49.53:455][436]LogModuleManager: Shutting down and abandoning module ModuleUI (438)
[2019.04.11-00.49.53:455][436]LogModuleManager: Shutting down and abandoning module MovieSceneTools (436)
[2019.04.11-00.49.53:455][436]LogModuleManager: Shutting down and abandoning module OutputLog (434)
[2019.04.11-00.49.53:455][436]LogModuleManager: Shutting down and abandoning module GammaUI (432)
[2019.04.11-00.49.53:455][436]LogModuleManager: Shutting down and abandoning module Documentation (430)
[2019.04.11-00.49.53:455][436]LogModuleManager: Shutting down and abandoning module MovieSceneTracks (428)
[2019.04.11-00.49.53:455][436]LogModuleManager: Shutting down and abandoning module MovieScene (426)
[2019.04.11-00.49.53:455][436]LogModuleManager: Shutting down and abandoning module StreamingPauseRendering (424)
[2019.04.11-00.49.53:455][436]LogModuleManager: Shutting down and abandoning module LauncherPlatform (422)
[2019.04.11-00.49.53:456][436]LogModuleManager: Shutting down and abandoning module AnalyticsET (420)
[2019.04.11-00.49.53:456][436]LogModuleManager: Shutting down and abandoning module PortalServices (418)
[2019.04.11-00.49.53:456][436]LogModuleManager: Shutting down and abandoning module PortalRpc (416)
[2019.04.11-00.49.53:456][436]LogModuleManager: Shutting down and abandoning module MessagingRpc (414)
[2019.04.11-00.49.53:456][436]LogModuleManager: Shutting down and abandoning module AIModule (412)
[2019.04.11-00.49.53:456][436]LogModuleManager: Shutting down and abandoning module GameplayDebugger (411)
[2019.04.11-00.49.53:456][436]LogModuleManager: Shutting down and abandoning module AITestSuite (409)
[2019.04.11-00.49.53:456][436]LogModuleManager: Shutting down and abandoning module NavigationSystem (407)
[2019.04.11-00.49.53:456][436]LogModuleManager: Shutting down and abandoning module ProfilerService (404)
[2019.04.11-00.49.53:590][436]LogModuleManager: Shutting down and abandoning module TaskGraph (402)
[2019.04.11-00.49.53:590][436]LogModuleManager: Shutting down and abandoning module SteamVRController (400)
[2019.04.11-00.49.53:590][436]LogModuleManager: Shutting down and abandoning module ProceduralMeshComponentEditor (398)
[2019.04.11-00.49.53:590][436]LogModuleManager: Shutting down and abandoning module ProceduralMeshComponent (396)
[2019.04.11-00.49.53:590][436]LogModuleManager: Shutting down and abandoning module OculusInput (394)
[2019.04.11-00.49.53:590][436]LogModuleManager: Shutting down and abandoning module MobilePatchingUtils (392)
[2019.04.11-00.49.53:590][436]LogModuleManager: Shutting down and abandoning module EditableMesh (390)
[2019.04.11-00.49.53:590][436]LogModuleManager: Shutting down and abandoning module CustomMeshComponent (388)
[2019.04.11-00.49.53:590][436]LogModuleManager: Shutting down and abandoning module CableComponent (386)
[2019.04.11-00.49.53:590][436]LogModuleManager: Shutting down and abandoning module AudioCapture (384)
[2019.04.11-00.49.53:590][436]LogModuleManager: Shutting down and abandoning module ArchVisCharacter (382)
[2019.04.11-00.49.53:590][436]LogModuleManager: Shutting down and abandoning module AndroidPermission (380)
[2019.04.11-00.49.53:590][436]LogModuleManager: Shutting down and abandoning module NUTUnrealEngine4 (378)
[2019.04.11-00.49.53:590][436]LogModuleManager: Shutting down and abandoning module NetcodeUnitTest (376)
[2019.04.11-00.49.53:590][436]LogModuleManager: Shutting down and abandoning module MediaCompositingEditor (374)
[2019.04.11-00.49.53:590][436]LogModuleManager: Shutting down and abandoning module MediaCompositing (372)
[2019.04.11-00.49.53:590][436]LogModuleManager: Shutting down and abandoning module LinearTimecode (370)
[2019.04.11-00.49.53:590][436]LogModuleManager: Shutting down and abandoning module ImgMedia (368)
[2019.04.11-00.49.53:598][436]LogModuleManager: Shutting down and abandoning module HTML5Networking (366)
[2019.04.11-00.49.53:598][436]LogModuleManager: Shutting down and abandoning module GeometryCacheTracks (364)
[2019.04.11-00.49.53:599][436]LogModuleManager: Shutting down and abandoning module GeometryCacheSequencer (362)
[2019.04.11-00.49.53:599][436]LogModuleManager: Shutting down and abandoning module BackChannel (360)
[2019.04.11-00.49.53:599][436]LogModuleManager: Shutting down and abandoning module AppleVision (358)
[2019.04.11-00.49.53:599][436]LogModuleManager: Shutting down and abandoning module AppleImageUtils (356)
[2019.04.11-00.49.53:599][436]LogModuleManager: Shutting down and abandoning module AlembicImporter (354)
[2019.04.11-00.49.53:599][436]LogModuleManager: Shutting down and abandoning module AlembicLibrary (353)
[2019.04.11-00.49.53:599][436]LogModuleManager: Shutting down and abandoning module GeometryCache (352)
[2019.04.11-00.49.53:599][436]LogModuleManager: Shutting down and abandoning module GeometryCacheEd (351)
[2019.04.11-00.49.53:599][436]LogModuleManager: Shutting down and abandoning module DatasmithContentEditor (346)
[2019.04.11-00.49.53:599][436]LogModuleManager: Shutting down and abandoning module DatasmithContent (344)
[2019.04.11-00.49.53:602][436]LogModuleManager: Shutting down and abandoning module SpeedTreeImporter (342)
[2019.04.11-00.49.53:602][436]LogModuleManager: Shutting down and abandoning module PluginBrowser (340)
[2019.04.11-00.49.53:602][436]LogModuleManager: Shutting down and abandoning module MobileLauncherProfileWizard (338)
[2019.04.11-00.49.53:602][436]LogModuleManager: Shutting down and abandoning module PolygonModeling (336)
[2019.04.11-00.49.53:602][436]LogModuleManager: Shutting down and abandoning module MeshEditor (334)
[2019.04.11-00.49.53:602][436]LogModuleManager: Shutting down and abandoning module CryptoKeysOpenSSL (332)
[2019.04.11-00.49.53:602][436]LogModuleManager: Shutting down and abandoning module CryptoKeys (330)
[2019.04.11-00.49.53:602][436]LogModuleManager: Shutting down and abandoning module VisualStudioSourceCodeAccess (328)
[2019.04.11-00.49.53:602][436]LogModuleManager: Shutting down and abandoning module VisualStudioCodeSourceCodeAccess (326)
[2019.04.11-00.49.53:602][436]LogModuleManager: Shutting down and abandoning module UObjectPlugin (324)
[2019.04.11-00.49.53:602][436]LogModuleManager: Shutting down and abandoning module SubversionSourceControl (322)
[2019.04.11-00.49.53:602][436]LogModuleManager: Shutting down and abandoning module PerforceSourceControl (320)
[2019.04.11-00.49.53:603][436]LogModuleManager: Shutting down and abandoning module GitSourceControl (318)
[2019.04.11-00.49.53:603][436]LogModuleManager: Shutting down and abandoning module SourceControl (317)
[2019.04.11-00.49.53:603][436]LogModuleManager: Shutting down and abandoning module CLionSourceCodeAccess (314)
[2019.04.11-00.49.53:603][436]LogModuleManager: Shutting down and abandoning module LightPropagationVolumeEditor (312)
[2019.04.11-00.49.53:603][436]LogModuleManager: Shutting down and abandoning module PaperTiledImporter (310)
[2019.04.11-00.49.53:603][436]LogModuleManager: Shutting down and abandoning module PaperSpriteSheetImporter (308)
[2019.04.11-00.49.53:603][436]LogModuleManager: Shutting down and abandoning module Paper2DEditor (306)
[2019.04.11-00.49.53:603][436]LogModuleManager: Shutting down and abandoning module MeshPaint (305)
[2019.04.11-00.49.53:603][436]LogModuleManager: Shutting down and abandoning module TheGame (302)
[2019.04.11-00.49.53:603][436]LogModuleManager: Shutting down and abandoning module RuntimePhysXCooking (300)
[2019.04.11-00.49.53:603][436]LogModuleManager: Shutting down and abandoning module PhysXVehiclesEditor (298)
[2019.04.11-00.49.53:603][436]LogModuleManager: Shutting down and abandoning module PhysXVehicles (296)
[2019.04.11-00.49.53:603][436]LogModuleManager: Shutting down and abandoning module OculusEditor (294)
[2019.04.11-00.49.53:603][436]LogModuleManager: Shutting down and abandoning module LocationServicesBPLibrary (292)
[2019.04.11-00.49.53:603][436]LogModuleManager: Shutting down and abandoning module ImmediatePhysicsEditor (290)
[2019.04.11-00.49.53:603][436]LogModuleManager: Shutting down and abandoning module ImmediatePhysics (288)
[2019.04.11-00.49.53:603][436]LogModuleManager: Shutting down and abandoning module ActorSequence (286)
[2019.04.11-00.49.53:603][436]LogModuleManager: Shutting down and abandoning module UdpMessaging (284)
[2019.04.11-00.49.53:705][436]LogModuleManager: Shutting down and abandoning module TcpMessaging (282)
[2019.04.11-00.49.53:806][436]LogModuleManager: Shutting down and abandoning module MagicLeapAudio (280)
[2019.04.11-00.49.53:808][436]LogModuleManager: Shutting down and abandoning module GameplayTagsEditor (278)
[2019.04.11-00.49.53:809][436]LogModuleManager: Shutting down and abandoning module FacialAnimationEditor (276)
[2019.04.11-00.49.53:809][436]LogModuleManager: Shutting down and abandoning module FacialAnimation (274)
[2019.04.11-00.49.53:809][436]LogModuleManager: Shutting down and abandoning module DataValidation (272)
[2019.04.11-00.49.53:809][436]LogModuleManager: Shutting down and abandoning module AssetManagerEditor (270)
[2019.04.11-00.49.53:810][436]LogModuleManager: Shutting down and abandoning module LevelEditor (269)
[2019.04.11-00.49.53:812][436]LogModuleManager: Shutting down and abandoning module PixelInspectorModule (268)
[2019.04.11-00.49.53:813][436]LogModuleManager: Shutting down and abandoning module CommonMenuExtensions (266)
[2019.04.11-00.49.53:813][436]LogModuleManager: Shutting down and abandoning module MainFrame (264)
[2019.04.11-00.49.53:813][436]LogModuleManager: Shutting down and abandoning module HotReload (263)
[2019.04.11-00.49.53:815][436]LogModuleManager: Shutting down and abandoning module ContentBrowser (259)
[2019.04.11-00.49.53:817][436]LogModuleManager: Shutting down and abandoning module TreeMap (257)
[2019.04.11-00.49.53:817][436]LogModuleManager: Shutting down and abandoning module LightPropagationVolumeRuntime (254)
[2019.04.11-00.49.53:818][436]LogModuleManager: Shutting down and abandoning module AISupportModule (252)
[2019.04.11-00.49.53:818][436]LogModuleManager: Shutting down and abandoning module Paper2D (250)
[2019.04.11-00.49.53:818][436]LogModuleManager: Shutting down and abandoning module WindowsMoviePlayer (248)
[2019.04.11-00.49.53:818][436]LogModuleManager: Shutting down and abandoning module WmfMedia (246)
[2019.04.11-00.49.53:828][436]LogModuleManager: Shutting down and abandoning module Media (245)
[2019.04.11-00.49.53:836][436]LogModuleManager: Shutting down and abandoning module PacketHandler (242)
[2019.04.11-00.49.53:836][436]LogModuleManager: Shutting down and abandoning module ClothingSystemEditor (240)
[2019.04.11-00.49.53:836][436]LogModuleManager: Shutting down and abandoning module ClothingSystemRuntime (238)
[2019.04.11-00.49.53:836][436]LogModuleManager: Shutting down and abandoning module MediaAssets (236)
[2019.04.11-00.49.53:836][436]LogModuleManager: Shutting down and abandoning module Overlay (234)
[2019.04.11-00.49.53:836][436]LogModuleManager: Shutting down and abandoning module OverlayEditor (233)
[2019.04.11-00.49.53:836][436]LogModuleManager: Shutting down and abandoning module VREditor (230)
[2019.04.11-00.49.53:836][436]LogModuleManager: Shutting down and abandoning module StringTableEditor (228)
[2019.04.11-00.49.53:836][436]LogModuleManager: Shutting down and abandoning module GameplayTasksEditor (226)
[2019.04.11-00.49.53:836][436]LogModuleManager: Shutting down and abandoning module BehaviorTreeEditor (224)
[2019.04.11-00.49.53:837][436]LogModuleManager: Shutting down and abandoning module FunctionalTesting (222)
[2019.04.11-00.49.53:837][436]LogModuleManager: Shutting down and abandoning module CollisionAnalyzer (220)
[2019.04.11-00.49.53:837][436]LogModuleManager: Shutting down and abandoning module WorkspaceMenuStructure (219)
[2019.04.11-00.49.53:837][436]LogModuleManager: Shutting down and abandoning module UMG (216)
[2019.04.11-00.49.53:837][436]LogModuleManager: Shutting down and abandoning module UMGEditor (215)
[2019.04.11-00.49.53:837][436]LogModuleManager: Shutting down and abandoning module Sequencer (214)
[2019.04.11-00.49.53:837][436]LogModuleManager: Shutting down and abandoning module MessageLog (211)
[2019.04.11-00.49.53:837][436]LogModuleManager: Shutting down and abandoning module SlateReflector (206)
[2019.04.11-00.49.53:837][436]LogModuleManager: Shutting down and abandoning module Slate (204)
[2019.04.11-00.49.53:837][436]LogModuleManager: Shutting down and abandoning module EditorStyle (202)
[2019.04.11-00.49.53:842][436]LogModuleManager: Shutting down and abandoning module MRMesh (200)
[2019.04.11-00.49.53:842][436]LogModuleManager: Shutting down and abandoning module SourceCodeAccess (198)
[2019.04.11-00.49.53:842][436]LogModuleManager: Shutting down and abandoning module HeadMountedDisplay (196)
[2019.04.11-00.49.53:842][436]LogModuleManager: Shutting down and abandoning module XAudio2 (194)
[2019.04.11-00.49.53:842][436]LogModuleManager: Shutting down and abandoning module Networking (192)
[2019.04.11-00.49.53:842][436]LogModuleManager: Shutting down and abandoning module Core (190)
[2019.04.11-00.49.53:842][436]LogModuleManager: Shutting down and abandoning module LevelSequence (188)
[2019.04.11-00.49.53:843][436]LogModuleManager: Shutting down and abandoning module KismetCompiler (186)
[2019.04.11-00.49.53:843][436]LogModuleManager: Shutting down and abandoning module MeshUtilities (184)
[2019.04.11-00.49.53:843][436]LogModuleManager: Shutting down and abandoning module MeshMergeUtilities (183)
[2019.04.11-00.49.53:843][436]LogModuleManager: Shutting down and abandoning module MeshReductionInterface (182)
[2019.04.11-00.49.53:843][436]LogModuleManager: Shutting down and abandoning module SimplygonSwarm (181)
[2019.04.11-00.49.53:843][436]LogModuleManager: Shutting down and abandoning module ProxyLODMeshReduction (179)
[2019.04.11-00.49.53:843][436]LogModuleManager: Shutting down and abandoning module SimplygonMeshReduction (177)
[2019.04.11-00.49.53:843][436]LogModuleManager: Shutting down and abandoning module QuadricMeshReduction (175)
[2019.04.11-00.49.53:843][436]LogModuleManager: Shutting down and abandoning module MaterialBaking (171)
[2019.04.11-00.49.53:843][436]LogModuleManager: Shutting down and abandoning module DirectoryWatcher (167)
[2019.04.11-00.49.53:844][436]LogModuleManager: Shutting down and abandoning module DerivedDataCache (164)
[2019.04.11-00.49.53:846][436]LogDerivedDataCache: Shutdown
[2019.04.11-00.49.53:846][436]LogModuleManager: Shutting down and abandoning module XGEController (162)
[2019.04.11-00.49.53:846][436]LogModuleManager: Shutting down and abandoning module TargetPlatform (160)
[2019.04.11-00.49.53:846][436]LogModuleManager: Shutting down and abandoning module VulkanShaderFormat (159)
[2019.04.11-00.49.53:846][436]LogModuleManager: Shutting down and abandoning module ShaderFormatVectorVM (157)
[2019.04.11-00.49.53:846][436]LogModuleManager: Shutting down and abandoning module ShaderFormatOpenGL (155)
[2019.04.11-00.49.53:846][436]LogModuleManager: Shutting down and abandoning module ShaderFormatD3D (153)
[2019.04.11-00.49.53:846][436]LogModuleManager: Shutting down and abandoning module MetalShaderFormat (151)
[2019.04.11-00.49.53:846][436]LogModuleManager: Shutting down and abandoning module TextureFormatUncompressed (149)
[2019.04.11-00.49.53:846][436]LogModuleManager: Shutting down and abandoning module TextureFormatPVR (147)
[2019.04.11-00.49.53:846][436]LogModuleManager: Shutting down and abandoning module TextureFormatDXT (145)
[2019.04.11-00.49.53:846][436]LogModuleManager: Shutting down and abandoning module TextureFormatIntelISPCTexComp (143)
[2019.04.11-00.49.53:846][436]LogModuleManager: Shutting down and abandoning module TextureFormatASTC (141)
[2019.04.11-00.49.53:846][436]LogModuleManager: Shutting down and abandoning module ImageWrapper (140)
[2019.04.11-00.49.53:846][436]LogModuleManager: Shutting down and abandoning module TextureFormatAndroid (137)
[2019.04.11-00.49.53:846][436]LogModuleManager: Shutting down and abandoning module AudioFormatOpus (135)
[2019.04.11-00.49.53:847][436]LogModuleManager: Shutting down and abandoning module AudioFormatOgg (133)
[2019.04.11-00.49.53:847][436]LogModuleManager: Shutting down and abandoning module AudioFormatADPCM (131)
[2019.04.11-00.49.53:847][436]LogModuleManager: Shutting down and abandoning module LuminTargetPlatform (129)
[2019.04.11-00.49.53:847][436]LogModuleManager: Shutting down and abandoning module LinuxTargetPlatform (127)
[2019.04.11-00.49.53:847][436]LogModuleManager: Shutting down and abandoning module LinuxServerTargetPlatform (125)
[2019.04.11-00.49.53:847][436]LogModuleManager: Shutting down and abandoning module LinuxNoEditorTargetPlatform (123)
[2019.04.11-00.49.53:847][436]LogModuleManager: Shutting down and abandoning module LinuxClientTargetPlatform (121)
[2019.04.11-00.49.53:847][436]LogModuleManager: Shutting down and abandoning module TVOSTargetPlatform (119)
[2019.04.11-00.49.53:848][436]LogModuleManager: Shutting down and abandoning module Messaging (117)
[2019.04.11-00.49.53:848][436]LogModuleManager: Shutting down and abandoning module IOSTargetPlatform (115)
[2019.04.11-00.49.53:850][436]LogModuleManager: Shutting down and abandoning module HTML5TargetPlatform (113)
[2019.04.11-00.49.53:850][436]LogModuleManager: Shutting down and abandoning module AndroidTargetPlatform (111)
[2019.04.11-00.49.53:870][436]LogModuleManager: Shutting down and abandoning module WindowsTargetPlatform (109)
[2019.04.11-00.49.53:870][436]LogModuleManager: Shutting down and abandoning module WindowsServerTargetPlatform (107)
[2019.04.11-00.49.53:870][436]LogModuleManager: Shutting down and abandoning module WindowsNoEditorTargetPlatform (105)
[2019.04.11-00.49.53:870][436]LogModuleManager: Shutting down and abandoning module WindowsClientTargetPlatform (103)
[2019.04.11-00.49.53:870][436]LogModuleManager: Shutting down and abandoning module MacTargetPlatform (101)
[2019.04.11-00.49.53:871][436]LogModuleManager: Shutting down and abandoning module MacServerTargetPlatform (99)
[2019.04.11-00.49.53:871][436]LogModuleManager: Shutting down and abandoning module MacNoEditorTargetPlatform (97)
[2019.04.11-00.49.53:871][436]LogModuleManager: Shutting down and abandoning module MacClientTargetPlatform (95)
[2019.04.11-00.49.53:871][436]LogModuleManager: Shutting down and abandoning module AllDesktopTargetPlatform (93)
[2019.04.11-00.49.53:871][436]LogModuleManager: Shutting down and abandoning module InputCore (90)
[2019.04.11-00.49.53:871][436]LogModuleManager: Shutting down and abandoning module Settings (88)
[2019.04.11-00.49.53:871][436]LogModuleManager: Shutting down and abandoning module PhysXCooking (86)
[2019.04.11-00.49.53:871][436]LogModuleManager: Shutting down and abandoning module SteamVR (84)
[2019.04.11-00.49.53:871][436]LogModuleManager: Shutting down and abandoning module OculusHMD (82)
[2019.04.11-00.49.53:871][436]LogModuleManager: Shutting down and abandoning module ExampleDeviceProfileSelector (80)
[2019.04.11-00.49.53:871][436]LogModuleManager: Shutting down and abandoning module LauncherChunkInstaller (78)
[2019.04.11-00.49.53:871][436]LogModuleManager: Shutting down and abandoning module OnlineBlueprintSupport (76)
[2019.04.11-00.49.53:871][436]LogModuleManager: Shutting down and abandoning module OnlineSubsystem (72)
[2019.04.11-00.49.53:873][436]LogModuleManager: Shutting down and abandoning module XMPP (67)
[2019.04.11-00.49.53:873][436]LogModuleManager: Shutting down and abandoning module WebSockets (66)
[2019.04.11-00.49.53:906][436]LogModuleManager: Shutting down and abandoning module HTTP (63)
[2019.04.11-00.49.53:906][436]LogHttp: Display: Http module shutting down, but needs to wait on 1 outstanding Http requests:
[2019.04.11-00.49.53:906][436]LogHttp: Display: 	verb=[POST] url=[https://datarouter.ol.epicgames.com/datarouter/api/v1/public/data?SessionID=%7B0E68C340-42C0-692E-5810-E1AD6C6F1D3E%7D&AppID=UEEditor.Rocket.Release&AppVersion=4.20.3-4369336%2B%2B%2BUE4%2BRelease-4.20&UserID=60bd872546dd76e5a4f4d6a8fa3b362f%7C55bb19e164c9466fbcadc0b2d9237978%7C3f0bbeaa-0fa8-46e9-9ba5-8effceb3e44e&AppEnvironment=datacollector-binary&UploadType=eteventstream] status=Processing
[2019.04.11-00.49.53:928][436]LogModuleManager: Shutting down and abandoning module SSL (62)
[2019.04.11-00.49.53:929][436]LogModuleManager: Shutting down and abandoning module MagicLeapEmulator (58)
[2019.04.11-00.49.53:929][436]LogModuleManager: Shutting down and abandoning module MagicLeapPrivileges (56)
[2019.04.11-00.49.53:930][436]LogModuleManager: Shutting down and abandoning module MagicLeapIdentity (54)
[2019.04.11-00.49.53:930][436]LogModuleManager: Shutting down and abandoning module MagicLeapHelperVulkan (52)
[2019.04.11-00.49.53:930][436]LogModuleManager: Shutting down and abandoning module MagicLeapHelperOpenGL (50)
[2019.04.11-00.49.53:930][436]LogModuleManager: Shutting down and abandoning module MagicLeapSecureStorage (48)
[2019.04.11-00.49.53:930][436]LogModuleManager: Shutting down and abandoning module MagicLeapGestures (46)
[2019.04.11-00.49.53:930][436]LogModuleManager: Shutting down and abandoning module MagicLeapEyeTracker (44)
[2019.04.11-00.49.53:930][436]LogModuleManager: Shutting down and abandoning module MagicLeapController (42)
[2019.04.11-00.49.53:930][436]LogSlate: Slate User Destroyed.  User Index 0, Is Virtual User: 0
[2019.04.11-00.49.53:930][436]LogModuleManager: Shutting down and abandoning module MagicLeap (40)
[2019.04.11-00.49.53:930][436]LogModuleManager: Shutting down and abandoning module AnimationModifiers (38)
[2019.04.11-00.49.53:930][436]LogModuleManager: Shutting down and abandoning module PropertyEditor (37)
[2019.04.11-00.49.53:930][436]LogModuleManager: Shutting down and abandoning module AudioEditor (34)
[2019.04.11-00.49.53:930][436]LogModuleManager: Shutting down and abandoning module TextureCompressor (32)
[2019.04.11-00.49.53:931][436]LogModuleManager: Shutting down and abandoning module ShaderCore (30)
[2019.04.11-00.49.53:931][436]LogModuleManager: Shutting down and abandoning module Landscape (28)
[2019.04.11-00.49.53:931][436]LogModuleManager: Shutting down and abandoning module SlateRHIRenderer (26)
[2019.04.11-00.49.53:931][436]LogModuleManager: Shutting down and abandoning module OpenGLDrv (24)
[2019.04.11-00.49.53:931][436]LogModuleManager: Shutting down and abandoning module D3D11RHI (22)
[2019.04.11-00.49.53:932][436]LogModuleManager: Shutting down and abandoning module D3D12RHI (20)
[2019.04.11-00.49.53:932][436]LogModuleManager: Shutting down and abandoning module AnimGraphRuntime (18)
[2019.04.11-00.49.53:932][436]LogModuleManager: Shutting down and abandoning module Renderer (16)
[2019.04.11-00.49.53:932][436]LogModuleManager: Shutting down and abandoning module Engine (14)
[2019.04.11-00.49.53:932][436]LogModuleManager: Shutting down and abandoning module CoreUObject (12)
[2019.04.11-00.49.53:932][436]LogModuleManager: Shutting down and abandoning module NetworkFile (10)
[2019.04.11-00.49.53:932][436]LogModuleManager: Shutting down and abandoning module CookedIterativeFile (8)
[2019.04.11-00.49.53:932][436]LogModuleManager: Shutting down and abandoning module StreamingFile (6)
[2019.04.11-00.49.53:932][436]LogModuleManager: Shutting down and abandoning module SandboxFile (4)
[2019.04.11-00.49.53:932][436]LogModuleManager: Shutting down and abandoning module PakFile (2)
[2019.04.11-00.49.53:952][436]LogExit: Exiting.
[2019.04.11-00.49.53:984][436]Log file closed, 04/11/19 01:49:53
