Log file open, 04/11/19 14:00:10
LogWindows: Failed to load 'aqProf.dll' (GetLastError=126)
LogWindows: File 'aqProf.dll' does not exist
LogWindows: Failed to load 'VSPerf140.dll' (GetLastError=126)
LogWindows: File 'VSPerf140.dll' does not exist
LogWindows: Failed to load 'VtuneApi.dll' (GetLastError=126)
LogWindows: File 'VtuneApi.dll' does not exist
LogWindows: Failed to load 'VtuneApi32e.dll' (GetLastError=126)
LogWindows: File 'VtuneApi32e.dll' does not exist
LogInit: Display: Running engine for game: TheGame
LogPlatformFile: Not using cached read wrapper
LogTaskGraph: Started task graph with 5 named threads and 23 total threads with 3 sets of task threads.
LogStats: Stats thread started at 0.321313
LogD3D11RHI: Loaded GFSDK_Aftermath_Lib.x64.dll
LogICUInternationalization: Display: ICU TimeZone Detection - Raw Offset: +0:00, Platform Override: ''
LogPluginManager: Mounting plugin Paper2D
LogPluginManager: Mounting plugin AISupport
LogPluginManager: Mounting plugin LightPropagationVolume
LogPluginManager: Mounting plugin CLionSourceCodeAccess
LogPluginManager: Mounting plugin CodeLiteSourceCodeAccess
LogPluginManager: Mounting plugin GitSourceControl
LogPluginManager: Mounting plugin KDevelopSourceCodeAccess
LogPluginManager: Mounting plugin NullSourceCodeAccess
LogPluginManager: Mounting plugin PerforceSourceControl
LogPluginManager: Mounting plugin SubversionSourceControl
LogPluginManager: Mounting plugin UObjectPlugin
LogPluginManager: Mounting plugin VisualStudioCodeSourceCodeAccess
LogPluginManager: Mounting plugin VisualStudioSourceCodeAccess
LogPluginManager: Mounting plugin XCodeSourceCodeAccess
LogPluginManager: Mounting plugin AssetManagerEditor
LogPluginManager: Mounting plugin CryptoKeys
LogPluginManager: Mounting plugin DataValidation
LogPluginManager: Mounting plugin FacialAnimation
LogPluginManager: Mounting plugin GameplayTagsEditor
LogPluginManager: Mounting plugin MacGraphicsSwitching
LogPluginManager: Mounting plugin MeshEditor
LogPluginManager: Mounting plugin MobileLauncherProfileWizard
LogPluginManager: Mounting plugin PluginBrowser
LogPluginManager: Mounting plugin SpeedTreeImporter
LogPluginManager: Mounting plugin DatasmithContent
LogPluginManager: Mounting plugin AlembicImporter
LogPluginManager: Mounting plugin AppleImageUtils
LogPluginManager: Mounting plugin AppleVision
LogPluginManager: Mounting plugin BackChannel
LogPluginManager: Mounting plugin CharacterAI
LogPluginManager: Mounting plugin GeometryCache
LogPluginManager: Mounting plugin HTML5Networking
LogPluginManager: Mounting plugin ProxyLODPlugin
LogPluginManager: Mounting plugin MagicLeap
LogPluginManager: Mounting plugin MagicLeapEmulator
LogPluginManager: Mounting plugin MagicLeapMedia
LogPluginManager: Mounting plugin AndroidMedia
LogPluginManager: Mounting plugin AvfMedia
LogPluginManager: Mounting plugin ImgMedia
LogPluginManager: Mounting plugin LinearTimecode
LogPluginManager: Mounting plugin MediaCompositing
LogPluginManager: Mounting plugin MediaPlayerEditor
LogPluginManager: Mounting plugin WmfMedia
LogPluginManager: Mounting plugin TcpMessaging
LogPluginManager: Mounting plugin UdpMessaging
LogPluginManager: Mounting plugin ActorSequence
LogPluginManager: Mounting plugin LevelSequenceEditor
LogPluginManager: Mounting plugin MatineeToLevelSequence
LogPluginManager: Mounting plugin NetcodeUnitTest
LogPluginManager: Mounting plugin NUTUnrealEngine4
LogPluginManager: Mounting plugin OnlineSubsystemGooglePlay
LogPluginManager: Mounting plugin OnlineSubsystemIOS
LogPluginManager: Mounting plugin OnlineSubsystem
LogPluginManager: Mounting plugin OnlineSubsystemNull
LogPluginManager: Mounting plugin OnlineSubsystemUtils
LogPluginManager: Mounting plugin LauncherChunkInstaller
LogPluginManager: Mounting plugin AndroidDeviceProfileSelector
LogPluginManager: Mounting plugin AndroidMoviePlayer
LogPluginManager: Mounting plugin AndroidPermission
LogPluginManager: Mounting plugin AppleMoviePlayer
LogPluginManager: Mounting plugin ArchVisCharacter
LogPluginManager: Mounting plugin AudioCapture
LogPluginManager: Mounting plugin CableComponent
LogPluginManager: Mounting plugin CustomMeshComponent
LogPluginManager: Mounting plugin EditableMesh
LogPluginManager: Mounting plugin ExampleDeviceProfileSelector
LogPluginManager: Mounting plugin GoogleCloudMessaging
LogPluginManager: Mounting plugin ImmediatePhysics
LogPluginManager: Mounting plugin IOSDeviceProfileSelector
LogPluginManager: Mounting plugin LinuxDeviceProfileSelector
LogPluginManager: Mounting plugin LocationServicesBPLibrary
LogPluginManager: Mounting plugin MobilePatchingUtils
LogPluginManager: Mounting plugin OculusVR
LogPluginManager: Plugin shader directory ../../../Engine/Plugins/Runtime/Oculus/OculusVR/Shaders found
LogPluginManager: Mapping shader source directory ../../../Engine/Plugins/Runtime/Oculus/OculusVR/Shaders to virtual directory /Plugin/OculusVR
LogPluginManager: Mounting plugin PhysXVehicles
LogPluginManager: Mounting plugin ProceduralMeshComponent
LogPluginManager: Mounting plugin RuntimePhysXCooking
LogPluginManager: Mounting plugin SteamVR
LogPluginManager: Mounting plugin WindowsMoviePlayer
LogStreaming: Display: Took  0.356s to configure plugins.
LogInit: Using libcurl 7.55.1-DEV
LogInit:  - built for x86_64-pc-win32
LogInit:  - supports SSL with OpenSSL/1.0.2h
LogInit:  - supports HTTP deflate (compression) using libz 1.2.8
LogInit:  - other features:
LogInit:      CURL_VERSION_SSL
LogInit:      CURL_VERSION_LIBZ
LogInit:      CURL_VERSION_IPV6
LogInit:      CURL_VERSION_ASYNCHDNS
LogInit:      CURL_VERSION_LARGEFILE
LogInit:      CURL_VERSION_IDN
LogInit:  CurlRequestOptions (configurable via config and command line):
LogInit:  - bVerifyPeer = false  - Libcurl will NOT verify peer certificate
LogInit:  - bUseHttpProxy = false  - Libcurl will NOT use HTTP proxy
LogInit:  - bDontReuseConnections = false  - Libcurl will reuse connections
LogInit:  - CertBundlePath = nullptr  - Libcurl will use whatever was configured at build time.
LogInit:  - MaxHostConnections = 16  - Libcurl will limit the number of connections to a host
LogInit:  - LocalHostAddr = Default
LogInit:  - BufferSize = 65536
LogInit: WinSock: version 1.1 (2.2), MaxSocks=32767, MaxUdp=65467
LogInit: Build: ++UE4+Release-4.20-CL-4369336
LogInit: Engine Version: 4.20.3-4369336+++UE4+Release-4.20
LogInit: Compatible Engine Version: 4.20.0-4212847+++UE4+Release-4.20
LogInit: Net CL: 4212847
LogInit: OS: Windows 7 (Service Pack 1), CPU: Intel(R) Core(TM) i7-4770 CPU @ 3.40GHz, GPU: Intel(R) HD Graphics 4600
LogInit: Compiled (64-bit): Sep 17 2018 12:26:19
LogInit: Compiled with Visual C++: 19.13.26129.00
LogInit: Build Configuration: Development
LogInit: Branch Name: ++UE4+Release-4.20
LogInit: Command Line:  
LogInit: Base Directory: C:/Program Files/Epic Games/UE_4.20/Engine/Binaries/Win64/
LogInit: Installed Engine Build: 1
LogDevObjectVersion: Number of dev versions registered: 20
LogDevObjectVersion:   Dev-Blueprints (B0D832E4-1F89-4F0D-ACCF-7EB736FD4AA2): 10
LogDevObjectVersion:   Dev-Build (E1C64328-A22C-4D53-A36C-8E866417BD8C): 0
LogDevObjectVersion:   Dev-Core (375EC13C-06E4-48FB-B500-84F0262A717E): 2
LogDevObjectVersion:   Dev-Editor (E4B068ED-F494-42E9-A231-DA0B2E46BB41): 24
LogDevObjectVersion:   Dev-Framework (CFFC743F-43B0-4480-9391-14DF171D2073): 34
LogDevObjectVersion:   Dev-Mobile (B02B49B5-BB20-44E9-A304-32B752E40360): 2
LogDevObjectVersion:   Dev-Networking (A4E4105C-59A1-49B5-A7C5-40C4547EDFEE): 0
LogDevObjectVersion:   Dev-Online (39C831C9-5AE6-47DC-9A44-9C173E1C8E7C): 0
LogDevObjectVersion:   Dev-Physics (78F01B33-EBEA-4F98-B9B4-84EACCB95AA2): 0
LogDevObjectVersion:   Dev-Platform (6631380F-2D4D-43E0-8009-CF276956A95A): 0
LogDevObjectVersion:   Dev-Rendering (12F88B9F-8875-4AFC-A67C-D90C383ABD29): 26
LogDevObjectVersion:   Dev-Sequencer (7B5AE74C-D270-4C10-A958-57980B212A5A): 9
LogDevObjectVersion:   Dev-VR (D7296918-1DD6-4BDD-9DE2-64A83CC13884): 2
LogDevObjectVersion:   Dev-LoadTimes (C2A15278-BFE7-4AFE-6C17-90FF531DF755): 1
LogDevObjectVersion:   Private-Geometry (6EACA3D4-40EC-4CC1-B786-8BED09428FC5): 3
LogDevObjectVersion:   Dev-AnimPhys (29E575DD-E0A3-4627-9D10-D276232CDCEA): 17
LogDevObjectVersion:   Dev-ReflectionCapture (6B266CEC-1EC7-4B8F-A30B-E4D90942FC07): 1
LogDevObjectVersion:   Dev-Automation (0DF73D61-A23F-47EA-B727-89E90C41499A): 1
LogDevObjectVersion:   FortniteMain (601D1886-AC64-4F84-AA16-D3DE0DEAC7D6): 12
LogDevObjectVersion:   Dev-Enterprise (9DFFBCD6-494F-0158-E221-12823C92A888): 1
LogStreaming: Display: Took  0.023s to delete old logs.
LogInit: Presizing for max 8388607 objects, including 0 objects not considered by GC, pre-allocating 0 bytes for permanent pool.
LogInit: Object subsystem initialized
[2019.04.11-13.00.12:224][  0]LogInit: Selected Device Profile: [Windows]
[2019.04.11-13.00.12:224][  0]LogInit: Applying CVar settings loaded from the selected device profile: [Windows]
[2019.04.11-13.00.12:262][  0]LogHAL: Display: Platform has ~ 16 GB [16963743744 / 17179869184 / 16], which maps to Larger [LargestMinGB=32, LargerMinGB=12, DefaultMinGB=8, SmallerMinGB=6, SmallestMinGB=0)
[2019.04.11-13.00.12:262][  0]LogInit: Setting Device Profile CVar: [[r.Vulkan.UseRealUBs:1]]
[2019.04.11-13.00.12:262][  0]LogInit: Going up to parent DeviceProfile []
[2019.04.11-13.00.12:262][  0]LogInit: Computer: MI034-AA
[2019.04.11-13.00.12:262][  0]LogInit: User: 1603188
[2019.04.11-13.00.12:262][  0]LogInit: CPU Page size=4096, Cores=4
[2019.04.11-13.00.12:262][  0]LogInit: High frequency timer resolution =3.312714 MHz
[2019.04.11-13.00.12:262][  0]LogMemory: Memory total: Physical=15.8GB (16GB approx)
[2019.04.11-13.00.12:262][  0]LogMemory: Platform Memory Stats for Windows
[2019.04.11-13.00.12:262][  0]LogMemory: Process Physical Memory: 102.95 MB used, 102.95 MB peak
[2019.04.11-13.00.12:262][  0]LogMemory: Process Virtual Memory: 95.36 MB used, 95.36 MB peak
[2019.04.11-13.00.12:262][  0]LogMemory: Physical Memory: 5832.81 MB used,  10345.08 MB free, 16177.89 MB total
[2019.04.11-13.00.12:262][  0]LogMemory: Virtual Memory: 504.71 MB used,  10345.08 MB free, 8388608.00 MB total
[2019.04.11-13.00.13:689][  0]LogInit: Using OS detected language (en-GB).
[2019.04.11-13.00.13:689][  0]LogInit: Using OS detected locale (en-GB).
[2019.04.11-13.00.13:690][  0]LogTextLocalizationManager: No specific localization for 'en-GB' exists, so the 'en' localization will be used.
[2019.04.11-13.00.14:556][  0]LogStreaming: Display: Took  0.867s to InitEngineTextLocalization.
[2019.04.11-13.00.14:556][  0]LogWindows: Failed to load 'shcore.dll' (GetLastError=126)
[2019.04.11-13.00.14:556][  0]LogWindows: File 'shcore.dll' does not exist
[2019.04.11-13.00.14:556][  0]LogInit: Setting process to DPI aware
[2019.04.11-13.00.14:820][  0]LogSlate: New Slate User Created.  User Index 0, Is Virtual User: 0
[2019.04.11-13.00.14:820][  0]LogSlate: Slate User Registered.  User Index 0, Is Virtual User: 0
[2019.04.11-13.00.16:238][  0]LogHMD: Failed to initialize OpenVR with code 110
[2019.04.11-13.00.16:238][  0]LogD3D11RHI: D3D11 adapters:
[2019.04.11-13.00.16:245][  0]LogD3D11RHI:    0. 'Intel(R) HD Graphics 4600' (Feature Level 11_0)
[2019.04.11-13.00.16:245][  0]LogD3D11RHI:       128/0/1632 MB DedicatedVideo/DedicatedSystem/SharedSystem, Outputs:1, VendorId:0x8086
[2019.04.11-13.00.16:245][  0]LogD3D11RHI: Chosen D3D11 Adapter: 0
[2019.04.11-13.00.16:250][  0]LogD3D11RHI: Creating new Direct3DDevice
[2019.04.11-13.00.16:250][  0]LogD3D11RHI:     GPU DeviceId: 0x412 (for the marketing name, search the web for "GPU Device Id")
[2019.04.11-13.00.16:250][  0]LogWindows: EnumDisplayDevices:
[2019.04.11-13.00.16:251][  0]LogWindows:    0. 'Intel(R) HD Graphics 4600' (P:1 D:1)
[2019.04.11-13.00.16:251][  0]LogWindows:    1. 'Intel(R) HD Graphics 4600' (P:0 D:0)
[2019.04.11-13.00.16:251][  0]LogWindows:    2. 'Intel(R) HD Graphics 4600' (P:0 D:0)
[2019.04.11-13.00.16:251][  0]LogWindows:    3. 'RDPDD Chained DD' (P:0 D:0)
[2019.04.11-13.00.16:251][  0]LogWindows:    4. 'RDP Encoder Mirror Driver' (P:0 D:0)
[2019.04.11-13.00.16:251][  0]LogWindows:    5. 'RDP Reflector Display Driver' (P:0 D:0)
[2019.04.11-13.00.16:251][  0]LogWindows:    6. 'PCI GDIHOOK5' (P:0 D:0)
[2019.04.11-13.00.16:252][  0]LogWindows: DebugString: GetVideoDriverDetailsInvalid PrimaryIsNotTheChoosenAdapter GetVideoDriverDetailsInvalid PrimaryIsNotTheChoosenAdapter GetVideoDriverDetailsInvalid PrimaryIsNotTheChoosenAdapter GetVideoDriverDetailsInvalid PrimaryIsNotTheChoosenAdapter FoundDriverCount:3 
[2019.04.11-13.00.16:252][  0]LogD3D11RHI:     Adapter Name: Intel(R) HD Graphics 4600
[2019.04.11-13.00.16:252][  0]LogD3D11RHI:   Driver Version: 9.18.10.3220 (internal:9.18.10.3220, unified:9.18.10.3220)
[2019.04.11-13.00.16:252][  0]LogD3D11RHI:      Driver Date: 6-24-2013
[2019.04.11-13.00.16:252][  0]LogRHI: Texture pool is 660 MB (70% of 944 MB)
[2019.04.11-13.00.16:257][  0]LogD3D11RHI: Async texture creation enabled
[2019.04.11-13.00.16:266][  0]LogD3D11RHI: GPU Timing Frequency: 12.500000 (Debug: 2 0)
[2019.04.11-13.00.16:266][  0]LogShaderCompilers: Guid format shader working directory is 11 characters bigger than the processId version (E:/28.03.19/the-game-player-mechanics/Intermediate/Shaders/WorkingDirectory/6420/).
[2019.04.11-13.00.16:266][  0]LogShaderCompilers: Cleaned the shader compiler working directory 'C:/Users/1603188/AppData/Local/Temp/UnrealShaderWorkingDir/FF5CD40C4AF0F8CBF82D97A4455F805D/'.
[2019.04.11-13.00.17:413][  0]LogTemp: Display: Loaded TP AllDesktopTargetPlatform
[2019.04.11-13.00.17:429][  0]LogTemp: Display: Loaded TP MacClientTargetPlatform
[2019.04.11-13.00.17:450][  0]LogTemp: Display: Loaded TP MacNoEditorTargetPlatform
[2019.04.11-13.00.17:463][  0]LogTemp: Display: Loaded TP MacServerTargetPlatform
[2019.04.11-13.00.17:492][  0]LogTemp: Display: Loaded TP MacTargetPlatform
[2019.04.11-13.00.17:527][  0]LogTemp: Display: Loaded TP WindowsClientTargetPlatform
[2019.04.11-13.00.17:569][  0]LogTemp: Display: Loaded TP WindowsNoEditorTargetPlatform
[2019.04.11-13.00.17:626][  0]LogTemp: Display: Loaded TP WindowsServerTargetPlatform
[2019.04.11-13.00.17:712][  0]LogTemp: Display: Loaded TP WindowsTargetPlatform
[2019.04.11-13.00.17:964][  0]LogTemp: Display: Loaded TP AndroidTargetPlatform
[2019.04.11-13.00.17:964][  0]LogTemp: Display: Loaded TP AndroidTargetPlatform
[2019.04.11-13.00.17:964][  0]LogTemp: Display: Loaded TP AndroidTargetPlatform
[2019.04.11-13.00.17:964][  0]LogTemp: Display: Loaded TP AndroidTargetPlatform
[2019.04.11-13.00.17:964][  0]LogTemp: Display: Loaded TP AndroidTargetPlatform
[2019.04.11-13.00.17:964][  0]LogTemp: Display: Loaded TP AndroidTargetPlatform
[2019.04.11-13.00.17:964][  0]LogTemp: Display: Loaded TP AndroidTargetPlatform
[2019.04.11-13.00.17:964][  0]LogTemp: Display: Loaded TP AndroidTargetPlatform
[2019.04.11-13.00.17:964][  0]LogTemp: Display: Loaded TP AndroidTargetPlatform
[2019.04.11-13.00.17:964][  0]LogTemp: Display: Loaded TP AndroidTargetPlatform
[2019.04.11-13.00.17:964][  0]LogTemp: Display: Loaded TP AndroidTargetPlatform
[2019.04.11-13.00.17:964][  0]LogTemp: Display: Loaded TP AndroidTargetPlatform
[2019.04.11-13.00.17:964][  0]LogTemp: Display: Loaded TP AndroidTargetPlatform
[2019.04.11-13.00.17:964][  0]LogTemp: Display: Loaded TP AndroidTargetPlatform
[2019.04.11-13.00.17:964][  0]LogTemp: Display: Loaded TP AndroidTargetPlatform
[2019.04.11-13.00.17:964][  0]LogTemp: Display: Loaded TP AndroidTargetPlatform
[2019.04.11-13.00.17:964][  0]LogTemp: Display: Loaded TP AndroidTargetPlatform
[2019.04.11-13.00.17:964][  0]LogTemp: Display: Loaded TP AndroidTargetPlatform
[2019.04.11-13.00.17:986][  0]LogTemp: Display: Loaded TP HTML5TargetPlatform
[2019.04.11-13.00.18:092][  0]LogTemp: Display: Loaded TP IOSTargetPlatform
[2019.04.11-13.00.18:092][  0]LogTemp: Display: Loaded TP IOSTargetPlatform
[2019.04.11-13.00.18:155][  0]LogTemp: Display: Loaded TP TVOSTargetPlatform
[2019.04.11-13.00.18:155][  0]LogTemp: Display: Loaded TP TVOSTargetPlatform
[2019.04.11-13.00.18:175][  0]LogTemp: Display: Loaded TP LinuxClientTargetPlatform
[2019.04.11-13.00.18:190][  0]LogTemp: Display: Loaded TP LinuxNoEditorTargetPlatform
[2019.04.11-13.00.18:216][  0]LogTemp: Display: Loaded TP LinuxServerTargetPlatform
[2019.04.11-13.00.18:256][  0]LogTemp: Display: Loaded TP LinuxTargetPlatform
[2019.04.11-13.00.18:279][  0]LogTemp: Display: Loaded TP LuminTargetPlatform
[2019.04.11-13.00.18:279][  0]LogTargetPlatformManager: Display: Building Assets For Windows
[2019.04.11-13.00.18:556][  0]LogXGEController: Cleaning working directory: C:/Users/1603188/AppData/Local/Temp/UnrealXGEWorkingDir/
[2019.04.11-13.00.18:556][  0]LogXGEController: Cannot use XGE Controller as Incredibuild is not installed on this machine.
[2019.04.11-13.00.18:556][  0]LogShaderCompilers: Cannot use XGE Shader Compiler as Incredibuild is not installed on this machine.
[2019.04.11-13.00.18:556][  0]LogShaderCompilers: Display: Using Local Shader Compiler.
[2019.04.11-13.00.20:932][  0]LogDerivedDataCache: Display: Max Cache Size: 512 MB
[2019.04.11-13.00.20:933][  0]LogDerivedDataCache: Display: Starting with empty Boot cache
[2019.04.11-13.00.20:933][  0]LogDerivedDataCache: FDerivedDataBackendGraph:  Pak pak cache file E:/28.03.19/the-game-player-mechanics/DerivedDataCache/DDC.ddp not found, will not use a pak cache.
[2019.04.11-13.00.20:933][  0]LogDerivedDataCache: Unable to find inner node Pak for hierarchical cache Hierarchy.
[2019.04.11-13.00.20:933][  0]LogDerivedDataCache: FDerivedDataBackendGraph:  CompressedPak pak cache file E:/28.03.19/the-game-player-mechanics/DerivedDataCache/Compressed.ddp not found, will not use a pak cache.
[2019.04.11-13.00.20:933][  0]LogDerivedDataCache: Unable to find inner node CompressedPak for hierarchical cache Hierarchy.
[2019.04.11-13.00.20:964][  0]LogDerivedDataCache: Display: Pak cache opened for reading ../../../Engine/DerivedDataCache/Compressed.ddp.
[2019.04.11-13.00.20:975][  0]LogDerivedDataCache: Using Local data cache path C:/Users/1603188/AppData/Local/UnrealEngine/Common/DerivedDataCache: Writable
[2019.04.11-13.00.20:975][  0]LogDerivedDataCache: Shared data cache path not found in *engine.ini, will not use an Shared cache.
[2019.04.11-13.00.20:975][  0]LogDerivedDataCache: Unable to find inner node Shared for hierarchical cache Hierarchy.
[2019.04.11-13.00.21:034][  0]LogMaterial: Verifying Global Shaders for PCD3D_SM5
[2019.04.11-13.00.21:035][  0]LogSlate: Using FreeType 2.6.0
[2019.04.11-13.00.21:047][  0]LogSlate: SlateFontServices - WITH_FREETYPE: 1, WITH_HARFBUZZ: 1
[2019.04.11-13.00.21:681][  0]LogAssetRegistry: FAssetRegistry took 0.0915 seconds to start up
[2019.04.11-13.00.21:982][  0]LogInit: Selected Device Profile: [Windows]
[2019.04.11-13.00.22:546][  0]LogSimplygon: Simplygon DLL not present - disabling.
[2019.04.11-13.00.22:636][  0]LogMeshReduction: Using SimplygonSwarm for distributed automatic mesh merging
[2019.04.11-13.00.22:636][  0]LogMeshReduction: Using ProxyLODMeshReduction for automatic mesh merging
[2019.04.11-13.00.22:636][  0]LogMeshReduction: Using QuadricMeshReduction for automatic static mesh reduction
[2019.04.11-13.00.22:636][  0]LogMeshReduction: No automatic skeletal mesh reduction module available
[2019.04.11-13.00.22:775][  0]LogNetVersion: TheGame 1.0.0, NetCL: 4212847, EngineNetVer: 5, GameNetVer: 0 (Checksum: 2075402516)
[2019.04.11-13.00.25:684][  0]LogPackageLocalizationCache: Processed 11 localized package path(s) for 2 prioritized culture(s) in 0.268178 seconds
[2019.04.11-13.00.25:691][  0]LogUObjectArray: 38447 objects as part of root set at end of initial load.
[2019.04.11-13.00.25:691][  0]LogUObjectAllocator: 6692632 out of 0 bytes used by permanent object pool.
[2019.04.11-13.00.25:691][  0]LogUObjectArray: CloseDisregardForGC: 0/0 objects in disregard for GC pool
[2019.04.11-13.00.33:829][  0]LogTcpMessaging: Initializing TcpMessaging bridge
[2019.04.11-13.00.33:873][  0]LogUdpMessaging: Initializing bridge on interface 0.0.0.0:0 to multicast group 230.0.0.1:6666.
[2019.04.11-13.00.36:190][  0]LogStaticMesh: Building static mesh Bullet...
[2019.04.11-13.00.36:232][  0]LogTexture: Display: Building textures: Bullet_UV2 (AutoDXT, 512X512)
[2019.04.11-13.00.36:232][  0]LogStaticMesh: Built static mesh [0.04s] /Game/Bullet.Bullet
[2019.04.11-13.00.36:321][  0]LogMaterial: Display: Missing cached shader map for material Bullet_UV, compiling. 
[2019.04.11-13.00.36:475][  0]LogShaderCompilers: Display: Shaders left to compile 22
[2019.04.11-13.00.36:475][  0]LogShaderCompilers: Display: Shaders left to compile 12
[2019.04.11-13.00.36:475][  0]LogShaderCompilers: Display: Shaders left to compile 2
[2019.04.11-13.00.36:475][  0]LogMaterial: Display: Missing cached shader map for material M_Cursor_Decal, compiling. 
[2019.04.11-13.00.36:762][  0]LogShaderCompilers: Display: Shaders left to compile 34
[2019.04.11-13.00.36:762][  0]LogShaderCompilers: Display: Shaders left to compile 24
[2019.04.11-13.00.36:762][  0]LogSkeletalMesh: Building Skeletal Mesh advancedCharacter_2...
[2019.04.11-13.00.36:769][  0]LogSkeletalMesh: Built Skeletal Mesh [0.01s] /Game/advancedCharacter_2.advancedCharacter_2
[2019.04.11-13.00.36:841][  0]LogTexture: Display: Building textures: skin_adventurer (AutoDXT, 1024X1024)
[2019.04.11-13.00.36:842][  0]LogMaterial: Display: Missing cached shader map for material skin_adventurer_Mat, compiling. 
[2019.04.11-13.00.37:498][  0]LogShaderCompilers: Display: Shaders left to compile 74
[2019.04.11-13.00.37:810][  0]SourceControl: Source control is disabled
[2019.04.11-13.00.37:810][  0]SourceControl: Source control is disabled
[2019.04.11-13.00.38:072][  0]SourceControl: Source control is disabled
[2019.04.11-13.00.38:149][  0]SourceControl: Source control is disabled
[2019.04.11-13.00.40:381][  0]LogShaderCompilers: Display: Shaders left to compile 64
[2019.04.11-13.00.40:382][  0]LogShaderCompilers: Display: Shaders left to compile 54
[2019.04.11-13.00.40:382][  0]LogShaderCompilers: Display: Shaders left to compile 44
[2019.04.11-13.00.40:854][  0]LogAndroidPermission: UAndroidPermissionCallbackProxy::GetInstance
[2019.04.11-13.00.41:044][  0]LogOcInput: OculusInput pre-init called
[2019.04.11-13.00.41:270][  0]LogShaderCompilers: Display: Shaders left to compile 34
[2019.04.11-13.00.41:270][  0]LogShaderCompilers: Display: Shaders left to compile 24
[2019.04.11-13.00.41:270][  0]LogEngine: Initializing Engine...
[2019.04.11-13.00.41:271][  0]LogHMD: Failed to initialize OpenVR with code 110
[2019.04.11-13.00.41:274][  0]LogStats: UGameplayTagsManager::ConstructGameplayTagTree: ImportINI prefixes -  0.000 s
[2019.04.11-13.00.41:274][  0]LogStats: UGameplayTagsManager::ConstructGameplayTagTree: Construct from data asset -  0.000 s
[2019.04.11-13.00.41:274][  0]LogStats: UGameplayTagsManager::ConstructGameplayTagTree: ImportINI -  0.000 s
[2019.04.11-13.00.41:274][  0]LogStats: UGameplayTagsManager::ConstructGameplayTagTree: GameplayTagTreeChangedEvent.Broadcast -  0.000 s
[2019.04.11-13.00.42:495][  0]LogShaderCompilers: Display: Shaders left to compile 14
[2019.04.11-13.00.42:496][  0]LogShaderCompilers: Display: Shaders left to compile 4
[2019.04.11-13.00.42:496][  0]LogInit: Initializing FReadOnlyCVARCache
[2019.04.11-13.00.42:552][  0]LogAIModule: Creating AISystem for world Untitled
[2019.04.11-13.00.42:571][  0]LogInit: XAudio2 using 'Speakers (Realtek High Definition Audio)' : 2 channels at 48 kHz using 32 bits per sample (channel mask 0x3)
[2019.04.11-13.00.42:585][  0]LogInit: FAudioDevice initialized.
[2019.04.11-13.00.42:586][  0]LogNetVersion: Set ProjectVersion to 1.0.0.0. Version Checksum will be recalculated on next use.
[2019.04.11-13.00.42:738][  0]LogDerivedDataCache: Saved boot cache 0.15s 87MB C:/Users/1603188/AppData/Local/UnrealEngine/4.20/DerivedDataCache/Boot.ddc.
[2019.04.11-13.00.42:739][  0]LogInit: Texture streaming: Enabled
[2019.04.11-13.00.42:756][  0]LogEngineSessionManager: EngineSessionManager initialized
[2019.04.11-13.00.43:009][  0]LogInit: Transaction tracking system initialized
[2019.04.11-13.00.43:033][  0]BlueprintLog: New page: Editor Load
[2019.04.11-13.00.43:364][  0]LocalizationService: Localization service is disabled
[2019.04.11-13.00.47:535][  0]LogCook: Display: Max memory allowance for cook 16384mb min free memory 0mb
[2019.04.11-13.00.47:535][  0]LogCook: Display: Mobile HDR setting 1
[2019.04.11-13.00.47:535][  0]LogGameplayTags: Display: UGameplayTagsManager::DoneAddingNativeTags. DelegateIsBound: 0
[2019.04.11-13.00.47:535][  0]LogStats: UGameplayTagsManager::ConstructGameplayTagTree: ImportINI prefixes -  0.000 s
[2019.04.11-13.00.47:535][  0]LogStats: UGameplayTagsManager::ConstructGameplayTagTree: Construct from data asset -  0.000 s
[2019.04.11-13.00.47:535][  0]LogStats: UGameplayTagsManager::ConstructGameplayTagTree: ImportINI -  0.000 s
[2019.04.11-13.00.47:535][  0]LogStats: UGameplayTagsManager::ConstructGameplayTagTree: GameplayTagTreeChangedEvent.Broadcast -  0.000 s
[2019.04.11-13.00.47:982][  0]LogFileCache: Scanning file cache for directory 'E:/28.03.19/the-game-player-mechanics/Content/' took 0.02s
[2019.04.11-13.00.50:451][  0]SourceControl: Source control is disabled
[2019.04.11-13.00.50:452][  0]Cmd: MAP LOAD FILE="E:/28.03.19/the-game-player-mechanics/Content/TopDownCPP/Maps/TheGameMap.umap" TEMPLATE=0 SHOWPROGRESS=1 FEATURELEVEL=3
[2019.04.11-13.00.50:880][  0]LightingResults: New page: Lighting Build
[2019.04.11-13.00.50:882][  0]MapCheck: New page: Map Check
[2019.04.11-13.00.50:882][  0]LightingResults: New page: Lighting Build
[2019.04.11-13.00.52:807][  0]LogTexture: Display: Building textures: HQ_Lightmap0_2 (AutoDXT, 64X64)
[2019.04.11-13.00.52:807][  0]LogTexture: Display: Building textures: Floor (BGRA8, 225X225)
[2019.04.11-13.00.52:807][  0]LogTexture: Display: Building textures: skin_robot (AutoDXT, 1024X1024)
[2019.04.11-13.00.52:807][  0]LogTexture: Display: Building textures: LQ_Lightmap_0_2 (DXT1, 64X64)
[2019.04.11-13.00.52:807][  0]LogTexture: Display: Building textures: LQ_Lightmap_0_1 (DXT1, 512X512)
[2019.04.11-13.00.52:807][  0]LogTexture: Display: Building textures: SkyOcclusion0_1 (AutoDXT, 512X256)
[2019.04.11-13.00.52:807][  0]LogTexture: Display: Building textures: HQ_Lightmap0_1 (AutoDXT, 512X512)
[2019.04.11-13.00.52:807][  0]LogTexture: Display: Building textures: SkyOcclusion0_2 (AutoDXT, 64X32)
[2019.04.11-13.00.52:807][  0]LogTexture: Display: Building textures: ShadowMapTexture2D_4 (G8, 1024X128)
[2019.04.11-13.00.52:807][  0]LogTexture: Display: Building textures: ShadowMapTexture2D_5 (G8, 32X32)
[2019.04.11-13.00.52:807][  0]LogMaterial: Display: Missing cached shader map for material Enemy_Material, compiling. 
[2019.04.11-13.00.52:869][  0]LogShaderCompilers: Display: Shaders left to compile 22
[2019.04.11-13.00.52:869][  0]LogShaderCompilers: Display: Shaders left to compile 12
[2019.04.11-13.00.52:869][  0]LogShaderCompilers: Display: Shaders left to compile 2
[2019.04.11-13.00.52:869][  0]LogMaterial: Display: Missing cached shader map for material skin_robot_Mat, compiling. 
[2019.04.11-13.00.52:923][  0]LogShaderCompilers: Display: Shaders left to compile 60
[2019.04.11-13.00.52:923][  0]LogShaderCompilers: Display: Shaders left to compile 50
[2019.04.11-13.00.52:923][  0]LogSkeletalMesh: Building Skeletal Mesh advancedCharacter...
[2019.04.11-13.00.52:924][  0]LogSkeletalMesh: Built Skeletal Mesh [0.00s] /Game/advancedCharacter.advancedCharacter
[2019.04.11-13.00.52:973][  0]LogMaterial: Display: Missing cached shader map for material Item_Material, compiling. 
[2019.04.11-13.00.53:029][  0]LogMaterial: Display: Missing cached shader map for material MinimapMat, compiling. 
[2019.04.11-13.00.53:159][  0]LogMaterial: Display: Missing cached shader map for material rock, compiling. 
[2019.04.11-13.00.53:210][  0]LogStaticMesh: Building static mesh meteorFullRound_meteorFullRound...
[2019.04.11-13.00.53:225][  0]LogStaticMesh: Built static mesh [0.01s] /Game/Assets/meteorFullRound_meteorFullRound.meteorFullRound_meteorFullRound
[2019.04.11-13.00.53:228][  0]LogShaderCompilers: Display: Shaders left to compile 107
[2019.04.11-13.00.53:228][  0]LogStaticMesh: Building static mesh rocks...
[2019.04.11-13.00.53:248][  0]LogStaticMesh: Built static mesh [0.02s] /Game/Assets/rocks.rocks
[2019.04.11-13.00.53:250][  0]LogStaticMesh: Building static mesh rocksTall...
[2019.04.11-13.00.53:279][  0]LogStaticMesh: Built static mesh [0.03s] /Game/Assets/rocksTall.rocksTall
[2019.04.11-13.00.53:284][  0]LogStaticMesh: Building static mesh rocksSmall...
[2019.04.11-13.00.53:304][  0]LogStaticMesh: Built static mesh [0.02s] /Game/Assets/rocksSmall.rocksSmall
[2019.04.11-13.00.53:307][  0]LogMaterial: Display: Missing cached shader map for material _defaultMat, compiling. 
[2019.04.11-13.00.53:407][  0]LogMaterial: Display: Missing cached shader map for material Floor_Mat, compiling. 
[2019.04.11-13.00.53:730][  0]LogAIModule: Creating AISystem for world TheGameMap
[2019.04.11-13.00.53:892][  0]LogEditorServer: Finished looking for orphan Actors (0.000 secs)
[2019.04.11-13.00.54:055][  0]Cmd: MAP CHECKDEP NOCLEARLOG
[2019.04.11-13.00.54:148][  0]MapCheck: Map check complete: 0 Error(s), 0 Warning(s), took 93ms to complete.
[2019.04.11-13.00.54:148][  0]LogFileHelpers: Loading map 'TheGameMap' took 3.696
[2019.04.11-13.00.54:414][  0]LogSlate: Updating window title bar state: overlay mode, drag disabled, window buttons hidden, title bar hidden
[2019.04.11-13.00.54:425][  0]LogSlate: Updating window title bar state: overlay mode, drag disabled, window buttons hidden, title bar hidden
[2019.04.11-13.00.54:436][  0]LogSlate: Updating window title bar state: overlay mode, drag disabled, window buttons hidden, title bar hidden
[2019.04.11-13.00.54:447][  0]LogSlate: Updating window title bar state: overlay mode, drag disabled, window buttons hidden, title bar hidden
[2019.04.11-13.00.54:456][  0]LogCollectionManager: Loaded 0 collections in 0.002153 seconds
[2019.04.11-13.00.54:948][  0]LogFileCache: Scanning file cache for directory 'E:/28.03.19/the-game-player-mechanics/Saved/Collections/' took 0.01s
[2019.04.11-13.00.54:948][  0]LogFileCache: Scanning file cache for directory 'E:/28.03.19/the-game-player-mechanics/Content/Developers/1603188/Collections/' took 0.24s
[2019.04.11-13.00.54:948][  0]LogFileCache: Scanning file cache for directory 'E:/28.03.19/the-game-player-mechanics/Content/Collections/' took 0.00s
[2019.04.11-13.00.54:948][  0]LogCollectionManager: Rebuilt the GUID cache for 0 collections in 0.000001 seconds
[2019.04.11-13.00.54:964][  0]LogContentBrowser: Native class hierarchy populated in 0.0150 seconds. Added 2577 classes and 605 folders.
[2019.04.11-13.00.54:977][  0]LogContentBrowser: Native class hierarchy updated for 'WidgetCarousel' in 0.0004 seconds. Added 0 classes and 0 folders.
[2019.04.11-13.00.56:828][  0]LogShaderCompilers: Display: Shaders left to compile 159
[2019.04.11-13.00.56:828][  0]LogShaderCompilers: Display: Shaders left to compile 149
[2019.04.11-13.00.56:828][  0]LogShaderCompilers: Display: Shaders left to compile 139
[2019.04.11-13.00.56:828][  0]LogShaderCompilers: Display: Shaders left to compile 129
[2019.04.11-13.00.56:828][  0]LogShaderCompilers: Display: Shaders left to compile 119
[2019.04.11-13.00.56:828][  0]LogContentBrowser: Native class hierarchy updated for 'AddContentDialog' in 0.0005 seconds. Added 0 classes and 0 folders.
[2019.04.11-13.00.56:847][  0]LogContentBrowser: Native class hierarchy updated for 'SceneOutliner' in 0.0005 seconds. Added 1 classes and 2 folders.
[2019.04.11-13.00.56:886][  0]LogSlate: Took 0.017367 seconds to synchronously load lazily loaded font '../../../Engine/Content/Slate/Fonts/Roboto-Regular.ttf' (155K)
[2019.04.11-13.00.56:927][  0]LogSlate: Took 0.037315 seconds to synchronously load lazily loaded font '../../../Engine/Content/Slate/Fonts/Roboto-Bold.ttf' (160K)
[2019.04.11-13.00.56:970][  0]LogSlate: Took 0.036562 seconds to synchronously load lazily loaded font '../../../Engine/Content/Editor/Slate/Fonts/FontAwesome.ttf' (139K)
[2019.04.11-13.00.57:375][  0]LogRenderer: Reallocating scene render targets to support 256x256 Format 10 NumSamples 1 (Frame:1).
[2019.04.11-13.00.58:263][  0]LogRenderer: Reallocating scene render targets to support 804x392 Format 10 NumSamples 1 (Frame:1).
[2019.04.11-13.00.59:083][  0]LogShaderCompilers: Display: Shaders left to compile 109
[2019.04.11-13.00.59:083][  0]LogShaderCompilers: Display: Shaders left to compile 99
[2019.04.11-13.00.59:083][  0]LogSlate: Took 0.021638 seconds to synchronously load lazily loaded font '../../../Engine/Content/Slate/Fonts/Roboto-Light.ttf' (167K)
[2019.04.11-13.00.59:279][  0]LogSlate: FSceneViewport::OnFocusLost() reason 2
[2019.04.11-13.00.59:719][  0]LogShaderCompilers: Display: Shaders left to compile 89
[2019.04.11-13.00.59:719][  0]LogSlate: Window 'Tutorials' being destroyed
[2019.04.11-13.00.59:750][  0]LogShaderCompilers: Display: Shaders left to compile 79
[2019.04.11-13.00.59:750][  0]LogContentBrowser: Native class hierarchy updated for 'HierarchicalLODOutliner' in 0.0005 seconds. Added 0 classes and 0 folders.
[2019.04.11-13.00.59:750][  0]LogLoad: (Engine Initialization) Total time: 52.27 seconds
[2019.04.11-13.00.59:750][  0]LogLoad: (Engine Initialization) Total Blueprint compile time: 0.00 seconds
[2019.04.11-13.00.59:867][  0]LogContentStreaming: Texture pool size now 1000 MB
[2019.04.11-13.01.00:377][  3]LogShaderCompilers: Display: Shaders left to compile 69
[2019.04.11-13.01.00:531][  3]LogShaderCompilers: Display: Shaders left to compile 59
[2019.04.11-13.01.01:290][  3]LogAssetRegistry: Asset discovery search completed in 39.6301 seconds
[2019.04.11-13.01.01:293][  3]LogCollectionManager: Rebuilt the object cache for 0 collections in 0.000000 seconds (found 0 objects)
[2019.04.11-13.01.01:293][  3]LogCollectionManager: Fixed up redirectors for 0 collections in 0.000085 seconds (updated 0 objects)
[2019.04.11-13.01.02:713][ 34]LogShaderCompilers: Display: Shaders left to compile 49
[2019.04.11-13.01.03:312][ 49]LogShaderCompilers: Display: Shaders left to compile 39
[2019.04.11-13.01.03:637][ 57]LogShaderCompilers: Display: Shaders left to compile 29
[2019.04.11-13.01.03:637][ 57]LogShaderCompilers: Display: Shaders left to compile 19
[2019.04.11-13.01.06:319][121]LogShaderCompilers: Display: Shaders left to compile 9
[2019.04.11-13.01.36:593][336]LogSlate: FSceneViewport::OnFocusLost() reason 0
[2019.04.11-13.09.28:808][ 82]LogTemp: Repeating last play command: Selected Viewport
[2019.04.11-13.09.28:836][ 82]LogBlueprintUserMessages: Early PlayInEditor Detection: Level '/Game/TopDownCPP/Maps/TheGameMap.TheGameMap:PersistentLevel' has LevelScriptBlueprint '/Game/TopDownCPP/Maps/TheGameMap.TheGameMap:PersistentLevel.TheGameMap' with GeneratedClass '/Game/TopDownCPP/Maps/TheGameMap.TheGameMap_C' with ClassGeneratedBy '/Game/TopDownCPP/Maps/TheGameMap.TheGameMap:PersistentLevel.TheGameMap'
[2019.04.11-13.09.28:837][ 82]LogPlayLevel: PlayLevel: No blueprints needed recompiling
[2019.04.11-13.09.28:848][ 82]PIE: New page: PIE session: TheGameMap (11 Apr 2019 15:09:28)
[2019.04.11-13.09.28:848][ 82]LogPlayLevel: Creating play world package: /Game/TopDownCPP/Maps/UEDPIE_0_TheGameMap
[2019.04.11-13.09.28:885][ 82]LogPlayLevel: PIE: StaticDuplicateObject took: (0.036664s)
[2019.04.11-13.09.28:891][ 82]LogAIModule: Creating AISystem for world TheGameMap
[2019.04.11-13.09.28:892][ 82]LogPlayLevel: PIE: World Init took: (0.007135s)
[2019.04.11-13.09.28:892][ 82]LogPlayLevel: PIE: Created PIE world by copying editor world from /Game/TopDownCPP/Maps/TheGameMap.TheGameMap to /Game/TopDownCPP/Maps/UEDPIE_0_TheGameMap.TheGameMap (0.044196s)
[2019.04.11-13.09.28:935][ 82]LogInit: XAudio2 using 'Speakers (Realtek High Definition Audio)' : 2 channels at 48 kHz using 32 bits per sample (channel mask 0x3)
[2019.04.11-13.09.28:944][ 82]LogInit: FAudioDevice initialized.
[2019.04.11-13.09.28:982][ 82]LogLoad: Game class is 'WaveGameMode_C'
[2019.04.11-13.09.28:984][ 82]LogWorld: Bringing World /Game/TopDownCPP/Maps/UEDPIE_0_TheGameMap.TheGameMap up for play (max tick rate 0) at 2019.04.11-14.09.28
[2019.04.11-13.09.28:985][ 82]LogWorld: Bringing up level for play took: 0.001173
[2019.04.11-13.09.29:010][ 82]LogContentBrowser: Native class hierarchy updated for 'MovieSceneCapture' in 0.0006 seconds. Added 10 classes and 0 folders.
[2019.04.11-13.09.29:039][ 82]PIE: Play in editor start time for /Game/TopDownCPP/Maps/UEDPIE_0_TheGameMap 0.838
[2019.04.11-13.09.29:039][ 82]LogBlueprintUserMessages: Late PlayInEditor Detection: Level '/Game/TopDownCPP/Maps/TheGameMap.TheGameMap:PersistentLevel' has LevelScriptBlueprint '/Game/TopDownCPP/Maps/TheGameMap.TheGameMap:PersistentLevel.TheGameMap' with GeneratedClass '/Game/TopDownCPP/Maps/TheGameMap.TheGameMap_C' with ClassGeneratedBy '/Game/TopDownCPP/Maps/TheGameMap.TheGameMap:PersistentLevel.TheGameMap'
[2019.04.11-13.09.30:676][119]LogBlueprintUserMessages: Early EndPlayMap Detection: Level '/Game/TopDownCPP/Maps/TheGameMap.TheGameMap:PersistentLevel' has LevelScriptBlueprint '/Game/TopDownCPP/Maps/TheGameMap.TheGameMap:PersistentLevel.TheGameMap' with GeneratedClass '/Game/TopDownCPP/Maps/TheGameMap.TheGameMap_C' with ClassGeneratedBy '/Game/TopDownCPP/Maps/TheGameMap.TheGameMap:PersistentLevel.TheGameMap'
[2019.04.11-13.09.30:677][119]LogSlate: Updating window title bar state: overlay mode, drag disabled, window buttons hidden, title bar hidden
[2019.04.11-13.09.30:742][119]LogPlayLevel: Display: Shutting down PIE online subsystems
[2019.04.11-13.09.30:743][119]LogBlueprintUserMessages: Late EndPlayMap Detection: Level '/Game/TopDownCPP/Maps/TheGameMap.TheGameMap:PersistentLevel' has LevelScriptBlueprint '/Game/TopDownCPP/Maps/TheGameMap.TheGameMap:PersistentLevel.TheGameMap' with GeneratedClass '/Game/TopDownCPP/Maps/TheGameMap.TheGameMap_C' with ClassGeneratedBy '/Game/TopDownCPP/Maps/TheGameMap.TheGameMap:PersistentLevel.TheGameMap'
[2019.04.11-13.09.30:763][119]LogSlate: Updating window title bar state: overlay mode, drag disabled, window buttons hidden, title bar hidden
[2019.04.11-13.09.30:787][121]LogPlayLevel: Display: Destroying online subsystem :Context_3
[2019.04.11-13.16.29:386][370]LogTemp: Repeating last play command: Standalone Game
[2019.04.11-13.25.16:333][ 19]LogSlate: Window 'TheGame - Unreal Editor' being destroyed
[2019.04.11-13.25.16:481][ 20]Cmd: QUIT_EDITOR
[2019.04.11-13.25.16:505][ 20]LogExit: Preparing to exit.
[2019.04.11-13.25.16:901][ 20]LogExit: Editor shut down
[2019.04.11-13.25.16:902][ 20]LogExit: Transaction tracking system shut down
[2019.04.11-13.25.17:348][ 20]LogExit: Object subsystem successfully closed.
[2019.04.11-13.25.17:367][ 20]LogShaderCompilers: Display: Shaders left to compile 0
[2019.04.11-13.25.17:370][ 20]LogD3D11RHI: Shutdown
[2019.04.11-13.25.17:370][ 20]LogD3D11RHI: CleanupD3DDevice
[2019.04.11-13.25.17:374][ 20]LogD3D11RHI: ~FD3D11DynamicRHI
[2019.04.11-13.25.17:386][ 20]LogModuleManager: Shutting down and abandoning module MovieSceneCapture (618)
[2019.04.11-13.25.17:386][ 20]LogModuleManager: Shutting down and abandoning module Voice (616)
[2019.04.11-13.25.17:386][ 20]LogModuleManager: Shutting down and abandoning module HierarchicalLODOutliner (614)
[2019.04.11-13.25.17:386][ 20]LogModuleManager: Shutting down and abandoning module SceneOutliner (612)
[2019.04.11-13.25.17:386][ 20]LogModuleManager: Shutting down and abandoning module AddContentDialog (610)
[2019.04.11-13.25.17:388][ 20]LogModuleManager: Shutting down and abandoning module WidgetCarousel (609)
[2019.04.11-13.25.17:388][ 20]LogModuleManager: Shutting down and abandoning module EditorWidgets (606)
[2019.04.11-13.25.17:388][ 20]LogModuleManager: Shutting down and abandoning module CollectionManager (604)
[2019.04.11-13.25.17:388][ 20]LogModuleManager: Shutting down and abandoning module StatsViewer (602)
[2019.04.11-13.25.17:388][ 20]LogModuleManager: Shutting down and abandoning module FoliageEdit (600)
[2019.04.11-13.25.17:388][ 20]LogModuleManager: Shutting down and abandoning module LandscapeEditor (598)
[2019.04.11-13.25.17:388][ 20]LogModuleManager: Shutting down and abandoning module MeshPaintMode (596)
[2019.04.11-13.25.17:388][ 20]LogModuleManager: Shutting down and abandoning module SceneDepthPickerMode (594)
[2019.04.11-13.25.17:388][ 20]LogModuleManager: Shutting down and abandoning module ActorPickerMode (592)
[2019.04.11-13.25.17:388][ 20]LogModuleManager: Shutting down and abandoning module GeometryMode (590)
[2019.04.11-13.25.17:388][ 20]LogModuleManager: Shutting down and abandoning module TextureAlignMode (588)
[2019.04.11-13.25.17:388][ 20]LogModuleManager: Shutting down and abandoning module BspMode (586)
[2019.04.11-13.25.17:388][ 20]LogModuleManager: Shutting down and abandoning module PIEPreviewDeviceProfileSelector (584)
[2019.04.11-13.25.17:388][ 20]LogModuleManager: Shutting down and abandoning module SequenceRecorderSections (582)
[2019.04.11-13.25.17:388][ 20]LogModuleManager: Shutting down and abandoning module AutomationWorker (580)
[2019.04.11-13.25.17:388][ 20]LogModuleManager: Shutting down and abandoning module AudioCaptureEditor (578)
[2019.04.11-13.25.17:388][ 20]LogModuleManager: Shutting down and abandoning module SequenceRecorder (577)
[2019.04.11-13.25.17:388][ 20]LogModuleManager: Shutting down and abandoning module MatineeToLevelSequence (574)
[2019.04.11-13.25.17:388][ 20]LogModuleManager: Shutting down and abandoning module LevelSequenceEditor (572)
[2019.04.11-13.25.17:388][ 20]LogModuleManager: Shutting down and abandoning module PlacementMode (571)
[2019.04.11-13.25.17:388][ 20]LogModuleManager: Shutting down and abandoning module MaterialEditor (570)
[2019.04.11-13.25.17:388][ 20]LogModuleManager: Shutting down and abandoning module WmfMediaFactory (566)
[2019.04.11-13.25.17:388][ 20]LogModuleManager: Shutting down and abandoning module WmfMediaEditor (564)
[2019.04.11-13.25.17:388][ 20]LogModuleManager: Shutting down and abandoning module MediaPlayerEditor (562)
[2019.04.11-13.25.17:388][ 20]LogModuleManager: Shutting down and abandoning module OpenExrWrapper (560)
[2019.04.11-13.25.17:388][ 20]LogModuleManager: Shutting down and abandoning module ImgMediaFactory (558)
[2019.04.11-13.25.17:388][ 20]LogModuleManager: Shutting down and abandoning module ImgMediaEditor (556)
[2019.04.11-13.25.17:388][ 20]LogModuleManager: Shutting down and abandoning module AvfMediaFactory (554)
[2019.04.11-13.25.17:388][ 20]LogModuleManager: Shutting down and abandoning module AvfMediaEditor (552)
[2019.04.11-13.25.17:388][ 20]LogModuleManager: Shutting down and abandoning module AndroidMediaFactory (550)
[2019.04.11-13.25.17:388][ 20]LogModuleManager: Shutting down and abandoning module AndroidMediaEditor (548)
[2019.04.11-13.25.17:388][ 20]LogModuleManager: Shutting down and abandoning module MagicLeapCameraPreviewFactory (546)
[2019.04.11-13.25.17:388][ 20]LogModuleManager: Shutting down and abandoning module MagicLeapMediaFactory (544)
[2019.04.11-13.25.17:388][ 20]LogModuleManager: Shutting down and abandoning module MagicLeapMediaEditor (542)
[2019.04.11-13.25.17:389][ 20]LogModuleManager: Shutting down and abandoning module CharacterAI (540)
[2019.04.11-13.25.17:389][ 20]LogModuleManager: Shutting down and abandoning module SmartSnapping (538)
[2019.04.11-13.25.17:389][ 20]LogModuleManager: Shutting down and abandoning module SessionServices (536)
[2019.04.11-13.25.17:389][ 20]LogModuleManager: Shutting down and abandoning module ViewportSnapping (534)
[2019.04.11-13.25.17:389][ 20]LogModuleManager: Shutting down and abandoning module ViewportInteraction (532)
[2019.04.11-13.25.17:389][ 20]LogModuleManager: Shutting down and abandoning module ClothPainter (530)
[2019.04.11-13.25.17:389][ 20]LogModuleManager: Shutting down and abandoning module SkeletalMeshEditor (529)
[2019.04.11-13.25.17:389][ 20]LogModuleManager: Shutting down and abandoning module LogVisualizer (526)
[2019.04.11-13.25.17:389][ 20]LogModuleManager: Shutting down and abandoning module IntroTutorials (524)
[2019.04.11-13.25.17:389][ 20]LogModuleManager: Shutting down and abandoning module GameProjectGeneration (523)
[2019.04.11-13.25.17:389][ 20]LogModuleManager: Shutting down and abandoning module LuminPlatformEditor (520)
[2019.04.11-13.25.17:389][ 20]LogModuleManager: Shutting down and abandoning module IOSPlatformEditor (518)
[2019.04.11-13.25.17:389][ 20]LogModuleManager: Shutting down and abandoning module HTML5PlatformEditor (516)
[2019.04.11-13.25.17:389][ 20]LogModuleManager: Shutting down and abandoning module AndroidPlatformEditor (514)
[2019.04.11-13.25.17:389][ 20]LogModuleManager: Shutting down and abandoning module AndroidDeviceDetection (513)
[2019.04.11-13.25.17:827][ 20]LogModuleManager: Shutting down and abandoning module WindowsPlatformEditor (510)
[2019.04.11-13.25.17:827][ 20]LogModuleManager: Shutting down and abandoning module LuminRuntimeSettings (508)
[2019.04.11-13.25.17:827][ 20]LogModuleManager: Shutting down and abandoning module IOSRuntimeSettings (506)
[2019.04.11-13.25.17:827][ 20]LogModuleManager: Shutting down and abandoning module AndroidRuntimeSettings (504)
[2019.04.11-13.25.17:827][ 20]LogModuleManager: Shutting down and abandoning module InputBindingEditor (502)
[2019.04.11-13.25.17:827][ 20]LogModuleManager: Shutting down and abandoning module MergeActors (500)
[2019.04.11-13.25.17:827][ 20]LogModuleManager: Shutting down and abandoning module LocalizationDashboard (498)
[2019.04.11-13.25.17:827][ 20]LogModuleManager: Shutting down and abandoning module LocalizationService (497)
[2019.04.11-13.25.17:827][ 20]LogModuleManager: Shutting down and abandoning module HardwareTargeting (494)
[2019.04.11-13.25.17:827][ 20]LogModuleManager: Shutting down and abandoning module DeviceProfileEditor (492)
[2019.04.11-13.25.17:827][ 20]LogModuleManager: Shutting down and abandoning module UndoHistory (490)
[2019.04.11-13.25.17:827][ 20]LogModuleManager: Shutting down and abandoning module XmlParser (488)
[2019.04.11-13.25.17:827][ 20]LogModuleManager: Shutting down and abandoning module Blutility (486)
[2019.04.11-13.25.17:827][ 20]LogModuleManager: Shutting down and abandoning module ProjectSettingsViewer (484)
[2019.04.11-13.25.17:827][ 20]LogModuleManager: Shutting down and abandoning module ProjectTargetPlatformEditor (483)
[2019.04.11-13.25.17:828][ 20]LogModuleManager: Shutting down and abandoning module EditorSettingsViewer (480)
[2019.04.11-13.25.17:828][ 20]LogModuleManager: Shutting down and abandoning module SettingsEditor (478)
[2019.04.11-13.25.17:828][ 20]LogModuleManager: Shutting down and abandoning module ProjectLauncher (476)
[2019.04.11-13.25.17:828][ 20]LogModuleManager: Shutting down and abandoning module SessionFrontend (474)
[2019.04.11-13.25.17:828][ 20]LogModuleManager: Shutting down and abandoning module ProfilerClient (472)
[2019.04.11-13.25.17:828][ 20]LogModuleManager: Shutting down and abandoning module DeviceManager (470)
[2019.04.11-13.25.17:828][ 20]LogModuleManager: Shutting down and abandoning module TargetDeviceServices (469)
[2019.04.11-13.25.17:878][ 20]LogModuleManager: Shutting down and abandoning module AutomationController (466)
[2019.04.11-13.25.17:878][ 20]LogModuleManager: Shutting down and abandoning module AutomationWindow (464)
[2019.04.11-13.25.17:878][ 20]LogModuleManager: Shutting down and abandoning module Layers (462)
[2019.04.11-13.25.17:878][ 20]LogModuleManager: Shutting down and abandoning module ComponentVisualizers (460)
[2019.04.11-13.25.17:878][ 20]LogModuleManager: Shutting down and abandoning module DetailCustomizations (458)
[2019.04.11-13.25.17:878][ 20]LogModuleManager: Shutting down and abandoning module PackagesDialog (456)
[2019.04.11-13.25.17:878][ 20]LogModuleManager: Shutting down and abandoning module Persona (454)
[2019.04.11-13.25.17:878][ 20]LogModuleManager: Shutting down and abandoning module AdvancedPreviewScene (453)
[2019.04.11-13.25.17:878][ 20]LogModuleManager: Shutting down and abandoning module AnimGraph (451)
[2019.04.11-13.25.17:878][ 20]LogModuleManager: Shutting down and abandoning module Kismet (448)
[2019.04.11-13.25.17:879][ 20]LogModuleManager: Shutting down and abandoning module GraphEditor (446)
[2019.04.11-13.25.17:879][ 20]LogModuleManager: Shutting down and abandoning module ClassViewer (444)
[2019.04.11-13.25.17:879][ 20]LogModuleManager: Shutting down and abandoning module Toolbox (442)
[2019.04.11-13.25.17:879][ 20]LogModuleManager: Shutting down and abandoning module DesktopPlatform (441)
[2019.04.11-13.25.17:879][ 20]LogModuleManager: Shutting down and abandoning module ModuleUI (438)
[2019.04.11-13.25.17:879][ 20]LogModuleManager: Shutting down and abandoning module MovieSceneTools (436)
[2019.04.11-13.25.17:879][ 20]LogModuleManager: Shutting down and abandoning module OutputLog (434)
[2019.04.11-13.25.17:879][ 20]LogModuleManager: Shutting down and abandoning module GammaUI (432)
[2019.04.11-13.25.17:879][ 20]LogModuleManager: Shutting down and abandoning module Documentation (430)
[2019.04.11-13.25.17:879][ 20]LogModuleManager: Shutting down and abandoning module MovieSceneTracks (428)
[2019.04.11-13.25.17:879][ 20]LogModuleManager: Shutting down and abandoning module MovieScene (426)
[2019.04.11-13.25.17:879][ 20]LogModuleManager: Shutting down and abandoning module StreamingPauseRendering (424)
[2019.04.11-13.25.17:879][ 20]LogModuleManager: Shutting down and abandoning module LauncherPlatform (422)
[2019.04.11-13.25.17:879][ 20]LogModuleManager: Shutting down and abandoning module AnalyticsET (420)
[2019.04.11-13.25.17:879][ 20]LogModuleManager: Shutting down and abandoning module PortalServices (418)
[2019.04.11-13.25.17:879][ 20]LogModuleManager: Shutting down and abandoning module PortalRpc (416)
[2019.04.11-13.25.17:879][ 20]LogModuleManager: Shutting down and abandoning module MessagingRpc (414)
[2019.04.11-13.25.17:879][ 20]LogModuleManager: Shutting down and abandoning module AIModule (412)
[2019.04.11-13.25.17:879][ 20]LogModuleManager: Shutting down and abandoning module GameplayDebugger (411)
[2019.04.11-13.25.17:879][ 20]LogModuleManager: Shutting down and abandoning module AITestSuite (409)
[2019.04.11-13.25.17:879][ 20]LogModuleManager: Shutting down and abandoning module NavigationSystem (407)
[2019.04.11-13.25.17:879][ 20]LogModuleManager: Shutting down and abandoning module ProfilerService (404)
[2019.04.11-13.25.17:895][ 20]LogModuleManager: Shutting down and abandoning module TaskGraph (402)
[2019.04.11-13.25.17:895][ 20]LogModuleManager: Shutting down and abandoning module SteamVRController (400)
[2019.04.11-13.25.17:895][ 20]LogModuleManager: Shutting down and abandoning module ProceduralMeshComponentEditor (398)
[2019.04.11-13.25.17:895][ 20]LogModuleManager: Shutting down and abandoning module ProceduralMeshComponent (396)
[2019.04.11-13.25.17:895][ 20]LogModuleManager: Shutting down and abandoning module OculusInput (394)
[2019.04.11-13.25.17:895][ 20]LogModuleManager: Shutting down and abandoning module MobilePatchingUtils (392)
[2019.04.11-13.25.17:895][ 20]LogModuleManager: Shutting down and abandoning module EditableMesh (390)
[2019.04.11-13.25.17:895][ 20]LogModuleManager: Shutting down and abandoning module CustomMeshComponent (388)
[2019.04.11-13.25.17:895][ 20]LogModuleManager: Shutting down and abandoning module CableComponent (386)
[2019.04.11-13.25.17:895][ 20]LogModuleManager: Shutting down and abandoning module AudioCapture (384)
[2019.04.11-13.25.17:895][ 20]LogModuleManager: Shutting down and abandoning module ArchVisCharacter (382)
[2019.04.11-13.25.17:895][ 20]LogModuleManager: Shutting down and abandoning module AndroidPermission (380)
[2019.04.11-13.25.17:895][ 20]LogModuleManager: Shutting down and abandoning module NUTUnrealEngine4 (378)
[2019.04.11-13.25.17:895][ 20]LogModuleManager: Shutting down and abandoning module NetcodeUnitTest (376)
[2019.04.11-13.25.17:895][ 20]LogModuleManager: Shutting down and abandoning module MediaCompositingEditor (374)
[2019.04.11-13.25.17:895][ 20]LogModuleManager: Shutting down and abandoning module MediaCompositing (372)
[2019.04.11-13.25.17:895][ 20]LogModuleManager: Shutting down and abandoning module LinearTimecode (370)
[2019.04.11-13.25.17:895][ 20]LogModuleManager: Shutting down and abandoning module ImgMedia (368)
[2019.04.11-13.25.17:898][ 20]LogModuleManager: Shutting down and abandoning module HTML5Networking (366)
[2019.04.11-13.25.17:898][ 20]LogModuleManager: Shutting down and abandoning module GeometryCacheTracks (364)
[2019.04.11-13.25.17:898][ 20]LogModuleManager: Shutting down and abandoning module GeometryCacheSequencer (362)
[2019.04.11-13.25.17:898][ 20]LogModuleManager: Shutting down and abandoning module BackChannel (360)
[2019.04.11-13.25.17:898][ 20]LogModuleManager: Shutting down and abandoning module AppleVision (358)
[2019.04.11-13.25.17:898][ 20]LogModuleManager: Shutting down and abandoning module AppleImageUtils (356)
[2019.04.11-13.25.17:898][ 20]LogModuleManager: Shutting down and abandoning module AlembicImporter (354)
[2019.04.11-13.25.17:898][ 20]LogModuleManager: Shutting down and abandoning module AlembicLibrary (353)
[2019.04.11-13.25.17:898][ 20]LogModuleManager: Shutting down and abandoning module GeometryCache (352)
[2019.04.11-13.25.17:898][ 20]LogModuleManager: Shutting down and abandoning module GeometryCacheEd (351)
[2019.04.11-13.25.17:898][ 20]LogModuleManager: Shutting down and abandoning module DatasmithContentEditor (346)
[2019.04.11-13.25.17:898][ 20]LogModuleManager: Shutting down and abandoning module DatasmithContent (344)
[2019.04.11-13.25.17:899][ 20]LogModuleManager: Shutting down and abandoning module SpeedTreeImporter (342)
[2019.04.11-13.25.17:899][ 20]LogModuleManager: Shutting down and abandoning module PluginBrowser (340)
[2019.04.11-13.25.17:899][ 20]LogModuleManager: Shutting down and abandoning module MobileLauncherProfileWizard (338)
[2019.04.11-13.25.17:899][ 20]LogModuleManager: Shutting down and abandoning module PolygonModeling (336)
[2019.04.11-13.25.17:899][ 20]LogModuleManager: Shutting down and abandoning module MeshEditor (334)
[2019.04.11-13.25.17:899][ 20]LogModuleManager: Shutting down and abandoning module CryptoKeysOpenSSL (332)
[2019.04.11-13.25.17:899][ 20]LogModuleManager: Shutting down and abandoning module CryptoKeys (330)
[2019.04.11-13.25.17:899][ 20]LogModuleManager: Shutting down and abandoning module VisualStudioSourceCodeAccess (328)
[2019.04.11-13.25.17:899][ 20]LogModuleManager: Shutting down and abandoning module VisualStudioCodeSourceCodeAccess (326)
[2019.04.11-13.25.17:899][ 20]LogModuleManager: Shutting down and abandoning module UObjectPlugin (324)
[2019.04.11-13.25.17:899][ 20]LogModuleManager: Shutting down and abandoning module SubversionSourceControl (322)
[2019.04.11-13.25.17:899][ 20]LogModuleManager: Shutting down and abandoning module PerforceSourceControl (320)
[2019.04.11-13.25.17:899][ 20]LogModuleManager: Shutting down and abandoning module GitSourceControl (318)
[2019.04.11-13.25.17:899][ 20]LogModuleManager: Shutting down and abandoning module SourceControl (317)
[2019.04.11-13.25.17:899][ 20]LogModuleManager: Shutting down and abandoning module CLionSourceCodeAccess (314)
[2019.04.11-13.25.17:899][ 20]LogModuleManager: Shutting down and abandoning module LightPropagationVolumeEditor (312)
[2019.04.11-13.25.17:899][ 20]LogModuleManager: Shutting down and abandoning module PaperTiledImporter (310)
[2019.04.11-13.25.17:899][ 20]LogModuleManager: Shutting down and abandoning module PaperSpriteSheetImporter (308)
[2019.04.11-13.25.17:899][ 20]LogModuleManager: Shutting down and abandoning module Paper2DEditor (306)
[2019.04.11-13.25.17:899][ 20]LogModuleManager: Shutting down and abandoning module MeshPaint (305)
[2019.04.11-13.25.17:899][ 20]LogModuleManager: Shutting down and abandoning module TheGame (302)
[2019.04.11-13.25.17:899][ 20]LogModuleManager: Shutting down and abandoning module MeshBuilder (301)
[2019.04.11-13.25.17:899][ 20]LogModuleManager: Shutting down and abandoning module RuntimePhysXCooking (298)
[2019.04.11-13.25.17:899][ 20]LogModuleManager: Shutting down and abandoning module PhysXVehiclesEditor (296)
[2019.04.11-13.25.17:899][ 20]LogModuleManager: Shutting down and abandoning module PhysXVehicles (294)
[2019.04.11-13.25.17:899][ 20]LogModuleManager: Shutting down and abandoning module OculusEditor (292)
[2019.04.11-13.25.17:899][ 20]LogModuleManager: Shutting down and abandoning module LocationServicesBPLibrary (290)
[2019.04.11-13.25.17:899][ 20]LogModuleManager: Shutting down and abandoning module ImmediatePhysicsEditor (288)
[2019.04.11-13.25.17:899][ 20]LogModuleManager: Shutting down and abandoning module ImmediatePhysics (286)
[2019.04.11-13.25.17:899][ 20]LogModuleManager: Shutting down and abandoning module ActorSequence (284)
[2019.04.11-13.25.17:899][ 20]LogModuleManager: Shutting down and abandoning module UdpMessaging (282)
[2019.04.11-13.25.17:999][ 20]LogModuleManager: Shutting down and abandoning module TcpMessaging (280)
[2019.04.11-13.25.18:099][ 20]LogModuleManager: Shutting down and abandoning module MagicLeapAudio (278)
[2019.04.11-13.25.18:099][ 20]LogModuleManager: Shutting down and abandoning module GameplayTagsEditor (276)
[2019.04.11-13.25.18:099][ 20]LogModuleManager: Shutting down and abandoning module FacialAnimationEditor (274)
[2019.04.11-13.25.18:099][ 20]LogModuleManager: Shutting down and abandoning module FacialAnimation (272)
[2019.04.11-13.25.18:099][ 20]LogModuleManager: Shutting down and abandoning module DataValidation (270)
[2019.04.11-13.25.18:099][ 20]LogModuleManager: Shutting down and abandoning module AssetManagerEditor (268)
[2019.04.11-13.25.18:099][ 20]LogModuleManager: Shutting down and abandoning module LevelEditor (267)
[2019.04.11-13.25.18:099][ 20]LogModuleManager: Shutting down and abandoning module PixelInspectorModule (266)
[2019.04.11-13.25.18:100][ 20]LogModuleManager: Shutting down and abandoning module CommonMenuExtensions (264)
[2019.04.11-13.25.18:100][ 20]LogModuleManager: Shutting down and abandoning module MainFrame (262)
[2019.04.11-13.25.18:100][ 20]LogModuleManager: Shutting down and abandoning module HotReload (261)
[2019.04.11-13.25.18:100][ 20]LogModuleManager: Shutting down and abandoning module ContentBrowser (257)
[2019.04.11-13.25.18:101][ 20]LogModuleManager: Shutting down and abandoning module TreeMap (255)
[2019.04.11-13.25.18:101][ 20]LogModuleManager: Shutting down and abandoning module LightPropagationVolumeRuntime (252)
[2019.04.11-13.25.18:101][ 20]LogModuleManager: Shutting down and abandoning module AISupportModule (250)
[2019.04.11-13.25.18:101][ 20]LogModuleManager: Shutting down and abandoning module Paper2D (248)
[2019.04.11-13.25.18:101][ 20]LogModuleManager: Shutting down and abandoning module WindowsMoviePlayer (246)
[2019.04.11-13.25.18:101][ 20]LogModuleManager: Shutting down and abandoning module WmfMedia (244)
[2019.04.11-13.25.18:102][ 20]LogModuleManager: Shutting down and abandoning module Media (243)
[2019.04.11-13.25.18:107][ 20]LogModuleManager: Shutting down and abandoning module PacketHandler (240)
[2019.04.11-13.25.18:107][ 20]LogModuleManager: Shutting down and abandoning module ClothingSystemEditor (238)
[2019.04.11-13.25.18:107][ 20]LogModuleManager: Shutting down and abandoning module ClothingSystemRuntime (236)
[2019.04.11-13.25.18:107][ 20]LogModuleManager: Shutting down and abandoning module MediaAssets (234)
[2019.04.11-13.25.18:107][ 20]LogModuleManager: Shutting down and abandoning module Overlay (232)
[2019.04.11-13.25.18:107][ 20]LogModuleManager: Shutting down and abandoning module OverlayEditor (231)
[2019.04.11-13.25.18:107][ 20]LogModuleManager: Shutting down and abandoning module VREditor (228)
[2019.04.11-13.25.18:107][ 20]LogModuleManager: Shutting down and abandoning module StringTableEditor (226)
[2019.04.11-13.25.18:107][ 20]LogModuleManager: Shutting down and abandoning module GameplayTasksEditor (224)
[2019.04.11-13.25.18:107][ 20]LogModuleManager: Shutting down and abandoning module BehaviorTreeEditor (222)
[2019.04.11-13.25.18:107][ 20]LogModuleManager: Shutting down and abandoning module FunctionalTesting (220)
[2019.04.11-13.25.18:107][ 20]LogModuleManager: Shutting down and abandoning module CollisionAnalyzer (218)
[2019.04.11-13.25.18:107][ 20]LogModuleManager: Shutting down and abandoning module WorkspaceMenuStructure (217)
[2019.04.11-13.25.18:107][ 20]LogModuleManager: Shutting down and abandoning module UMG (214)
[2019.04.11-13.25.18:107][ 20]LogModuleManager: Shutting down and abandoning module UMGEditor (213)
[2019.04.11-13.25.18:107][ 20]LogModuleManager: Shutting down and abandoning module Sequencer (212)
[2019.04.11-13.25.18:107][ 20]LogModuleManager: Shutting down and abandoning module MessageLog (209)
[2019.04.11-13.25.18:107][ 20]LogModuleManager: Shutting down and abandoning module SlateReflector (204)
[2019.04.11-13.25.18:108][ 20]LogModuleManager: Shutting down and abandoning module Slate (202)
[2019.04.11-13.25.18:108][ 20]LogModuleManager: Shutting down and abandoning module EditorStyle (200)
[2019.04.11-13.25.18:109][ 20]LogModuleManager: Shutting down and abandoning module MRMesh (198)
[2019.04.11-13.25.18:109][ 20]LogModuleManager: Shutting down and abandoning module SourceCodeAccess (196)
[2019.04.11-13.25.18:109][ 20]LogModuleManager: Shutting down and abandoning module HeadMountedDisplay (194)
[2019.04.11-13.25.18:109][ 20]LogModuleManager: Shutting down and abandoning module XAudio2 (192)
[2019.04.11-13.25.18:109][ 20]LogModuleManager: Shutting down and abandoning module Networking (190)
[2019.04.11-13.25.18:109][ 20]LogModuleManager: Shutting down and abandoning module Core (188)
[2019.04.11-13.25.18:109][ 20]LogModuleManager: Shutting down and abandoning module LevelSequence (186)
[2019.04.11-13.25.18:109][ 20]LogModuleManager: Shutting down and abandoning module KismetCompiler (184)
[2019.04.11-13.25.18:109][ 20]LogModuleManager: Shutting down and abandoning module MeshUtilities (182)
[2019.04.11-13.25.18:110][ 20]LogModuleManager: Shutting down and abandoning module MeshMergeUtilities (181)
[2019.04.11-13.25.18:110][ 20]LogModuleManager: Shutting down and abandoning module MeshReductionInterface (180)
[2019.04.11-13.25.18:110][ 20]LogModuleManager: Shutting down and abandoning module SimplygonSwarm (179)
[2019.04.11-13.25.18:110][ 20]LogModuleManager: Shutting down and abandoning module ProxyLODMeshReduction (177)
[2019.04.11-13.25.18:110][ 20]LogModuleManager: Shutting down and abandoning module SimplygonMeshReduction (175)
[2019.04.11-13.25.18:110][ 20]LogModuleManager: Shutting down and abandoning module QuadricMeshReduction (173)
[2019.04.11-13.25.18:110][ 20]LogModuleManager: Shutting down and abandoning module MaterialBaking (169)
[2019.04.11-13.25.18:110][ 20]LogModuleManager: Shutting down and abandoning module DirectoryWatcher (165)
[2019.04.11-13.25.18:110][ 20]LogModuleManager: Shutting down and abandoning module DerivedDataCache (162)
[2019.04.11-13.25.18:145][ 20]LogDerivedDataCache: Shutdown
[2019.04.11-13.25.18:145][ 20]LogModuleManager: Shutting down and abandoning module XGEController (160)
[2019.04.11-13.25.18:145][ 20]LogXGEController: Cleaning working directory: C:/Users/1603188/AppData/Local/Temp/UnrealXGEWorkingDir/
[2019.04.11-13.25.18:145][ 20]LogModuleManager: Shutting down and abandoning module TargetPlatform (158)
[2019.04.11-13.25.18:145][ 20]LogModuleManager: Shutting down and abandoning module VulkanShaderFormat (157)
[2019.04.11-13.25.18:145][ 20]LogModuleManager: Shutting down and abandoning module ShaderFormatVectorVM (155)
[2019.04.11-13.25.18:145][ 20]LogModuleManager: Shutting down and abandoning module ShaderFormatOpenGL (153)
[2019.04.11-13.25.18:145][ 20]LogModuleManager: Shutting down and abandoning module ShaderFormatD3D (151)
[2019.04.11-13.25.18:145][ 20]LogModuleManager: Shutting down and abandoning module MetalShaderFormat (149)
[2019.04.11-13.25.18:145][ 20]LogModuleManager: Shutting down and abandoning module TextureFormatUncompressed (147)
[2019.04.11-13.25.18:145][ 20]LogModuleManager: Shutting down and abandoning module TextureFormatPVR (145)
[2019.04.11-13.25.18:145][ 20]LogModuleManager: Shutting down and abandoning module TextureFormatDXT (143)
[2019.04.11-13.25.18:145][ 20]LogModuleManager: Shutting down and abandoning module TextureFormatIntelISPCTexComp (141)
[2019.04.11-13.25.18:145][ 20]LogModuleManager: Shutting down and abandoning module TextureFormatASTC (139)
[2019.04.11-13.25.18:146][ 20]LogModuleManager: Shutting down and abandoning module ImageWrapper (138)
[2019.04.11-13.25.18:146][ 20]LogModuleManager: Shutting down and abandoning module TextureFormatAndroid (135)
[2019.04.11-13.25.18:146][ 20]LogModuleManager: Shutting down and abandoning module AudioFormatOpus (133)
[2019.04.11-13.25.18:146][ 20]LogModuleManager: Shutting down and abandoning module AudioFormatOgg (131)
[2019.04.11-13.25.18:146][ 20]LogModuleManager: Shutting down and abandoning module AudioFormatADPCM (129)
[2019.04.11-13.25.18:146][ 20]LogModuleManager: Shutting down and abandoning module LuminTargetPlatform (127)
[2019.04.11-13.25.18:146][ 20]LogModuleManager: Shutting down and abandoning module LinuxTargetPlatform (125)
[2019.04.11-13.25.18:146][ 20]LogModuleManager: Shutting down and abandoning module LinuxServerTargetPlatform (123)
[2019.04.11-13.25.18:146][ 20]LogModuleManager: Shutting down and abandoning module LinuxNoEditorTargetPlatform (121)
[2019.04.11-13.25.18:146][ 20]LogModuleManager: Shutting down and abandoning module LinuxClientTargetPlatform (119)
[2019.04.11-13.25.18:146][ 20]LogModuleManager: Shutting down and abandoning module TVOSTargetPlatform (117)
[2019.04.11-13.25.18:146][ 20]LogModuleManager: Shutting down and abandoning module Messaging (115)
[2019.04.11-13.25.18:146][ 20]LogModuleManager: Shutting down and abandoning module IOSTargetPlatform (113)
[2019.04.11-13.25.18:147][ 20]LogModuleManager: Shutting down and abandoning module HTML5TargetPlatform (111)
[2019.04.11-13.25.18:147][ 20]LogModuleManager: Shutting down and abandoning module AndroidTargetPlatform (109)
[2019.04.11-13.25.18:153][ 20]LogModuleManager: Shutting down and abandoning module WindowsTargetPlatform (107)
[2019.04.11-13.25.18:153][ 20]LogModuleManager: Shutting down and abandoning module WindowsServerTargetPlatform (105)
[2019.04.11-13.25.18:153][ 20]LogModuleManager: Shutting down and abandoning module WindowsNoEditorTargetPlatform (103)
[2019.04.11-13.25.18:153][ 20]LogModuleManager: Shutting down and abandoning module WindowsClientTargetPlatform (101)
[2019.04.11-13.25.18:153][ 20]LogModuleManager: Shutting down and abandoning module MacTargetPlatform (99)
[2019.04.11-13.25.18:153][ 20]LogModuleManager: Shutting down and abandoning module MacServerTargetPlatform (97)
[2019.04.11-13.25.18:153][ 20]LogModuleManager: Shutting down and abandoning module MacNoEditorTargetPlatform (95)
[2019.04.11-13.25.18:153][ 20]LogModuleManager: Shutting down and abandoning module MacClientTargetPlatform (93)
[2019.04.11-13.25.18:153][ 20]LogModuleManager: Shutting down and abandoning module AllDesktopTargetPlatform (91)
[2019.04.11-13.25.18:153][ 20]LogModuleManager: Shutting down and abandoning module InputCore (88)
[2019.04.11-13.25.18:153][ 20]LogModuleManager: Shutting down and abandoning module Settings (86)
[2019.04.11-13.25.18:153][ 20]LogModuleManager: Shutting down and abandoning module PhysXCooking (84)
[2019.04.11-13.25.18:153][ 20]LogModuleManager: Shutting down and abandoning module SteamVR (82)
[2019.04.11-13.25.18:153][ 20]LogModuleManager: Shutting down and abandoning module OculusHMD (80)
[2019.04.11-13.25.18:153][ 20]LogModuleManager: Shutting down and abandoning module ExampleDeviceProfileSelector (78)
[2019.04.11-13.25.18:153][ 20]LogModuleManager: Shutting down and abandoning module LauncherChunkInstaller (76)
[2019.04.11-13.25.18:153][ 20]LogModuleManager: Shutting down and abandoning module OnlineBlueprintSupport (74)
[2019.04.11-13.25.18:153][ 20]LogModuleManager: Shutting down and abandoning module OnlineSubsystem (70)
[2019.04.11-13.25.18:154][ 20]LogModuleManager: Shutting down and abandoning module XMPP (65)
[2019.04.11-13.25.18:154][ 20]LogModuleManager: Shutting down and abandoning module WebSockets (64)
[2019.04.11-13.25.18:174][ 20]LogModuleManager: Shutting down and abandoning module HTTP (61)
[2019.04.11-13.25.18:174][ 20]LogHttp: Display: Http module shutting down, but needs to wait on 1 outstanding Http requests:
[2019.04.11-13.25.18:174][ 20]LogHttp: Display: 	verb=[POST] url=[https://datarouter.ol.epicgames.com/datarouter/api/v1/public/data?SessionID=%7B0A98ED87-484E-F553-1E33-3285999286BB%7D&AppID=UEEditor.Rocket.Release&AppVersion=4.20.3-4369336%2B%2B%2BUE4%2BRelease-4.20&UserID=2b764804412a145fa1b1e987f01d4262%7C%7Cd8868b51-c276-4292-b0ac-a72ed7f33cfc&AppEnvironment=datacollector-binary&UploadType=eteventstream] status=Processing
[2019.04.11-13.25.18:186][ 20]LogModuleManager: Shutting down and abandoning module SSL (60)
[2019.04.11-13.25.18:187][ 20]LogModuleManager: Shutting down and abandoning module MagicLeapEmulator (56)
[2019.04.11-13.25.18:187][ 20]LogModuleManager: Shutting down and abandoning module MagicLeapPrivileges (54)
[2019.04.11-13.25.18:187][ 20]LogModuleManager: Shutting down and abandoning module MagicLeapIdentity (52)
[2019.04.11-13.25.18:187][ 20]LogModuleManager: Shutting down and abandoning module MagicLeapHelperVulkan (50)
[2019.04.11-13.25.18:187][ 20]LogModuleManager: Shutting down and abandoning module MagicLeapHelperOpenGL (48)
[2019.04.11-13.25.18:187][ 20]LogModuleManager: Shutting down and abandoning module MagicLeapSecureStorage (46)
[2019.04.11-13.25.18:187][ 20]LogModuleManager: Shutting down and abandoning module MagicLeapGestures (44)
[2019.04.11-13.25.18:187][ 20]LogModuleManager: Shutting down and abandoning module MagicLeapEyeTracker (42)
[2019.04.11-13.25.18:188][ 20]LogModuleManager: Shutting down and abandoning module MagicLeapController (40)
[2019.04.11-13.25.18:188][ 20]LogSlate: Slate User Destroyed.  User Index 0, Is Virtual User: 0
[2019.04.11-13.25.18:188][ 20]LogModuleManager: Shutting down and abandoning module MagicLeap (38)
[2019.04.11-13.25.18:188][ 20]LogModuleManager: Shutting down and abandoning module AnimationModifiers (36)
[2019.04.11-13.25.18:188][ 20]LogModuleManager: Shutting down and abandoning module PropertyEditor (35)
[2019.04.11-13.25.18:188][ 20]LogModuleManager: Shutting down and abandoning module AudioEditor (32)
[2019.04.11-13.25.18:188][ 20]LogModuleManager: Shutting down and abandoning module TextureCompressor (30)
[2019.04.11-13.25.18:188][ 20]LogModuleManager: Shutting down and abandoning module ShaderCore (28)
[2019.04.11-13.25.18:188][ 20]LogModuleManager: Shutting down and abandoning module Landscape (26)
[2019.04.11-13.25.18:188][ 20]LogModuleManager: Shutting down and abandoning module SlateRHIRenderer (24)
[2019.04.11-13.25.18:188][ 20]LogModuleManager: Shutting down and abandoning module OpenGLDrv (22)
[2019.04.11-13.25.18:188][ 20]LogModuleManager: Shutting down and abandoning module D3D11RHI (20)
[2019.04.11-13.25.18:188][ 20]LogModuleManager: Shutting down and abandoning module AnimGraphRuntime (18)
[2019.04.11-13.25.18:188][ 20]LogModuleManager: Shutting down and abandoning module Renderer (16)
[2019.04.11-13.25.18:188][ 20]LogModuleManager: Shutting down and abandoning module Engine (14)
[2019.04.11-13.25.18:188][ 20]LogModuleManager: Shutting down and abandoning module CoreUObject (12)
[2019.04.11-13.25.18:188][ 20]LogModuleManager: Shutting down and abandoning module NetworkFile (10)
[2019.04.11-13.25.18:188][ 20]LogModuleManager: Shutting down and abandoning module CookedIterativeFile (8)
[2019.04.11-13.25.18:188][ 20]LogModuleManager: Shutting down and abandoning module StreamingFile (6)
[2019.04.11-13.25.18:188][ 20]LogModuleManager: Shutting down and abandoning module SandboxFile (4)
[2019.04.11-13.25.18:188][ 20]LogModuleManager: Shutting down and abandoning module PakFile (2)
[2019.04.11-13.25.18:193][ 20]LogExit: Exiting.
[2019.04.11-13.25.18:196][ 20]Log file closed, 04/11/19 14:25:18
